  Determining projects to restore...
  All projects are up-to-date for restore.
  TalesOfTribute -> /home/maras/Desktop/TalesOfTribute/Engine/bin/Debug/netstandard2.1/TalesOfTribute.dll
/home/maras/Desktop/TalesOfTribute/SimpleBots/src/SemiRandomBot.cs(463,71): error CS1001: Identifier expected [/home/maras/Desktop/TalesOfTribute/SimpleBots/SimpleBots.csproj::TargetFramework=net7.0]
/home/maras/Desktop/TalesOfTribute/SimpleBots/src/SemiRandomBot.cs(463,71): error CS1003: Syntax error, ',' expected [/home/maras/Desktop/TalesOfTribute/SimpleBots/SimpleBots.csproj::TargetFramework=net7.0]
/home/maras/Desktop/TalesOfTribute/SimpleBots/src/SemiRandomBot.cs(463,115): error CS8124: Tuple must contain at least two elements. [/home/maras/Desktop/TalesOfTribute/SimpleBots/SimpleBots.csproj::TargetFramework=net7.0]
/home/maras/Desktop/TalesOfTribute/SimpleBots/src/SemiRandomBot.cs(463,115): error CS1026: ) expected [/home/maras/Desktop/TalesOfTribute/SimpleBots/SimpleBots.csproj::TargetFramework=net7.0]
/home/maras/Desktop/TalesOfTribute/SimpleBots/src/SemiRandomBot.cs(463,115): error CS1001: Identifier expected [/home/maras/Desktop/TalesOfTribute/SimpleBots/SimpleBots.csproj::TargetFramework=net7.0]
/home/maras/Desktop/TalesOfTribute/SimpleBots/src/SemiRandomBot.cs(463,115): error CS1003: Syntax error, ',' expected [/home/maras/Desktop/TalesOfTribute/SimpleBots/SimpleBots.csproj::TargetFramework=net7.0]
/home/maras/Desktop/TalesOfTribute/SimpleBots/src/SemiRandomBot.cs(463,122): error CS8124: Tuple must contain at least two elements. [/home/maras/Desktop/TalesOfTribute/SimpleBots/SimpleBots.csproj::TargetFramework=net7.0]
/home/maras/Desktop/TalesOfTribute/SimpleBots/src/SemiRandomBot.cs(463,122): error CS1026: ) expected [/home/maras/Desktop/TalesOfTribute/SimpleBots/SimpleBots.csproj::TargetFramework=net7.0]
/home/maras/Desktop/TalesOfTribute/SimpleBots/src/SemiRandomBot.cs(463,122): error CS1001: Identifier expected [/home/maras/Desktop/TalesOfTribute/SimpleBots/SimpleBots.csproj::TargetFramework=net7.0]
/home/maras/Desktop/TalesOfTribute/SimpleBots/src/SemiRandomBot.cs(463,122): error CS1003: Syntax error, ',' expected [/home/maras/Desktop/TalesOfTribute/SimpleBots/SimpleBots.csproj::TargetFramework=net7.0]
/home/maras/Desktop/TalesOfTribute/SimpleBots/src/SemiRandomBot.cs(463,125): error CS1003: Syntax error, ',' expected [/home/maras/Desktop/TalesOfTribute/SimpleBots/SimpleBots.csproj::TargetFramework=net7.0]
/home/maras/Desktop/TalesOfTribute/SimpleBots/src/SemiRandomBot.cs(463,147): error CS1001: Identifier expected [/home/maras/Desktop/TalesOfTribute/SimpleBots/SimpleBots.csproj::TargetFramework=net7.0]
/home/maras/Desktop/TalesOfTribute/SimpleBots/src/SemiRandomBot.cs(463,148): error CS1002: ; expected [/home/maras/Desktop/TalesOfTribute/SimpleBots/SimpleBots.csproj::TargetFramework=net7.0]
/home/maras/Desktop/TalesOfTribute/SimpleBots/src/SemiRandomBot.cs(463,148): error CS1519: Invalid token ')' in class, record, struct, or interface member declaration [/home/maras/Desktop/TalesOfTribute/SimpleBots/SimpleBots.csproj::TargetFramework=net7.0]
/home/maras/Desktop/TalesOfTribute/SimpleBots/src/SemiRandomBot.cs(463,158): error CS1002: ; expected [/home/maras/Desktop/TalesOfTribute/SimpleBots/SimpleBots.csproj::TargetFramework=net7.0]
/home/maras/Desktop/TalesOfTribute/SimpleBots/src/SemiRandomBot.cs(463,158): error CS1519: Invalid token ')' in class, record, struct, or interface member declaration [/home/maras/Desktop/TalesOfTribute/SimpleBots/SimpleBots.csproj::TargetFramework=net7.0]
/home/maras/Desktop/TalesOfTribute/SimpleBots/src/SemiRandomBot.cs(467,9): error CS1519: Invalid token 'if' in class, record, struct, or interface member declaration [/home/maras/Desktop/TalesOfTribute/SimpleBots/SimpleBots.csproj::TargetFramework=net7.0]
/home/maras/Desktop/TalesOfTribute/SimpleBots/src/SemiRandomBot.cs(467,33): error CS8124: Tuple must contain at least two elements. [/home/maras/Desktop/TalesOfTribute/SimpleBots/SimpleBots.csproj::TargetFramework=net7.0]
/home/maras/Desktop/TalesOfTribute/SimpleBots/src/SemiRandomBot.cs(467,33): error CS1026: ) expected [/home/maras/Desktop/TalesOfTribute/SimpleBots/SimpleBots.csproj::TargetFramework=net7.0]
/home/maras/Desktop/TalesOfTribute/SimpleBots/src/SemiRandomBot.cs(467,33): error CS1519: Invalid token '>' in class, record, struct, or interface member declaration [/home/maras/Desktop/TalesOfTribute/SimpleBots/SimpleBots.csproj::TargetFramework=net7.0]
/home/maras/Desktop/TalesOfTribute/SimpleBots/src/SemiRandomBot.cs(468,37): error CS8124: Tuple must contain at least two elements. [/home/maras/Desktop/TalesOfTribute/SimpleBots/SimpleBots.csproj::TargetFramework=net7.0]
/home/maras/Desktop/TalesOfTribute/SimpleBots/src/SemiRandomBot.cs(468,37): error CS1026: ) expected [/home/maras/Desktop/TalesOfTribute/SimpleBots/SimpleBots.csproj::TargetFramework=net7.0]
/home/maras/Desktop/TalesOfTribute/SimpleBots/src/SemiRandomBot.cs(468,37): error CS1519: Invalid token 'in' in class, record, struct, or interface member declaration [/home/maras/Desktop/TalesOfTribute/SimpleBots/SimpleBots.csproj::TargetFramework=net7.0]
/home/maras/Desktop/TalesOfTribute/SimpleBots/src/SemiRandomBot.cs(468,74): error CS1519: Invalid token ')' in class, record, struct, or interface member declaration [/home/maras/Desktop/TalesOfTribute/SimpleBots/SimpleBots.csproj::TargetFramework=net7.0]
/home/maras/Desktop/TalesOfTribute/SimpleBots/src/SemiRandomBot.cs(469,30): error CS1519: Invalid token '(' in class, record, struct, or interface member declaration [/home/maras/Desktop/TalesOfTribute/SimpleBots/SimpleBots.csproj::TargetFramework=net7.0]
/home/maras/Desktop/TalesOfTribute/SimpleBots/src/SemiRandomBot.cs(469,40): error CS8124: Tuple must contain at least two elements. [/home/maras/Desktop/TalesOfTribute/SimpleBots/SimpleBots.csproj::TargetFramework=net7.0]
/home/maras/Desktop/TalesOfTribute/SimpleBots/src/SemiRandomBot.cs(469,41): error CS1519: Invalid token ';' in class, record, struct, or interface member declaration [/home/maras/Desktop/TalesOfTribute/SimpleBots/SimpleBots.csproj::TargetFramework=net7.0]
/home/maras/Desktop/TalesOfTribute/SimpleBots/src/SemiRandomBot.cs(471,20): error CS0116: A namespace cannot directly contain members such as fields, methods or statements [/home/maras/Desktop/TalesOfTribute/SimpleBots/SimpleBots.csproj::TargetFramework=net7.0]
/home/maras/Desktop/TalesOfTribute/SimpleBots/src/SemiRandomBot.cs(471,53): error CS8124: Tuple must contain at least two elements. [/home/maras/Desktop/TalesOfTribute/SimpleBots/SimpleBots.csproj::TargetFramework=net7.0]
/home/maras/Desktop/TalesOfTribute/SimpleBots/src/SemiRandomBot.cs(471,54): error CS1022: Type or namespace definition, or end-of-file expected [/home/maras/Desktop/TalesOfTribute/SimpleBots/SimpleBots.csproj::TargetFramework=net7.0]
/home/maras/Desktop/TalesOfTribute/SimpleBots/src/SemiRandomBot.cs(472,13): error CS0116: A namespace cannot directly contain members such as fields, methods or statements [/home/maras/Desktop/TalesOfTribute/SimpleBots/SimpleBots.csproj::TargetFramework=net7.0]
/home/maras/Desktop/TalesOfTribute/SimpleBots/src/SemiRandomBot.cs(472,24): error CS1022: Type or namespace definition, or end-of-file expected [/home/maras/Desktop/TalesOfTribute/SimpleBots/SimpleBots.csproj::TargetFramework=net7.0]
/home/maras/Desktop/TalesOfTribute/SimpleBots/src/SemiRandomBot.cs(473,18): error CS0116: A namespace cannot directly contain members such as fields, methods or statements [/home/maras/Desktop/TalesOfTribute/SimpleBots/SimpleBots.csproj::TargetFramework=net7.0]
/home/maras/Desktop/TalesOfTribute/SimpleBots/src/SemiRandomBot.cs(473,32): error CS1031: Type expected [/home/maras/Desktop/TalesOfTribute/SimpleBots/SimpleBots.csproj::TargetFramework=net7.0]
/home/maras/Desktop/TalesOfTribute/SimpleBots/src/SemiRandomBot.cs(473,32): error CS8124: Tuple must contain at least two elements. [/home/maras/Desktop/TalesOfTribute/SimpleBots/SimpleBots.csproj::TargetFramework=net7.0]
/home/maras/Desktop/TalesOfTribute/SimpleBots/src/SemiRandomBot.cs(473,32): error CS1026: ) expected [/home/maras/Desktop/TalesOfTribute/SimpleBots/SimpleBots.csproj::TargetFramework=net7.0]
/home/maras/Desktop/TalesOfTribute/SimpleBots/src/SemiRandomBot.cs(473,32): error CS1022: Type or namespace definition, or end-of-file expected [/home/maras/Desktop/TalesOfTribute/SimpleBots/SimpleBots.csproj::TargetFramework=net7.0]
/home/maras/Desktop/TalesOfTribute/SimpleBots/src/SemiRandomBot.cs(473,53): error CS0116: A namespace cannot directly contain members such as fields, methods or statements [/home/maras/Desktop/TalesOfTribute/SimpleBots/SimpleBots.csproj::TargetFramework=net7.0]
/home/maras/Desktop/TalesOfTribute/SimpleBots/src/SemiRandomBot.cs(473,62): error CS8124: Tuple must contain at least two elements. [/home/maras/Desktop/TalesOfTribute/SimpleBots/SimpleBots.csproj::TargetFramework=net7.0]
/home/maras/Desktop/TalesOfTribute/SimpleBots/src/SemiRandomBot.cs(473,63): error CS1022: Type or namespace definition, or end-of-file expected [/home/maras/Desktop/TalesOfTribute/SimpleBots/SimpleBots.csproj::TargetFramework=net7.0]
/home/maras/Desktop/TalesOfTribute/SimpleBots/src/SemiRandomBot.cs(474,34): error CS8124: Tuple must contain at least two elements. [/home/maras/Desktop/TalesOfTribute/SimpleBots/SimpleBots.csproj::TargetFramework=net7.0]
/home/maras/Desktop/TalesOfTribute/SimpleBots/src/SemiRandomBot.cs(474,34): error CS1026: ) expected [/home/maras/Desktop/TalesOfTribute/SimpleBots/SimpleBots.csproj::TargetFramework=net7.0]
/home/maras/Desktop/TalesOfTribute/SimpleBots/src/SemiRandomBot.cs(474,34): error CS1022: Type or namespace definition, or end-of-file expected [/home/maras/Desktop/TalesOfTribute/SimpleBots/SimpleBots.csproj::TargetFramework=net7.0]
/home/maras/Desktop/TalesOfTribute/SimpleBots/src/SemiRandomBot.cs(474,46): error CS0116: A namespace cannot directly contain members such as fields, methods or statements [/home/maras/Desktop/TalesOfTribute/SimpleBots/SimpleBots.csproj::TargetFramework=net7.0]
/home/maras/Desktop/TalesOfTribute/SimpleBots/src/SemiRandomBot.cs(474,53): error CS1022: Type or namespace definition, or end-of-file expected [/home/maras/Desktop/TalesOfTribute/SimpleBots/SimpleBots.csproj::TargetFramework=net7.0]
/home/maras/Desktop/TalesOfTribute/SimpleBots/src/SemiRandomBot.cs(474,67): error CS0116: A namespace cannot directly contain members such as fields, methods or statements [/home/maras/Desktop/TalesOfTribute/SimpleBots/SimpleBots.csproj::TargetFramework=net7.0]
/home/maras/Desktop/TalesOfTribute/SimpleBots/src/SemiRandomBot.cs(474,71): error CS1022: Type or namespace definition, or end-of-file expected [/home/maras/Desktop/TalesOfTribute/SimpleBots/SimpleBots.csproj::TargetFramework=net7.0]
/home/maras/Desktop/TalesOfTribute/SimpleBots/src/SemiRandomBot.cs(474,82): error CS0116: A namespace cannot directly contain members such as fields, methods or statements [/home/maras/Desktop/TalesOfTribute/SimpleBots/SimpleBots.csproj::TargetFramework=net7.0]
/home/maras/Desktop/TalesOfTribute/SimpleBots/src/SemiRandomBot.cs(474,96): error CS1022: Type or namespace definition, or end-of-file expected [/home/maras/Desktop/TalesOfTribute/SimpleBots/SimpleBots.csproj::TargetFramework=net7.0]
/home/maras/Desktop/TalesOfTribute/SimpleBots/src/SemiRandomBot.cs(474,137): error CS0116: A namespace cannot directly contain members such as fields, methods or statements [/home/maras/Desktop/TalesOfTribute/SimpleBots/SimpleBots.csproj::TargetFramework=net7.0]
/home/maras/Desktop/TalesOfTribute/SimpleBots/src/SemiRandomBot.cs(474,143): error CS8124: Tuple must contain at least two elements. [/home/maras/Desktop/TalesOfTribute/SimpleBots/SimpleBots.csproj::TargetFramework=net7.0]
/home/maras/Desktop/TalesOfTribute/SimpleBots/src/SemiRandomBot.cs(474,143): error CS1026: ) expected [/home/maras/Desktop/TalesOfTribute/SimpleBots/SimpleBots.csproj::TargetFramework=net7.0]
/home/maras/Desktop/TalesOfTribute/SimpleBots/src/SemiRandomBot.cs(474,143): error CS1022: Type or namespace definition, or end-of-file expected [/home/maras/Desktop/TalesOfTribute/SimpleBots/SimpleBots.csproj::TargetFramework=net7.0]
/home/maras/Desktop/TalesOfTribute/SimpleBots/src/SemiRandomBot.cs(474,165): error CS0116: A namespace cannot directly contain members such as fields, methods or statements [/home/maras/Desktop/TalesOfTribute/SimpleBots/SimpleBots.csproj::TargetFramework=net7.0]
/home/maras/Desktop/TalesOfTribute/SimpleBots/src/SemiRandomBot.cs(474,174): error CS1022: Type or namespace definition, or end-of-file expected [/home/maras/Desktop/TalesOfTribute/SimpleBots/SimpleBots.csproj::TargetFramework=net7.0]
/home/maras/Desktop/TalesOfTribute/SimpleBots/src/SemiRandomBot.cs(474,188): error CS0116: A namespace cannot directly contain members such as fields, methods or statements [/home/maras/Desktop/TalesOfTribute/SimpleBots/SimpleBots.csproj::TargetFramework=net7.0]
/home/maras/Desktop/TalesOfTribute/SimpleBots/src/SemiRandomBot.cs(474,196): error CS1022: Type or namespace definition, or end-of-file expected [/home/maras/Desktop/TalesOfTribute/SimpleBots/SimpleBots.csproj::TargetFramework=net7.0]
/home/maras/Desktop/TalesOfTribute/SimpleBots/src/SemiRandomBot.cs(475,29): error CS0116: A namespace cannot directly contain members such as fields, methods or statements [/home/maras/Desktop/TalesOfTribute/SimpleBots/SimpleBots.csproj::TargetFramework=net7.0]
/home/maras/Desktop/TalesOfTribute/SimpleBots/src/SemiRandomBot.cs(475,53): error CS8124: Tuple must contain at least two elements. [/home/maras/Desktop/TalesOfTribute/SimpleBots/SimpleBots.csproj::TargetFramework=net7.0]
/home/maras/Desktop/TalesOfTribute/SimpleBots/src/SemiRandomBot.cs(475,54): error CS1022: Type or namespace definition, or end-of-file expected [/home/maras/Desktop/TalesOfTribute/SimpleBots/SimpleBots.csproj::TargetFramework=net7.0]
/home/maras/Desktop/TalesOfTribute/SimpleBots/src/SemiRandomBot.cs(476,13): error CS1022: Type or namespace definition, or end-of-file expected [/home/maras/Desktop/TalesOfTribute/SimpleBots/SimpleBots.csproj::TargetFramework=net7.0]
/home/maras/Desktop/TalesOfTribute/SimpleBots/src/SemiRandomBot.cs(477,13): error CS8803: Top-level statements must precede namespace and type declarations. [/home/maras/Desktop/TalesOfTribute/SimpleBots/SimpleBots.csproj::TargetFramework=net7.0]
/home/maras/Desktop/TalesOfTribute/SimpleBots/src/SemiRandomBot.cs(478,9): error CS1022: Type or namespace definition, or end-of-file expected [/home/maras/Desktop/TalesOfTribute/SimpleBots/SimpleBots.csproj::TargetFramework=net7.0]
/home/maras/Desktop/TalesOfTribute/SimpleBots/src/SemiRandomBot.cs(495,5): error CS1022: Type or namespace definition, or end-of-file expected [/home/maras/Desktop/TalesOfTribute/SimpleBots/SimpleBots.csproj::TargetFramework=net7.0]
/home/maras/Desktop/TalesOfTribute/SimpleBots/src/SemiRandomBot.cs(500,1): error CS1022: Type or namespace definition, or end-of-file expected [/home/maras/Desktop/TalesOfTribute/SimpleBots/SimpleBots.csproj::TargetFramework=net7.0]
  ModuleTests -> /home/maras/Desktop/TalesOfTribute/ModuleTests/bin/Debug/net7.0/ModuleTests.dll
Test run for /home/maras/Desktop/TalesOfTribute/ModuleTests/bin/Debug/net7.0/ModuleTests.dll (.NETCoreApp,Version=v7.0)
Microsoft (R) Test Execution Command Line Tool Version 17.4.0 (x64)
Copyright (c) Microsoft Corporation.  All rights reserved.

/home/maras/Desktop/TalesOfTribute/SimpleBots/src/SemiRandomBot.cs(463,71): error CS1001: Identifier expected [/home/maras/Desktop/TalesOfTribute/SimpleBots/SimpleBots.csproj::TargetFramework=netstandard2.1]
/home/maras/Desktop/TalesOfTribute/SimpleBots/src/SemiRandomBot.cs(463,71): error CS1003: Syntax error, ',' expected [/home/maras/Desktop/TalesOfTribute/SimpleBots/SimpleBots.csproj::TargetFramework=netstandard2.1]
/home/maras/Desktop/TalesOfTribute/SimpleBots/src/SemiRandomBot.cs(463,115): error CS8124: Tuple must contain at least two elements. [/home/maras/Desktop/TalesOfTribute/SimpleBots/SimpleBots.csproj::TargetFramework=netstandard2.1]
/home/maras/Desktop/TalesOfTribute/SimpleBots/src/SemiRandomBot.cs(463,115): error CS1026: ) expected [/home/maras/Desktop/TalesOfTribute/SimpleBots/SimpleBots.csproj::TargetFramework=netstandard2.1]
/home/maras/Desktop/TalesOfTribute/SimpleBots/src/SemiRandomBot.cs(463,115): error CS1001: Identifier expected [/home/maras/Desktop/TalesOfTribute/SimpleBots/SimpleBots.csproj::TargetFramework=netstandard2.1]
/home/maras/Desktop/TalesOfTribute/SimpleBots/src/SemiRandomBot.cs(463,115): error CS1003: Syntax error, ',' expected [/home/maras/Desktop/TalesOfTribute/SimpleBots/SimpleBots.csproj::TargetFramework=netstandard2.1]
/home/maras/Desktop/TalesOfTribute/SimpleBots/src/SemiRandomBot.cs(463,122): error CS8124: Tuple must contain at least two elements. [/home/maras/Desktop/TalesOfTribute/SimpleBots/SimpleBots.csproj::TargetFramework=netstandard2.1]
/home/maras/Desktop/TalesOfTribute/SimpleBots/src/SemiRandomBot.cs(463,122): error CS1026: ) expected [/home/maras/Desktop/TalesOfTribute/SimpleBots/SimpleBots.csproj::TargetFramework=netstandard2.1]
/home/maras/Desktop/TalesOfTribute/SimpleBots/src/SemiRandomBot.cs(463,122): error CS1001: Identifier expected [/home/maras/Desktop/TalesOfTribute/SimpleBots/SimpleBots.csproj::TargetFramework=netstandard2.1]
/home/maras/Desktop/TalesOfTribute/SimpleBots/src/SemiRandomBot.cs(463,122): error CS1003: Syntax error, ',' expected [/home/maras/Desktop/TalesOfTribute/SimpleBots/SimpleBots.csproj::TargetFramework=netstandard2.1]
/home/maras/Desktop/TalesOfTribute/SimpleBots/src/SemiRandomBot.cs(463,125): error CS1003: Syntax error, ',' expected [/home/maras/Desktop/TalesOfTribute/SimpleBots/SimpleBots.csproj::TargetFramework=netstandard2.1]
/home/maras/Desktop/TalesOfTribute/SimpleBots/src/SemiRandomBot.cs(463,147): error CS1001: Identifier expected [/home/maras/Desktop/TalesOfTribute/SimpleBots/SimpleBots.csproj::TargetFramework=netstandard2.1]
/home/maras/Desktop/TalesOfTribute/SimpleBots/src/SemiRandomBot.cs(463,148): error CS1002: ; expected [/home/maras/Desktop/TalesOfTribute/SimpleBots/SimpleBots.csproj::TargetFramework=netstandard2.1]
/home/maras/Desktop/TalesOfTribute/SimpleBots/src/SemiRandomBot.cs(463,148): error CS1519: Invalid token ')' in class, record, struct, or interface member declaration [/home/maras/Desktop/TalesOfTribute/SimpleBots/SimpleBots.csproj::TargetFramework=netstandard2.1]
/home/maras/Desktop/TalesOfTribute/SimpleBots/src/SemiRandomBot.cs(463,158): error CS1002: ; expected [/home/maras/Desktop/TalesOfTribute/SimpleBots/SimpleBots.csproj::TargetFramework=netstandard2.1]
/home/maras/Desktop/TalesOfTribute/SimpleBots/src/SemiRandomBot.cs(463,158): error CS1519: Invalid token ')' in class, record, struct, or interface member declaration [/home/maras/Desktop/TalesOfTribute/SimpleBots/SimpleBots.csproj::TargetFramework=netstandard2.1]
/home/maras/Desktop/TalesOfTribute/SimpleBots/src/SemiRandomBot.cs(467,9): error CS1519: Invalid token 'if' in class, record, struct, or interface member declaration [/home/maras/Desktop/TalesOfTribute/SimpleBots/SimpleBots.csproj::TargetFramework=netstandard2.1]
/home/maras/Desktop/TalesOfTribute/SimpleBots/src/SemiRandomBot.cs(467,33): error CS8124: Tuple must contain at least two elements. [/home/maras/Desktop/TalesOfTribute/SimpleBots/SimpleBots.csproj::TargetFramework=netstandard2.1]
/home/maras/Desktop/TalesOfTribute/SimpleBots/src/SemiRandomBot.cs(467,33): error CS1026: ) expected [/home/maras/Desktop/TalesOfTribute/SimpleBots/SimpleBots.csproj::TargetFramework=netstandard2.1]
/home/maras/Desktop/TalesOfTribute/SimpleBots/src/SemiRandomBot.cs(467,33): error CS1519: Invalid token '>' in class, record, struct, or interface member declaration [/home/maras/Desktop/TalesOfTribute/SimpleBots/SimpleBots.csproj::TargetFramework=netstandard2.1]
/home/maras/Desktop/TalesOfTribute/SimpleBots/src/SemiRandomBot.cs(468,37): error CS8124: Tuple must contain at least two elements. [/home/maras/Desktop/TalesOfTribute/SimpleBots/SimpleBots.csproj::TargetFramework=netstandard2.1]
/home/maras/Desktop/TalesOfTribute/SimpleBots/src/SemiRandomBot.cs(468,37): error CS1026: ) expected [/home/maras/Desktop/TalesOfTribute/SimpleBots/SimpleBots.csproj::TargetFramework=netstandard2.1]
/home/maras/Desktop/TalesOfTribute/SimpleBots/src/SemiRandomBot.cs(468,37): error CS1519: Invalid token 'in' in class, record, struct, or interface member declaration [/home/maras/Desktop/TalesOfTribute/SimpleBots/SimpleBots.csproj::TargetFramework=netstandard2.1]
/home/maras/Desktop/TalesOfTribute/SimpleBots/src/SemiRandomBot.cs(468,74): error CS1519: Invalid token ')' in class, record, struct, or interface member declaration [/home/maras/Desktop/TalesOfTribute/SimpleBots/SimpleBots.csproj::TargetFramework=netstandard2.1]
/home/maras/Desktop/TalesOfTribute/SimpleBots/src/SemiRandomBot.cs(469,30): error CS1519: Invalid token '(' in class, record, struct, or interface member declaration [/home/maras/Desktop/TalesOfTribute/SimpleBots/SimpleBots.csproj::TargetFramework=netstandard2.1]
/home/maras/Desktop/TalesOfTribute/SimpleBots/src/SemiRandomBot.cs(469,40): error CS8124: Tuple must contain at least two elements. [/home/maras/Desktop/TalesOfTribute/SimpleBots/SimpleBots.csproj::TargetFramework=netstandard2.1]
/home/maras/Desktop/TalesOfTribute/SimpleBots/src/SemiRandomBot.cs(469,41): error CS1519: Invalid token ';' in class, record, struct, or interface member declaration [/home/maras/Desktop/TalesOfTribute/SimpleBots/SimpleBots.csproj::TargetFramework=netstandard2.1]
/home/maras/Desktop/TalesOfTribute/SimpleBots/src/SemiRandomBot.cs(471,20): error CS0116: A namespace cannot directly contain members such as fields, methods or statements [/home/maras/Desktop/TalesOfTribute/SimpleBots/SimpleBots.csproj::TargetFramework=netstandard2.1]
/home/maras/Desktop/TalesOfTribute/SimpleBots/src/SemiRandomBot.cs(471,53): error CS8124: Tuple must contain at least two elements. [/home/maras/Desktop/TalesOfTribute/SimpleBots/SimpleBots.csproj::TargetFramework=netstandard2.1]
/home/maras/Desktop/TalesOfTribute/SimpleBots/src/SemiRandomBot.cs(471,54): error CS1022: Type or namespace definition, or end-of-file expected [/home/maras/Desktop/TalesOfTribute/SimpleBots/SimpleBots.csproj::TargetFramework=netstandard2.1]
/home/maras/Desktop/TalesOfTribute/SimpleBots/src/SemiRandomBot.cs(472,13): error CS0116: A namespace cannot directly contain members such as fields, methods or statements [/home/maras/Desktop/TalesOfTribute/SimpleBots/SimpleBots.csproj::TargetFramework=netstandard2.1]
/home/maras/Desktop/TalesOfTribute/SimpleBots/src/SemiRandomBot.cs(472,24): error CS1022: Type or namespace definition, or end-of-file expected [/home/maras/Desktop/TalesOfTribute/SimpleBots/SimpleBots.csproj::TargetFramework=netstandard2.1]
/home/maras/Desktop/TalesOfTribute/SimpleBots/src/SemiRandomBot.cs(473,18): error CS0116: A namespace cannot directly contain members such as fields, methods or statements [/home/maras/Desktop/TalesOfTribute/SimpleBots/SimpleBots.csproj::TargetFramework=netstandard2.1]
/home/maras/Desktop/TalesOfTribute/SimpleBots/src/SemiRandomBot.cs(473,32): error CS1031: Type expected [/home/maras/Desktop/TalesOfTribute/SimpleBots/SimpleBots.csproj::TargetFramework=netstandard2.1]
/home/maras/Desktop/TalesOfTribute/SimpleBots/src/SemiRandomBot.cs(473,32): error CS8124: Tuple must contain at least two elements. [/home/maras/Desktop/TalesOfTribute/SimpleBots/SimpleBots.csproj::TargetFramework=netstandard2.1]
/home/maras/Desktop/TalesOfTribute/SimpleBots/src/SemiRandomBot.cs(473,32): error CS1026: ) expected [/home/maras/Desktop/TalesOfTribute/SimpleBots/SimpleBots.csproj::TargetFramework=netstandard2.1]
/home/maras/Desktop/TalesOfTribute/SimpleBots/src/SemiRandomBot.cs(473,32): error CS1022: Type or namespace definition, or end-of-file expected [/home/maras/Desktop/TalesOfTribute/SimpleBots/SimpleBots.csproj::TargetFramework=netstandard2.1]
/home/maras/Desktop/TalesOfTribute/SimpleBots/src/SemiRandomBot.cs(473,53): error CS0116: A namespace cannot directly contain members such as fields, methods or statements [/home/maras/Desktop/TalesOfTribute/SimpleBots/SimpleBots.csproj::TargetFramework=netstandard2.1]
/home/maras/Desktop/TalesOfTribute/SimpleBots/src/SemiRandomBot.cs(473,62): error CS8124: Tuple must contain at least two elements. [/home/maras/Desktop/TalesOfTribute/SimpleBots/SimpleBots.csproj::TargetFramework=netstandard2.1]
/home/maras/Desktop/TalesOfTribute/SimpleBots/src/SemiRandomBot.cs(473,63): error CS1022: Type or namespace definition, or end-of-file expected [/home/maras/Desktop/TalesOfTribute/SimpleBots/SimpleBots.csproj::TargetFramework=netstandard2.1]
/home/maras/Desktop/TalesOfTribute/SimpleBots/src/SemiRandomBot.cs(474,34): error CS8124: Tuple must contain at least two elements. [/home/maras/Desktop/TalesOfTribute/SimpleBots/SimpleBots.csproj::TargetFramework=netstandard2.1]
/home/maras/Desktop/TalesOfTribute/SimpleBots/src/SemiRandomBot.cs(474,34): error CS1026: ) expected [/home/maras/Desktop/TalesOfTribute/SimpleBots/SimpleBots.csproj::TargetFramework=netstandard2.1]
/home/maras/Desktop/TalesOfTribute/SimpleBots/src/SemiRandomBot.cs(474,34): error CS1022: Type or namespace definition, or end-of-file expected [/home/maras/Desktop/TalesOfTribute/SimpleBots/SimpleBots.csproj::TargetFramework=netstandard2.1]
/home/maras/Desktop/TalesOfTribute/SimpleBots/src/SemiRandomBot.cs(474,46): error CS0116: A namespace cannot directly contain members such as fields, methods or statements [/home/maras/Desktop/TalesOfTribute/SimpleBots/SimpleBots.csproj::TargetFramework=netstandard2.1]
/home/maras/Desktop/TalesOfTribute/SimpleBots/src/SemiRandomBot.cs(474,53): error CS1022: Type or namespace definition, or end-of-file expected [/home/maras/Desktop/TalesOfTribute/SimpleBots/SimpleBots.csproj::TargetFramework=netstandard2.1]
/home/maras/Desktop/TalesOfTribute/SimpleBots/src/SemiRandomBot.cs(474,67): error CS0116: A namespace cannot directly contain members such as fields, methods or statements [/home/maras/Desktop/TalesOfTribute/SimpleBots/SimpleBots.csproj::TargetFramework=netstandard2.1]
/home/maras/Desktop/TalesOfTribute/SimpleBots/src/SemiRandomBot.cs(474,71): error CS1022: Type or namespace definition, or end-of-file expected [/home/maras/Desktop/TalesOfTribute/SimpleBots/SimpleBots.csproj::TargetFramework=netstandard2.1]
/home/maras/Desktop/TalesOfTribute/SimpleBots/src/SemiRandomBot.cs(474,82): error CS0116: A namespace cannot directly contain members such as fields, methods or statements [/home/maras/Desktop/TalesOfTribute/SimpleBots/SimpleBots.csproj::TargetFramework=netstandard2.1]
/home/maras/Desktop/TalesOfTribute/SimpleBots/src/SemiRandomBot.cs(474,96): error CS1022: Type or namespace definition, or end-of-file expected [/home/maras/Desktop/TalesOfTribute/SimpleBots/SimpleBots.csproj::TargetFramework=netstandard2.1]
/home/maras/Desktop/TalesOfTribute/SimpleBots/src/SemiRandomBot.cs(474,137): error CS0116: A namespace cannot directly contain members such as fields, methods or statements [/home/maras/Desktop/TalesOfTribute/SimpleBots/SimpleBots.csproj::TargetFramework=netstandard2.1]
/home/maras/Desktop/TalesOfTribute/SimpleBots/src/SemiRandomBot.cs(474,143): error CS8124: Tuple must contain at least two elements. [/home/maras/Desktop/TalesOfTribute/SimpleBots/SimpleBots.csproj::TargetFramework=netstandard2.1]
/home/maras/Desktop/TalesOfTribute/SimpleBots/src/SemiRandomBot.cs(474,143): error CS1026: ) expected [/home/maras/Desktop/TalesOfTribute/SimpleBots/SimpleBots.csproj::TargetFramework=netstandard2.1]
/home/maras/Desktop/TalesOfTribute/SimpleBots/src/SemiRandomBot.cs(474,143): error CS1022: Type or namespace definition, or end-of-file expected [/home/maras/Desktop/TalesOfTribute/SimpleBots/SimpleBots.csproj::TargetFramework=netstandard2.1]
/home/maras/Desktop/TalesOfTribute/SimpleBots/src/SemiRandomBot.cs(474,165): error CS0116: A namespace cannot directly contain members such as fields, methods or statements [/home/maras/Desktop/TalesOfTribute/SimpleBots/SimpleBots.csproj::TargetFramework=netstandard2.1]
/home/maras/Desktop/TalesOfTribute/SimpleBots/src/SemiRandomBot.cs(474,174): error CS1022: Type or namespace definition, or end-of-file expected [/home/maras/Desktop/TalesOfTribute/SimpleBots/SimpleBots.csproj::TargetFramework=netstandard2.1]
/home/maras/Desktop/TalesOfTribute/SimpleBots/src/SemiRandomBot.cs(474,188): error CS0116: A namespace cannot directly contain members such as fields, methods or statements [/home/maras/Desktop/TalesOfTribute/SimpleBots/SimpleBots.csproj::TargetFramework=netstandard2.1]
/home/maras/Desktop/TalesOfTribute/SimpleBots/src/SemiRandomBot.cs(474,196): error CS1022: Type or namespace definition, or end-of-file expected [/home/maras/Desktop/TalesOfTribute/SimpleBots/SimpleBots.csproj::TargetFramework=netstandard2.1]
/home/maras/Desktop/TalesOfTribute/SimpleBots/src/SemiRandomBot.cs(475,29): error CS0116: A namespace cannot directly contain members such as fields, methods or statements [/home/maras/Desktop/TalesOfTribute/SimpleBots/SimpleBots.csproj::TargetFramework=netstandard2.1]
/home/maras/Desktop/TalesOfTribute/SimpleBots/src/SemiRandomBot.cs(475,53): error CS8124: Tuple must contain at least two elements. [/home/maras/Desktop/TalesOfTribute/SimpleBots/SimpleBots.csproj::TargetFramework=netstandard2.1]
/home/maras/Desktop/TalesOfTribute/SimpleBots/src/SemiRandomBot.cs(475,54): error CS1022: Type or namespace definition, or end-of-file expected [/home/maras/Desktop/TalesOfTribute/SimpleBots/SimpleBots.csproj::TargetFramework=netstandard2.1]
/home/maras/Desktop/TalesOfTribute/SimpleBots/src/SemiRandomBot.cs(476,13): error CS1022: Type or namespace definition, or end-of-file expected [/home/maras/Desktop/TalesOfTribute/SimpleBots/SimpleBots.csproj::TargetFramework=netstandard2.1]
/home/maras/Desktop/TalesOfTribute/SimpleBots/src/SemiRandomBot.cs(477,13): error CS8803: Top-level statements must precede namespace and type declarations. [/home/maras/Desktop/TalesOfTribute/SimpleBots/SimpleBots.csproj::TargetFramework=netstandard2.1]
/home/maras/Desktop/TalesOfTribute/SimpleBots/src/SemiRandomBot.cs(478,9): error CS1022: Type or namespace definition, or end-of-file expected [/home/maras/Desktop/TalesOfTribute/SimpleBots/SimpleBots.csproj::TargetFramework=netstandard2.1]
/home/maras/Desktop/TalesOfTribute/SimpleBots/src/SemiRandomBot.cs(495,5): error CS1022: Type or namespace definition, or end-of-file expected [/home/maras/Desktop/TalesOfTribute/SimpleBots/SimpleBots.csproj::TargetFramework=netstandard2.1]
/home/maras/Desktop/TalesOfTribute/SimpleBots/src/SemiRandomBot.cs(500,1): error CS1022: Type or namespace definition, or end-of-file expected [/home/maras/Desktop/TalesOfTribute/SimpleBots/SimpleBots.csproj::TargetFramework=netstandard2.1]
Starting test execution, please wait...
A total of 1 test files matched the specified pattern.
CSC : error CS5001: Program does not contain a static 'Main' method suitable for an entry point [/home/maras/Desktop/TalesOfTribute/Tests/Tests.csproj]
/home/maras/Desktop/TalesOfTribute/Tests/Board/Patrons/PatronTests.cs(10,14): error CS0246: The type or namespace name 'Card' could not be found (are you missing a using directive or an assembly reference?) [/home/maras/Desktop/TalesOfTribute/Tests/Tests.csproj]
/home/maras/Desktop/TalesOfTribute/Tests/Board/Patrons/PatronTests.cs(10,37): error CS0246: The type or namespace name 'Card' could not be found (are you missing a using directive or an assembly reference?) [/home/maras/Desktop/TalesOfTribute/Tests/Tests.csproj]
/home/maras/Desktop/TalesOfTribute/Tests/Board/Patrons/PatronTests.cs(13,23): error CS1503: Argument 1: cannot convert from 'TalesOfTribute.Board.Cards.UniqueCard' to 'Card' [/home/maras/Desktop/TalesOfTribute/Tests/Tests.csproj]
/home/maras/Desktop/TalesOfTribute/Tests/Board/Patrons/PatronTests.cs(15,30): error CS1729: 'Player' does not contain a constructor that takes 9 arguments [/home/maras/Desktop/TalesOfTribute/Tests/Tests.csproj]
/home/maras/Desktop/TalesOfTribute/Tests/Board/Patrons/PatronTests.cs(16,30): error CS1729: 'Player' does not contain a constructor that takes 9 arguments [/home/maras/Desktop/TalesOfTribute/Tests/Tests.csproj]
/home/maras/Desktop/TalesOfTribute/Tests/Board/UniqueIdTests.cs(25,21): warning CS1718: Comparison made to same variable; did you mean to compare something else? [/home/maras/Desktop/TalesOfTribute/Tests/Tests.csproj]
/home/maras/Desktop/TalesOfTribute/Tests/Board/ApiTests.cs(42,56): error CS0246: The type or namespace name 'Card' could not be found (are you missing a using directive or an assembly reference?) [/home/maras/Desktop/TalesOfTribute/Tests/Tests.csproj]
/home/maras/Desktop/TalesOfTribute/Tests/Board/ApiTests.cs(44,13): error CS1950: The best overloaded Add method 'List<Card>.Add(Card)' for the collection initializer has some invalid arguments [/home/maras/Desktop/TalesOfTribute/Tests/Tests.csproj]
/home/maras/Desktop/TalesOfTribute/Tests/Board/ApiTests.cs(44,13): error CS1503: Argument 1: cannot convert from 'TalesOfTribute.Board.Cards.UniqueCard' to 'Card' [/home/maras/Desktop/TalesOfTribute/Tests/Tests.csproj]
/home/maras/Desktop/TalesOfTribute/Tests/Board/ApiTests.cs(44,31): error CS1950: The best overloaded Add method 'List<Card>.Add(Card)' for the collection initializer has some invalid arguments [/home/maras/Desktop/TalesOfTribute/Tests/Tests.csproj]
/home/maras/Desktop/TalesOfTribute/Tests/Board/ApiTests.cs(44,31): error CS1503: Argument 1: cannot convert from 'TalesOfTribute.Board.Cards.UniqueCard' to 'Card' [/home/maras/Desktop/TalesOfTribute/Tests/Tests.csproj]
/home/maras/Desktop/TalesOfTribute/Tests/Board/ApiTests.cs(44,37): error CS1950: The best overloaded Add method 'List<Card>.Add(Card)' for the collection initializer has some invalid arguments [/home/maras/Desktop/TalesOfTribute/Tests/Tests.csproj]
/home/maras/Desktop/TalesOfTribute/Tests/Board/ApiTests.cs(44,37): error CS1503: Argument 1: cannot convert from 'TalesOfTribute.Board.Cards.UniqueCard' to 'Card' [/home/maras/Desktop/TalesOfTribute/Tests/Tests.csproj]
/home/maras/Desktop/TalesOfTribute/Tests/Board/ApiTests.cs(49,38): error CS1061: 'EndGameState' does not contain a definition for 'Consume' and no accessible extension method 'Consume' accepting a first argument of type 'EndGameState' could be found (are you missing a using directive or an assembly reference?) [/home/maras/Desktop/TalesOfTribute/Tests/Tests.csproj]
/home/maras/Desktop/TalesOfTribute/Tests/Board/ApiTests.cs(51,27): error CS0246: The type or namespace name 'BaseChoice' could not be found (are you missing a using directive or an assembly reference?) [/home/maras/Desktop/TalesOfTribute/Tests/Tests.csproj]
/home/maras/Desktop/TalesOfTribute/Tests/Board/ApiTests.cs(62,38): error CS0246: The type or namespace name 'Card' could not be found (are you missing a using directive or an assembly reference?) [/home/maras/Desktop/TalesOfTribute/Tests/Tests.csproj]
/home/maras/Desktop/TalesOfTribute/Tests/Board/ApiTests.cs(62,29): error CS1503: Argument 1: cannot convert from 'System.Collections.Generic.List<Card>' to 'System.Collections.Generic.List<TalesOfTribute.Board.Cards.UniqueCard>' [/home/maras/Desktop/TalesOfTribute/Tests/Tests.csproj]
/home/maras/Desktop/TalesOfTribute/Tests/Board/ApiTests.cs(63,38): error CS0246: The type or namespace name 'Card' could not be found (are you missing a using directive or an assembly reference?) [/home/maras/Desktop/TalesOfTribute/Tests/Tests.csproj]
/home/maras/Desktop/TalesOfTribute/Tests/Board/ApiTests.cs(63,46): error CS1950: The best overloaded Add method 'List<Card>.Add(Card)' for the collection initializer has some invalid arguments [/home/maras/Desktop/TalesOfTribute/Tests/Tests.csproj]
/home/maras/Desktop/TalesOfTribute/Tests/Board/ApiTests.cs(63,46): error CS1503: Argument 1: cannot convert from 'TalesOfTribute.Board.Cards.UniqueCard' to 'Card' [/home/maras/Desktop/TalesOfTribute/Tests/Tests.csproj]
/home/maras/Desktop/TalesOfTribute/Tests/Board/ApiTests.cs(64,38): error CS0246: The type or namespace name 'Card' could not be found (are you missing a using directive or an assembly reference?) [/home/maras/Desktop/TalesOfTribute/Tests/Tests.csproj]
/home/maras/Desktop/TalesOfTribute/Tests/Board/ApiTests.cs(64,46): error CS1950: The best overloaded Add method 'List<Card>.Add(Card)' for the collection initializer has some invalid arguments [/home/maras/Desktop/TalesOfTribute/Tests/Tests.csproj]
/home/maras/Desktop/TalesOfTribute/Tests/Board/ApiTests.cs(64,46): error CS1503: Argument 1: cannot convert from 'TalesOfTribute.Board.Cards.UniqueCard' to 'Card' [/home/maras/Desktop/TalesOfTribute/Tests/Tests.csproj]
/home/maras/Desktop/TalesOfTribute/Tests/Board/ApiTests.cs(65,38): error CS0246: The type or namespace name 'Card' could not be found (are you missing a using directive or an assembly reference?) [/home/maras/Desktop/TalesOfTribute/Tests/Tests.csproj]
/home/maras/Desktop/TalesOfTribute/Tests/Board/ApiTests.cs(65,46): error CS1950: The best overloaded Add method 'List<Card>.Add(Card)' for the collection initializer has some invalid arguments [/home/maras/Desktop/TalesOfTribute/Tests/Tests.csproj]
/home/maras/Desktop/TalesOfTribute/Tests/Board/ApiTests.cs(65,46): error CS1503: Argument 1: cannot convert from 'TalesOfTribute.Board.Cards.UniqueCard' to 'Card' [/home/maras/Desktop/TalesOfTribute/Tests/Tests.csproj]
/home/maras/Desktop/TalesOfTribute/Tests/Board/ApiTests.cs(66,38): error CS0246: The type or namespace name 'Card' could not be found (are you missing a using directive or an assembly reference?) [/home/maras/Desktop/TalesOfTribute/Tests/Tests.csproj]
/home/maras/Desktop/TalesOfTribute/Tests/Board/ApiTests.cs(66,46): error CS1950: The best overloaded Add method 'List<Card>.Add(Card)' for the collection initializer has some invalid arguments [/home/maras/Desktop/TalesOfTribute/Tests/Tests.csproj]
/home/maras/Desktop/TalesOfTribute/Tests/Board/ApiTests.cs(66,46): error CS1503: Argument 1: cannot convert from 'TalesOfTribute.Board.Cards.UniqueCard' to 'Card' [/home/maras/Desktop/TalesOfTribute/Tests/Tests.csproj]
/home/maras/Desktop/TalesOfTribute/Tests/Board/ApiTests.cs(66,64): error CS1950: The best overloaded Add method 'List<Card>.Add(Card)' for the collection initializer has some invalid arguments [/home/maras/Desktop/TalesOfTribute/Tests/Tests.csproj]
/home/maras/Desktop/TalesOfTribute/Tests/Board/ApiTests.cs(66,64): error CS1503: Argument 1: cannot convert from 'TalesOfTribute.Board.Cards.UniqueCard' to 'Card' [/home/maras/Desktop/TalesOfTribute/Tests/Tests.csproj]
/home/maras/Desktop/TalesOfTribute/Tests/Board/ApiTests.cs(67,38): error CS0246: The type or namespace name 'Card' could not be found (are you missing a using directive or an assembly reference?) [/home/maras/Desktop/TalesOfTribute/Tests/Tests.csproj]
/home/maras/Desktop/TalesOfTribute/Tests/Board/ApiTests.cs(67,46): error CS1950: The best overloaded Add method 'List<Card>.Add(Card)' for the collection initializer has some invalid arguments [/home/maras/Desktop/TalesOfTribute/Tests/Tests.csproj]
/home/maras/Desktop/TalesOfTribute/Tests/Board/ApiTests.cs(67,46): error CS1503: Argument 1: cannot convert from 'TalesOfTribute.Board.Cards.UniqueCard' to 'Card' [/home/maras/Desktop/TalesOfTribute/Tests/Tests.csproj]
/home/maras/Desktop/TalesOfTribute/Tests/Board/ApiTests.cs(67,64): error CS1950: The best overloaded Add method 'List<Card>.Add(Card)' for the collection initializer has some invalid arguments [/home/maras/Desktop/TalesOfTribute/Tests/Tests.csproj]
/home/maras/Desktop/TalesOfTribute/Tests/Board/ApiTests.cs(67,64): error CS1503: Argument 1: cannot convert from 'TalesOfTribute.Board.Cards.UniqueCard' to 'Card' [/home/maras/Desktop/TalesOfTribute/Tests/Tests.csproj]
/home/maras/Desktop/TalesOfTribute/Tests/Board/ApiTests.cs(68,38): error CS0246: The type or namespace name 'Card' could not be found (are you missing a using directive or an assembly reference?) [/home/maras/Desktop/TalesOfTribute/Tests/Tests.csproj]
/home/maras/Desktop/TalesOfTribute/Tests/Board/ApiTests.cs(68,46): error CS1950: The best overloaded Add method 'List<Card>.Add(Card)' for the collection initializer has some invalid arguments [/home/maras/Desktop/TalesOfTribute/Tests/Tests.csproj]
/home/maras/Desktop/TalesOfTribute/Tests/Board/ApiTests.cs(68,46): error CS1503: Argument 1: cannot convert from 'TalesOfTribute.Board.Cards.UniqueCard' to 'Card' [/home/maras/Desktop/TalesOfTribute/Tests/Tests.csproj]
/home/maras/Desktop/TalesOfTribute/Tests/Board/ApiTests.cs(68,52): error CS1950: The best overloaded Add method 'List<Card>.Add(Card)' for the collection initializer has some invalid arguments [/home/maras/Desktop/TalesOfTribute/Tests/Tests.csproj]
/home/maras/Desktop/TalesOfTribute/Tests/Board/ApiTests.cs(68,52): error CS1503: Argument 1: cannot convert from 'TalesOfTribute.Board.Cards.UniqueCard' to 'Card' [/home/maras/Desktop/TalesOfTribute/Tests/Tests.csproj]
/home/maras/Desktop/TalesOfTribute/Tests/Board/ApiTests.cs(49,32): warning CS8602: Dereference of a possibly null reference. [/home/maras/Desktop/TalesOfTribute/Tests/Tests.csproj]
/home/maras/Desktop/TalesOfTribute/Tests/Board/ComboContextTests.cs(7,27): error CS7036: There is no argument given that corresponds to the required parameter 'rnd' of 'Player.Player(PlayerEnum, SeededRandom)' [/home/maras/Desktop/TalesOfTribute/Tests/Tests.csproj]
/home/maras/Desktop/TalesOfTribute/Tests/Board/ComboContextTests.cs(8,27): error CS7036: There is no argument given that corresponds to the required parameter 'rnd' of 'Player.Player(PlayerEnum, SeededRandom)' [/home/maras/Desktop/TalesOfTribute/Tests/Tests.csproj]
/home/maras/Desktop/TalesOfTribute/Tests/Board/ComboContextTests.cs(9,26): error CS7036: There is no argument given that corresponds to the required parameter 'rnd' of 'Tavern.Tavern(List<UniqueCard>, SeededRandom)' [/home/maras/Desktop/TalesOfTribute/Tests/Tests.csproj]
/home/maras/Desktop/TalesOfTribute/Tests/Board/Patrons/PatronTests.cs(53,14): error CS0246: The type or namespace name 'Card' could not be found (are you missing a using directive or an assembly reference?) [/home/maras/Desktop/TalesOfTribute/Tests/Tests.csproj]
/home/maras/Desktop/TalesOfTribute/Tests/Board/Patrons/PatronTests.cs(53,37): error CS0246: The type or namespace name 'Card' could not be found (are you missing a using directive or an assembly reference?) [/home/maras/Desktop/TalesOfTribute/Tests/Tests.csproj]
/home/maras/Desktop/TalesOfTribute/Tests/Board/Patrons/PatronTests.cs(56,23): error CS1503: Argument 1: cannot convert from 'TalesOfTribute.Board.Cards.UniqueCard' to 'Card' [/home/maras/Desktop/TalesOfTribute/Tests/Tests.csproj]
/home/maras/Desktop/TalesOfTribute/Tests/Board/Patrons/PatronTests.cs(58,30): error CS1729: 'Player' does not contain a constructor that takes 9 arguments [/home/maras/Desktop/TalesOfTribute/Tests/Tests.csproj]
/home/maras/Desktop/TalesOfTribute/Tests/Board/Patrons/PatronTests.cs(59,30): error CS1729: 'Player' does not contain a constructor that takes 9 arguments [/home/maras/Desktop/TalesOfTribute/Tests/Tests.csproj]
/home/maras/Desktop/TalesOfTribute/Tests/Board/ComboContextTests.cs(16,26): error CS1501: No overload for method 'PlayCard' takes 4 arguments [/home/maras/Desktop/TalesOfTribute/Tests/Tests.csproj]
/home/maras/Desktop/TalesOfTribute/Tests/Board/ComboContextTests.cs(17,31): error CS1061: '(List<UniqueBaseEffect> immediateEffects, List<UniqueBaseEffect> startOfNextTurnEffects)' does not contain a definition for 'Consume' and no accessible extension method 'Consume' accepting a first argument of type '(List<UniqueBaseEffect> immediateEffects, List<UniqueBaseEffect> startOfNextTurnEffects)' could be found (are you missing a using directive or an assembly reference?) [/home/maras/Desktop/TalesOfTribute/Tests/Tests.csproj]
/home/maras/Desktop/TalesOfTribute/Tests/Board/ComboContextTests.cs(24,26): error CS1501: No overload for method 'PlayCard' takes 4 arguments [/home/maras/Desktop/TalesOfTribute/Tests/Tests.csproj]
/home/maras/Desktop/TalesOfTribute/Tests/Board/ComboContextTests.cs(25,31): error CS1061: '(List<UniqueBaseEffect> immediateEffects, List<UniqueBaseEffect> startOfNextTurnEffects)' does not contain a definition for 'Consume' and no accessible extension method 'Consume' accepting a first argument of type '(List<UniqueBaseEffect> immediateEffects, List<UniqueBaseEffect> startOfNextTurnEffects)' could be found (are you missing a using directive or an assembly reference?) [/home/maras/Desktop/TalesOfTribute/Tests/Tests.csproj]
/home/maras/Desktop/TalesOfTribute/Tests/Board/ComboContextTests.cs(28,29): error CS1501: No overload for method 'PlayCard' takes 4 arguments [/home/maras/Desktop/TalesOfTribute/Tests/Tests.csproj]
/home/maras/Desktop/TalesOfTribute/Tests/Board/ComboContextTests.cs(29,37): error CS1061: '(List<UniqueBaseEffect> immediateEffects, List<UniqueBaseEffect> startOfNextTurnEffects)' does not contain a definition for 'Consume' and no accessible extension method 'Consume' accepting a first argument of type '(List<UniqueBaseEffect> immediateEffects, List<UniqueBaseEffect> startOfNextTurnEffects)' could be found (are you missing a using directive or an assembly reference?) [/home/maras/Desktop/TalesOfTribute/Tests/Tests.csproj]
/home/maras/Desktop/TalesOfTribute/Tests/Board/ComboContextTests.cs(36,26): error CS1501: No overload for method 'PlayCard' takes 4 arguments [/home/maras/Desktop/TalesOfTribute/Tests/Tests.csproj]
/home/maras/Desktop/TalesOfTribute/Tests/Board/ComboContextTests.cs(37,31): error CS1061: '(List<UniqueBaseEffect> immediateEffects, List<UniqueBaseEffect> startOfNextTurnEffects)' does not contain a definition for 'Consume' and no accessible extension method 'Consume' accepting a first argument of type '(List<UniqueBaseEffect> immediateEffects, List<UniqueBaseEffect> startOfNextTurnEffects)' could be found (are you missing a using directive or an assembly reference?) [/home/maras/Desktop/TalesOfTribute/Tests/Tests.csproj]
/home/maras/Desktop/TalesOfTribute/Tests/Board/TavernTests.cs(7,30): error CS7036: There is no argument given that corresponds to the required parameter 'rnd' of 'Tavern.Tavern(List<UniqueCard>, SeededRandom)' [/home/maras/Desktop/TalesOfTribute/Tests/Tests.csproj]
/home/maras/Desktop/TalesOfTribute/Tests/Board/Patrons/PatronTests.cs(90,14): error CS0246: The type or namespace name 'Card' could not be found (are you missing a using directive or an assembly reference?) [/home/maras/Desktop/TalesOfTribute/Tests/Tests.csproj]
/home/maras/Desktop/TalesOfTribute/Tests/Board/Patrons/PatronTests.cs(90,37): error CS0246: The type or namespace name 'Card' could not be found (are you missing a using directive or an assembly reference?) [/home/maras/Desktop/TalesOfTribute/Tests/Tests.csproj]
/home/maras/Desktop/TalesOfTribute/Tests/Board/Patrons/PatronTests.cs(93,23): error CS1503: Argument 1: cannot convert from 'TalesOfTribute.Board.Cards.UniqueCard' to 'Card' [/home/maras/Desktop/TalesOfTribute/Tests/Tests.csproj]
/home/maras/Desktop/TalesOfTribute/Tests/Board/Patrons/PatronTests.cs(95,115): error CS0246: The type or namespace name 'Card' could not be found (are you missing a using directive or an assembly reference?) [/home/maras/Desktop/TalesOfTribute/Tests/Tests.csproj]
/home/maras/Desktop/TalesOfTribute/Tests/Board/Patrons/PatronTests.cs(95,30): error CS1729: 'Player' does not contain a constructor that takes 9 arguments [/home/maras/Desktop/TalesOfTribute/Tests/Tests.csproj]
/home/maras/Desktop/TalesOfTribute/Tests/Board/Patrons/PatronTests.cs(96,30): error CS1729: 'Player' does not contain a constructor that takes 9 arguments [/home/maras/Desktop/TalesOfTribute/Tests/Tests.csproj]
/home/maras/Desktop/TalesOfTribute/Tests/Board/TavernTests.cs(15,52): error CS0246: The type or namespace name 'Card' could not be found (are you missing a using directive or an assembly reference?) [/home/maras/Desktop/TalesOfTribute/Tests/Tests.csproj]
/home/maras/Desktop/TalesOfTribute/Tests/Board/TavernTests.cs(17,17): error CS1950: The best overloaded Add method 'List<Card>.Add(Card)' for the collection initializer has some invalid arguments [/home/maras/Desktop/TalesOfTribute/Tests/Tests.csproj]
/home/maras/Desktop/TalesOfTribute/Tests/Board/TavernTests.cs(17,17): error CS1503: Argument 1: cannot convert from 'TalesOfTribute.Board.Cards.UniqueCard' to 'Card' [/home/maras/Desktop/TalesOfTribute/Tests/Tests.csproj]
/home/maras/Desktop/TalesOfTribute/Tests/Board/TavernTests.cs(18,17): error CS1950: The best overloaded Add method 'List<Card>.Add(Card)' for the collection initializer has some invalid arguments [/home/maras/Desktop/TalesOfTribute/Tests/Tests.csproj]
/home/maras/Desktop/TalesOfTribute/Tests/Board/TavernTests.cs(18,17): error CS1503: Argument 1: cannot convert from 'TalesOfTribute.Board.Cards.UniqueCard' to 'Card' [/home/maras/Desktop/TalesOfTribute/Tests/Tests.csproj]
/home/maras/Desktop/TalesOfTribute/Tests/Board/TavernTests.cs(19,17): error CS1950: The best overloaded Add method 'List<Card>.Add(Card)' for the collection initializer has some invalid arguments [/home/maras/Desktop/TalesOfTribute/Tests/Tests.csproj]
/home/maras/Desktop/TalesOfTribute/Tests/Board/TavernTests.cs(19,17): error CS1503: Argument 1: cannot convert from 'TalesOfTribute.Board.Cards.UniqueCard' to 'Card' [/home/maras/Desktop/TalesOfTribute/Tests/Tests.csproj]
/home/maras/Desktop/TalesOfTribute/Tests/Board/TavernTests.cs(20,17): error CS1950: The best overloaded Add method 'List<Card>.Add(Card)' for the collection initializer has some invalid arguments [/home/maras/Desktop/TalesOfTribute/Tests/Tests.csproj]
/home/maras/Desktop/TalesOfTribute/Tests/Board/TavernTests.cs(20,17): error CS1503: Argument 1: cannot convert from 'TalesOfTribute.Board.Cards.UniqueCard' to 'Card' [/home/maras/Desktop/TalesOfTribute/Tests/Tests.csproj]
/home/maras/Desktop/TalesOfTribute/Tests/Board/TavernTests.cs(21,17): error CS1950: The best overloaded Add method 'List<Card>.Add(Card)' for the collection initializer has some invalid arguments [/home/maras/Desktop/TalesOfTribute/Tests/Tests.csproj]
/home/maras/Desktop/TalesOfTribute/Tests/Board/TavernTests.cs(21,17): error CS1503: Argument 1: cannot convert from 'TalesOfTribute.Board.Cards.UniqueCard' to 'Card' [/home/maras/Desktop/TalesOfTribute/Tests/Tests.csproj]
/home/maras/Desktop/TalesOfTribute/Tests/Board/ComboContextTests.cs(44,26): error CS1501: No overload for method 'PlayCard' takes 4 arguments [/home/maras/Desktop/TalesOfTribute/Tests/Tests.csproj]
/home/maras/Desktop/TalesOfTribute/Tests/Board/ComboContextTests.cs(45,31): error CS1061: '(List<UniqueBaseEffect> immediateEffects, List<UniqueBaseEffect> startOfNextTurnEffects)' does not contain a definition for 'Consume' and no accessible extension method 'Consume' accepting a first argument of type '(List<UniqueBaseEffect> immediateEffects, List<UniqueBaseEffect> startOfNextTurnEffects)' could be found (are you missing a using directive or an assembly reference?) [/home/maras/Desktop/TalesOfTribute/Tests/Tests.csproj]
/home/maras/Desktop/TalesOfTribute/Tests/Board/ComboContextTests.cs(48,29): error CS1501: No overload for method 'PlayCard' takes 4 arguments [/home/maras/Desktop/TalesOfTribute/Tests/Tests.csproj]
/home/maras/Desktop/TalesOfTribute/Tests/Board/ComboContextTests.cs(49,37): error CS1061: '(List<UniqueBaseEffect> immediateEffects, List<UniqueBaseEffect> startOfNextTurnEffects)' does not contain a definition for 'Consume' and no accessible extension method 'Consume' accepting a first argument of type '(List<UniqueBaseEffect> immediateEffects, List<UniqueBaseEffect> startOfNextTurnEffects)' could be found (are you missing a using directive or an assembly reference?) [/home/maras/Desktop/TalesOfTribute/Tests/Tests.csproj]
/home/maras/Desktop/TalesOfTribute/Tests/Board/ComboContextTests.cs(50,25): error CS1503: Argument 2: cannot convert from 'method group' to 'int' [/home/maras/Desktop/TalesOfTribute/Tests/Tests.csproj]
/home/maras/Desktop/TalesOfTribute/Tests/Board/ComboContextTests.cs(56,26): error CS1501: No overload for method 'PlayCard' takes 4 arguments [/home/maras/Desktop/TalesOfTribute/Tests/Tests.csproj]
/home/maras/Desktop/TalesOfTribute/Tests/Board/ComboContextTests.cs(57,31): error CS1061: '(List<UniqueBaseEffect> immediateEffects, List<UniqueBaseEffect> startOfNextTurnEffects)' does not contain a definition for 'Consume' and no accessible extension method 'Consume' accepting a first argument of type '(List<UniqueBaseEffect> immediateEffects, List<UniqueBaseEffect> startOfNextTurnEffects)' could be found (are you missing a using directive or an assembly reference?) [/home/maras/Desktop/TalesOfTribute/Tests/Tests.csproj]
/home/maras/Desktop/TalesOfTribute/Tests/Board/ComboContextTests.cs(60,29): error CS1501: No overload for method 'PlayCard' takes 4 arguments [/home/maras/Desktop/TalesOfTribute/Tests/Tests.csproj]
/home/maras/Desktop/TalesOfTribute/Tests/Board/ComboContextTests.cs(61,37): error CS1061: '(List<UniqueBaseEffect> immediateEffects, List<UniqueBaseEffect> startOfNextTurnEffects)' does not contain a definition for 'Consume' and no accessible extension method 'Consume' accepting a first argument of type '(List<UniqueBaseEffect> immediateEffects, List<UniqueBaseEffect> startOfNextTurnEffects)' could be found (are you missing a using directive or an assembly reference?) [/home/maras/Desktop/TalesOfTribute/Tests/Tests.csproj]
/home/maras/Desktop/TalesOfTribute/Tests/Board/ComboContextTests.cs(62,25): error CS1503: Argument 2: cannot convert from 'method group' to 'int' [/home/maras/Desktop/TalesOfTribute/Tests/Tests.csproj]
/home/maras/Desktop/TalesOfTribute/Tests/Board/ComboContextTests.cs(68,26): error CS1501: No overload for method 'PlayCard' takes 4 arguments [/home/maras/Desktop/TalesOfTribute/Tests/Tests.csproj]
/home/maras/Desktop/TalesOfTribute/Tests/Board/ComboContextTests.cs(69,31): error CS1061: '(List<UniqueBaseEffect> immediateEffects, List<UniqueBaseEffect> startOfNextTurnEffects)' does not contain a definition for 'Consume' and no accessible extension method 'Consume' accepting a first argument of type '(List<UniqueBaseEffect> immediateEffects, List<UniqueBaseEffect> startOfNextTurnEffects)' could be found (are you missing a using directive or an assembly reference?) [/home/maras/Desktop/TalesOfTribute/Tests/Tests.csproj]
/home/maras/Desktop/TalesOfTribute/Tests/Board/ComboContextTests.cs(72,29): error CS1501: No overload for method 'PlayCard' takes 4 arguments [/home/maras/Desktop/TalesOfTribute/Tests/Tests.csproj]
/home/maras/Desktop/TalesOfTribute/Tests/Board/ComboContextTests.cs(73,37): error CS1061: '(List<UniqueBaseEffect> immediateEffects, List<UniqueBaseEffect> startOfNextTurnEffects)' does not contain a definition for 'Consume' and no accessible extension method 'Consume' accepting a first argument of type '(List<UniqueBaseEffect> immediateEffects, List<UniqueBaseEffect> startOfNextTurnEffects)' could be found (are you missing a using directive or an assembly reference?) [/home/maras/Desktop/TalesOfTribute/Tests/Tests.csproj]
/home/maras/Desktop/TalesOfTribute/Tests/Board/ComboContextTests.cs(80,26): error CS1501: No overload for method 'PlayCard' takes 4 arguments [/home/maras/Desktop/TalesOfTribute/Tests/Tests.csproj]
/home/maras/Desktop/TalesOfTribute/Tests/Board/ComboContextTests.cs(81,31): error CS1061: '(List<UniqueBaseEffect> immediateEffects, List<UniqueBaseEffect> startOfNextTurnEffects)' does not contain a definition for 'Consume' and no accessible extension method 'Consume' accepting a first argument of type '(List<UniqueBaseEffect> immediateEffects, List<UniqueBaseEffect> startOfNextTurnEffects)' could be found (are you missing a using directive or an assembly reference?) [/home/maras/Desktop/TalesOfTribute/Tests/Tests.csproj]
/home/maras/Desktop/TalesOfTribute/Tests/Board/ComboContextTests.cs(84,29): error CS1501: No overload for method 'PlayCard' takes 4 arguments [/home/maras/Desktop/TalesOfTribute/Tests/Tests.csproj]
/home/maras/Desktop/TalesOfTribute/Tests/Board/ComboContextTests.cs(85,37): error CS1061: '(List<UniqueBaseEffect> immediateEffects, List<UniqueBaseEffect> startOfNextTurnEffects)' does not contain a definition for 'Consume' and no accessible extension method 'Consume' accepting a first argument of type '(List<UniqueBaseEffect> immediateEffects, List<UniqueBaseEffect> startOfNextTurnEffects)' could be found (are you missing a using directive or an assembly reference?) [/home/maras/Desktop/TalesOfTribute/Tests/Tests.csproj]
/home/maras/Desktop/TalesOfTribute/Tests/Board/ComboContextTests.cs(86,25): error CS1503: Argument 2: cannot convert from 'method group' to 'int' [/home/maras/Desktop/TalesOfTribute/Tests/Tests.csproj]
/home/maras/Desktop/TalesOfTribute/Tests/Board/ComboContextTests.cs(88,25): error CS1501: No overload for method 'PlayCard' takes 4 arguments [/home/maras/Desktop/TalesOfTribute/Tests/Tests.csproj]
/home/maras/Desktop/TalesOfTribute/Tests/Board/ComboContextTests.cs(89,33): error CS1061: '(List<UniqueBaseEffect> immediateEffects, List<UniqueBaseEffect> startOfNextTurnEffects)' does not contain a definition for 'Consume' and no accessible extension method 'Consume' accepting a first argument of type '(List<UniqueBaseEffect> immediateEffects, List<UniqueBaseEffect> startOfNextTurnEffects)' could be found (are you missing a using directive or an assembly reference?) [/home/maras/Desktop/TalesOfTribute/Tests/Tests.csproj]
/home/maras/Desktop/TalesOfTribute/Tests/Board/TavernTests.cs(59,52): error CS0246: The type or namespace name 'Card' could not be found (are you missing a using directive or an assembly reference?) [/home/maras/Desktop/TalesOfTribute/Tests/Tests.csproj]
/home/maras/Desktop/TalesOfTribute/Tests/Board/TavernTests.cs(61,17): error CS1950: The best overloaded Add method 'List<Card>.Add(Card)' for the collection initializer has some invalid arguments [/home/maras/Desktop/TalesOfTribute/Tests/Tests.csproj]
/home/maras/Desktop/TalesOfTribute/Tests/Board/TavernTests.cs(61,17): error CS1503: Argument 1: cannot convert from 'TalesOfTribute.Board.Cards.UniqueCard' to 'Card' [/home/maras/Desktop/TalesOfTribute/Tests/Tests.csproj]
/home/maras/Desktop/TalesOfTribute/Tests/Board/TavernTests.cs(62,17): error CS1950: The best overloaded Add method 'List<Card>.Add(Card)' for the collection initializer has some invalid arguments [/home/maras/Desktop/TalesOfTribute/Tests/Tests.csproj]
/home/maras/Desktop/TalesOfTribute/Tests/Board/TavernTests.cs(62,17): error CS1503: Argument 1: cannot convert from 'TalesOfTribute.Board.Cards.UniqueCard' to 'Card' [/home/maras/Desktop/TalesOfTribute/Tests/Tests.csproj]
/home/maras/Desktop/TalesOfTribute/Tests/Board/TavernTests.cs(63,17): error CS1950: The best overloaded Add method 'List<Card>.Add(Card)' for the collection initializer has some invalid arguments [/home/maras/Desktop/TalesOfTribute/Tests/Tests.csproj]
/home/maras/Desktop/TalesOfTribute/Tests/Board/TavernTests.cs(63,17): error CS1503: Argument 1: cannot convert from 'TalesOfTribute.Board.Cards.UniqueCard' to 'Card' [/home/maras/Desktop/TalesOfTribute/Tests/Tests.csproj]
/home/maras/Desktop/TalesOfTribute/Tests/Board/TavernTests.cs(64,17): error CS1950: The best overloaded Add method 'List<Card>.Add(Card)' for the collection initializer has some invalid arguments [/home/maras/Desktop/TalesOfTribute/Tests/Tests.csproj]
/home/maras/Desktop/TalesOfTribute/Tests/Board/TavernTests.cs(64,17): error CS1503: Argument 1: cannot convert from 'TalesOfTribute.Board.Cards.UniqueCard' to 'Card' [/home/maras/Desktop/TalesOfTribute/Tests/Tests.csproj]
/home/maras/Desktop/TalesOfTribute/Tests/Board/TavernTests.cs(65,17): error CS1950: The best overloaded Add method 'List<Card>.Add(Card)' for the collection initializer has some invalid arguments [/home/maras/Desktop/TalesOfTribute/Tests/Tests.csproj]
/home/maras/Desktop/TalesOfTribute/Tests/Board/TavernTests.cs(65,17): error CS1503: Argument 1: cannot convert from 'TalesOfTribute.Board.Cards.UniqueCard' to 'Card' [/home/maras/Desktop/TalesOfTribute/Tests/Tests.csproj]
/home/maras/Desktop/TalesOfTribute/Tests/Board/PlayResultTests.cs(12,23): error CS0308: The non-generic type 'Choice' cannot be used with type arguments [/home/maras/Desktop/TalesOfTribute/Tests/Tests.csproj]
/home/maras/Desktop/TalesOfTribute/Tests/Board/PlayResultTests.cs(12,30): error CS0246: The type or namespace name 'Effect' could not be found (are you missing a using directive or an assembly reference?) [/home/maras/Desktop/TalesOfTribute/Tests/Tests.csproj]
/home/maras/Desktop/TalesOfTribute/Tests/Board/PlayResultTests.cs(12,47): error CS0246: The type or namespace name 'EffectType' could not be found (are you missing a using directive or an assembly reference?) [/home/maras/Desktop/TalesOfTribute/Tests/Tests.csproj]
/home/maras/Desktop/TalesOfTribute/Tests/Board/PlayResultTests.cs(12,61): error CS0103: The name 'EffectType' does not exist in the current context [/home/maras/Desktop/TalesOfTribute/Tests/Tests.csproj]
/home/maras/Desktop/TalesOfTribute/Tests/Board/PlayResultTests.cs(13,51): error CS1503: Argument 1: cannot convert from 'TalesOfTribute.Patron' to 'TalesOfTribute.PatronId' [/home/maras/Desktop/TalesOfTribute/Tests/Tests.csproj]
/home/maras/Desktop/TalesOfTribute/Tests/Board/PlayResultTests.cs(15,33): error CS0103: The name 'EffectType' does not exist in the current context [/home/maras/Desktop/TalesOfTribute/Tests/Tests.csproj]
/home/maras/Desktop/TalesOfTribute/Tests/Board/ComboContextTests.cs(96,26): error CS1501: No overload for method 'PlayCard' takes 4 arguments [/home/maras/Desktop/TalesOfTribute/Tests/Tests.csproj]
/home/maras/Desktop/TalesOfTribute/Tests/Board/ComboContextTests.cs(97,31): error CS1061: '(List<UniqueBaseEffect> immediateEffects, List<UniqueBaseEffect> startOfNextTurnEffects)' does not contain a definition for 'Consume' and no accessible extension method 'Consume' accepting a first argument of type '(List<UniqueBaseEffect> immediateEffects, List<UniqueBaseEffect> startOfNextTurnEffects)' could be found (are you missing a using directive or an assembly reference?) [/home/maras/Desktop/TalesOfTribute/Tests/Tests.csproj]
/home/maras/Desktop/TalesOfTribute/Tests/Board/ComboContextTests.cs(100,29): error CS1501: No overload for method 'PlayCard' takes 4 arguments [/home/maras/Desktop/TalesOfTribute/Tests/Tests.csproj]
/home/maras/Desktop/TalesOfTribute/Tests/Board/ComboContextTests.cs(101,37): error CS1061: '(List<UniqueBaseEffect> immediateEffects, List<UniqueBaseEffect> startOfNextTurnEffects)' does not contain a definition for 'Consume' and no accessible extension method 'Consume' accepting a first argument of type '(List<UniqueBaseEffect> immediateEffects, List<UniqueBaseEffect> startOfNextTurnEffects)' could be found (are you missing a using directive or an assembly reference?) [/home/maras/Desktop/TalesOfTribute/Tests/Tests.csproj]
/home/maras/Desktop/TalesOfTribute/Tests/Board/ComboContextTests.cs(104,25): error CS1501: No overload for method 'PlayCard' takes 4 arguments [/home/maras/Desktop/TalesOfTribute/Tests/Tests.csproj]
/home/maras/Desktop/TalesOfTribute/Tests/Board/ComboContextTests.cs(105,33): error CS1061: '(List<UniqueBaseEffect> immediateEffects, List<UniqueBaseEffect> startOfNextTurnEffects)' does not contain a definition for 'Consume' and no accessible extension method 'Consume' accepting a first argument of type '(List<UniqueBaseEffect> immediateEffects, List<UniqueBaseEffect> startOfNextTurnEffects)' could be found (are you missing a using directive or an assembly reference?) [/home/maras/Desktop/TalesOfTribute/Tests/Tests.csproj]
/home/maras/Desktop/TalesOfTribute/Tests/Board/ComboContextTests.cs(106,25): error CS1503: Argument 2: cannot convert from 'method group' to 'int' [/home/maras/Desktop/TalesOfTribute/Tests/Tests.csproj]
/home/maras/Desktop/TalesOfTribute/Tests/Board/ComboContextTests.cs(112,26): error CS1501: No overload for method 'PlayCard' takes 4 arguments [/home/maras/Desktop/TalesOfTribute/Tests/Tests.csproj]
/home/maras/Desktop/TalesOfTribute/Tests/Board/ComboContextTests.cs(113,31): error CS1061: '(List<UniqueBaseEffect> immediateEffects, List<UniqueBaseEffect> startOfNextTurnEffects)' does not contain a definition for 'Consume' and no accessible extension method 'Consume' accepting a first argument of type '(List<UniqueBaseEffect> immediateEffects, List<UniqueBaseEffect> startOfNextTurnEffects)' could be found (are you missing a using directive or an assembly reference?) [/home/maras/Desktop/TalesOfTribute/Tests/Tests.csproj]
/home/maras/Desktop/TalesOfTribute/Tests/Board/ComboContextTests.cs(116,29): error CS1501: No overload for method 'PlayCard' takes 4 arguments [/home/maras/Desktop/TalesOfTribute/Tests/Tests.csproj]
/home/maras/Desktop/TalesOfTribute/Tests/Board/ComboContextTests.cs(117,37): error CS1061: '(List<UniqueBaseEffect> immediateEffects, List<UniqueBaseEffect> startOfNextTurnEffects)' does not contain a definition for 'Consume' and no accessible extension method 'Consume' accepting a first argument of type '(List<UniqueBaseEffect> immediateEffects, List<UniqueBaseEffect> startOfNextTurnEffects)' could be found (are you missing a using directive or an assembly reference?) [/home/maras/Desktop/TalesOfTribute/Tests/Tests.csproj]
/home/maras/Desktop/TalesOfTribute/Tests/Board/ComboContextTests.cs(120,25): error CS1501: No overload for method 'PlayCard' takes 4 arguments [/home/maras/Desktop/TalesOfTribute/Tests/Tests.csproj]
/home/maras/Desktop/TalesOfTribute/Tests/Board/ComboContextTests.cs(121,33): error CS1061: '(List<UniqueBaseEffect> immediateEffects, List<UniqueBaseEffect> startOfNextTurnEffects)' does not contain a definition for 'Consume' and no accessible extension method 'Consume' accepting a first argument of type '(List<UniqueBaseEffect> immediateEffects, List<UniqueBaseEffect> startOfNextTurnEffects)' could be found (are you missing a using directive or an assembly reference?) [/home/maras/Desktop/TalesOfTribute/Tests/Tests.csproj]
/home/maras/Desktop/TalesOfTribute/Tests/Board/ComboContextTests.cs(122,25): error CS1503: Argument 2: cannot convert from 'method group' to 'int' [/home/maras/Desktop/TalesOfTribute/Tests/Tests.csproj]
/home/maras/Desktop/TalesOfTribute/Tests/Board/PlayResultTests.cs(22,23): error CS0308: The non-generic type 'Choice' cannot be used with type arguments [/home/maras/Desktop/TalesOfTribute/Tests/Tests.csproj]
/home/maras/Desktop/TalesOfTribute/Tests/Board/PlayResultTests.cs(22,30): error CS0246: The type or namespace name 'Effect' could not be found (are you missing a using directive or an assembly reference?) [/home/maras/Desktop/TalesOfTribute/Tests/Tests.csproj]
/home/maras/Desktop/TalesOfTribute/Tests/Board/PlayResultTests.cs(22,47): error CS0246: The type or namespace name 'EffectType' could not be found (are you missing a using directive or an assembly reference?) [/home/maras/Desktop/TalesOfTribute/Tests/Tests.csproj]
/home/maras/Desktop/TalesOfTribute/Tests/Board/PlayResultTests.cs(22,61): error CS0103: The name 'EffectType' does not exist in the current context [/home/maras/Desktop/TalesOfTribute/Tests/Tests.csproj]
/home/maras/Desktop/TalesOfTribute/Tests/Board/PlayResultTests.cs(22,78): error CS0103: The name 'EffectType' does not exist in the current context [/home/maras/Desktop/TalesOfTribute/Tests/Tests.csproj]
/home/maras/Desktop/TalesOfTribute/Tests/Board/PlayResultTests.cs(22,95): error CS0103: The name 'EffectType' does not exist in the current context [/home/maras/Desktop/TalesOfTribute/Tests/Tests.csproj]
/home/maras/Desktop/TalesOfTribute/Tests/Board/PlayResultTests.cs(23,51): error CS1503: Argument 1: cannot convert from 'TalesOfTribute.Patron' to 'TalesOfTribute.PatronId' [/home/maras/Desktop/TalesOfTribute/Tests/Tests.csproj]
/home/maras/Desktop/TalesOfTribute/Tests/Board/PlayResultTests.cs(25,42): error CS0246: The type or namespace name 'EffectType' could not be found (are you missing a using directive or an assembly reference?) [/home/maras/Desktop/TalesOfTribute/Tests/Tests.csproj]
/home/maras/Desktop/TalesOfTribute/Tests/Board/PlayResultTests.cs(25,56): error CS0103: The name 'EffectType' does not exist in the current context [/home/maras/Desktop/TalesOfTribute/Tests/Tests.csproj]
/home/maras/Desktop/TalesOfTribute/Tests/Board/PlayResultTests.cs(25,73): error CS0103: The name 'EffectType' does not exist in the current context [/home/maras/Desktop/TalesOfTribute/Tests/Tests.csproj]
/home/maras/Desktop/TalesOfTribute/Tests/Board/Patrons/PatronTests.cs(117,14): error CS0246: The type or namespace name 'Card' could not be found (are you missing a using directive or an assembly reference?) [/home/maras/Desktop/TalesOfTribute/Tests/Tests.csproj]
/home/maras/Desktop/TalesOfTribute/Tests/Board/Patrons/PatronTests.cs(117,37): error CS0246: The type or namespace name 'Card' could not be found (are you missing a using directive or an assembly reference?) [/home/maras/Desktop/TalesOfTribute/Tests/Tests.csproj]
/home/maras/Desktop/TalesOfTribute/Tests/Board/Patrons/PatronTests.cs(120,23): error CS1503: Argument 1: cannot convert from 'TalesOfTribute.Board.Cards.UniqueCard' to 'Card' [/home/maras/Desktop/TalesOfTribute/Tests/Tests.csproj]
/home/maras/Desktop/TalesOfTribute/Tests/Board/Patrons/PatronTests.cs(122,115): error CS0246: The type or namespace name 'Card' could not be found (are you missing a using directive or an assembly reference?) [/home/maras/Desktop/TalesOfTribute/Tests/Tests.csproj]
/home/maras/Desktop/TalesOfTribute/Tests/Board/Patrons/PatronTests.cs(122,30): error CS1729: 'Player' does not contain a constructor that takes 9 arguments [/home/maras/Desktop/TalesOfTribute/Tests/Tests.csproj]
/home/maras/Desktop/TalesOfTribute/Tests/Board/Patrons/PatronTests.cs(123,30): error CS1729: 'Player' does not contain a constructor that takes 9 arguments [/home/maras/Desktop/TalesOfTribute/Tests/Tests.csproj]
/home/maras/Desktop/TalesOfTribute/Tests/AI/TalesOfTributeGameTests.cs(20,31): error CS0308: The non-generic type 'Choice' cannot be used with type arguments [/home/maras/Desktop/TalesOfTribute/Tests/Tests.csproj]
/home/maras/Desktop/TalesOfTribute/Tests/AI/TalesOfTributeGameTests.cs(20,38): error CS0246: The type or namespace name 'Card' could not be found (are you missing a using directive or an assembly reference?) [/home/maras/Desktop/TalesOfTribute/Tests/Tests.csproj]
/home/maras/Desktop/TalesOfTribute/Tests/AI/TalesOfTributeGameTests.cs(20,53): error CS0246: The type or namespace name 'Card' could not be found (are you missing a using directive or an assembly reference?) [/home/maras/Desktop/TalesOfTribute/Tests/Tests.csproj]
/home/maras/Desktop/TalesOfTribute/Tests/AI/TalesOfTributeGameTests.cs(20,61): error CS1950: The best overloaded Add method 'List<Card>.Add(Card)' for the collection initializer has some invalid arguments [/home/maras/Desktop/TalesOfTribute/Tests/Tests.csproj]
/home/maras/Desktop/TalesOfTribute/Tests/AI/TalesOfTributeGameTests.cs(20,61): error CS1503: Argument 1: cannot convert from 'TalesOfTribute.Board.Cards.UniqueCard' to 'Card' [/home/maras/Desktop/TalesOfTribute/Tests/Tests.csproj]
/home/maras/Desktop/TalesOfTribute/Tests/AI/TalesOfTributeGameTests.cs(21,53): error CS1503: Argument 1: cannot convert from 'TalesOfTribute.Patron' to 'TalesOfTribute.PatronId' [/home/maras/Desktop/TalesOfTribute/Tests/Tests.csproj]
/home/maras/Desktop/TalesOfTribute/Tests/AI/TalesOfTributeGameTests.cs(22,39): error CS1729: 'ExecutionChain' does not contain a constructor that takes 3 arguments [/home/maras/Desktop/TalesOfTribute/Tests/Tests.csproj]
/home/maras/Desktop/TalesOfTribute/Tests/AI/TalesOfTributeGameTests.cs(23,33): error CS1660: Cannot convert lambda expression to type 'UniqueBaseEffect' because it is not a delegate type [/home/maras/Desktop/TalesOfTribute/Tests/Tests.csproj]
/home/maras/Desktop/TalesOfTribute/Tests/AI/TalesOfTributeGameTests.cs(26,31): error CS1061: 'ITalesOfTributeApi' does not contain a definition for 'HandleStartOfTurnChoices' and no accessible extension method 'HandleStartOfTurnChoices' accepting a first argument of type 'ITalesOfTributeApi' could be found (are you missing a using directive or an assembly reference?) [/home/maras/Desktop/TalesOfTribute/Tests/Tests.csproj]
/home/maras/Desktop/TalesOfTribute/Tests/AI/TalesOfTributeGameTests.cs(31,44): error CS0246: The type or namespace name 'Card' could not be found (are you missing a using directive or an assembly reference?) [/home/maras/Desktop/TalesOfTribute/Tests/Tests.csproj]
/home/maras/Desktop/TalesOfTribute/Tests/AI/TalesOfTributeGameTests.cs(31,52): error CS1950: The best overloaded Add method 'List<Card>.Add(Card)' for the collection initializer has some invalid arguments [/home/maras/Desktop/TalesOfTribute/Tests/Tests.csproj]
/home/maras/Desktop/TalesOfTribute/Tests/AI/TalesOfTributeGameTests.cs(31,52): error CS1503: Argument 1: cannot convert from 'TalesOfTribute.Board.Cards.UniqueCard' to 'Card' [/home/maras/Desktop/TalesOfTribute/Tests/Tests.csproj]
/home/maras/Desktop/TalesOfTribute/Tests/AI/TalesOfTributeGameTests.cs(34,49): error CS1061: 'Task<(EndGameState, SerializedBoard)>' does not contain a definition for 'Winner' and no accessible extension method 'Winner' accepting a first argument of type 'Task<(EndGameState, SerializedBoard)>' could be found (are you missing a using directive or an assembly reference?) [/home/maras/Desktop/TalesOfTribute/Tests/Tests.csproj]
/home/maras/Desktop/TalesOfTribute/Tests/AI/TalesOfTributeGameTests.cs(35,59): error CS1061: 'Task<(EndGameState, SerializedBoard)>' does not contain a definition for 'Reason' and no accessible extension method 'Reason' accepting a first argument of type 'Task<(EndGameState, SerializedBoard)>' could be found (are you missing a using directive or an assembly reference?) [/home/maras/Desktop/TalesOfTribute/Tests/Tests.csproj]
/home/maras/Desktop/TalesOfTribute/Tests/Board/ComboContextTests.cs(128,26): error CS1501: No overload for method 'PlayCard' takes 4 arguments [/home/maras/Desktop/TalesOfTribute/Tests/Tests.csproj]
/home/maras/Desktop/TalesOfTribute/Tests/Board/ComboContextTests.cs(129,31): error CS1061: '(List<UniqueBaseEffect> immediateEffects, List<UniqueBaseEffect> startOfNextTurnEffects)' does not contain a definition for 'Consume' and no accessible extension method 'Consume' accepting a first argument of type '(List<UniqueBaseEffect> immediateEffects, List<UniqueBaseEffect> startOfNextTurnEffects)' could be found (are you missing a using directive or an assembly reference?) [/home/maras/Desktop/TalesOfTribute/Tests/Tests.csproj]
/home/maras/Desktop/TalesOfTribute/Tests/Board/ComboContextTests.cs(132,29): error CS1501: No overload for method 'PlayCard' takes 4 arguments [/home/maras/Desktop/TalesOfTribute/Tests/Tests.csproj]
/home/maras/Desktop/TalesOfTribute/Tests/Board/ComboContextTests.cs(133,37): error CS1061: '(List<UniqueBaseEffect> immediateEffects, List<UniqueBaseEffect> startOfNextTurnEffects)' does not contain a definition for 'Consume' and no accessible extension method 'Consume' accepting a first argument of type '(List<UniqueBaseEffect> immediateEffects, List<UniqueBaseEffect> startOfNextTurnEffects)' could be found (are you missing a using directive or an assembly reference?) [/home/maras/Desktop/TalesOfTribute/Tests/Tests.csproj]
/home/maras/Desktop/TalesOfTribute/Tests/Board/ComboContextTests.cs(136,25): error CS1501: No overload for method 'PlayCard' takes 4 arguments [/home/maras/Desktop/TalesOfTribute/Tests/Tests.csproj]
/home/maras/Desktop/TalesOfTribute/Tests/Board/ComboContextTests.cs(137,33): error CS1061: '(List<UniqueBaseEffect> immediateEffects, List<UniqueBaseEffect> startOfNextTurnEffects)' does not contain a definition for 'Consume' and no accessible extension method 'Consume' accepting a first argument of type '(List<UniqueBaseEffect> immediateEffects, List<UniqueBaseEffect> startOfNextTurnEffects)' could be found (are you missing a using directive or an assembly reference?) [/home/maras/Desktop/TalesOfTribute/Tests/Tests.csproj]
/home/maras/Desktop/TalesOfTribute/Tests/Board/ComboContextTests.cs(138,25): error CS1503: Argument 2: cannot convert from 'method group' to 'int' [/home/maras/Desktop/TalesOfTribute/Tests/Tests.csproj]
/home/maras/Desktop/TalesOfTribute/Tests/Board/ComboContextTests.cs(144,26): error CS1501: No overload for method 'PlayCard' takes 4 arguments [/home/maras/Desktop/TalesOfTribute/Tests/Tests.csproj]
/home/maras/Desktop/TalesOfTribute/Tests/Board/ComboContextTests.cs(145,31): error CS1061: '(List<UniqueBaseEffect> immediateEffects, List<UniqueBaseEffect> startOfNextTurnEffects)' does not contain a definition for 'Consume' and no accessible extension method 'Consume' accepting a first argument of type '(List<UniqueBaseEffect> immediateEffects, List<UniqueBaseEffect> startOfNextTurnEffects)' could be found (are you missing a using directive or an assembly reference?) [/home/maras/Desktop/TalesOfTribute/Tests/Tests.csproj]
/home/maras/Desktop/TalesOfTribute/Tests/Board/ComboContextTests.cs(150,29): error CS1501: No overload for method 'PlayCard' takes 4 arguments [/home/maras/Desktop/TalesOfTribute/Tests/Tests.csproj]
/home/maras/Desktop/TalesOfTribute/Tests/Board/ComboContextTests.cs(151,37): error CS1061: '(List<UniqueBaseEffect> immediateEffects, List<UniqueBaseEffect> startOfNextTurnEffects)' does not contain a definition for 'Consume' and no accessible extension method 'Consume' accepting a first argument of type '(List<UniqueBaseEffect> immediateEffects, List<UniqueBaseEffect> startOfNextTurnEffects)' could be found (are you missing a using directive or an assembly reference?) [/home/maras/Desktop/TalesOfTribute/Tests/Tests.csproj]
/home/maras/Desktop/TalesOfTribute/Tests/Board/PlayResultTests.cs(32,23): error CS0308: The non-generic type 'Choice' cannot be used with type arguments [/home/maras/Desktop/TalesOfTribute/Tests/Tests.csproj]
/home/maras/Desktop/TalesOfTribute/Tests/Board/PlayResultTests.cs(32,30): error CS0246: The type or namespace name 'Effect' could not be found (are you missing a using directive or an assembly reference?) [/home/maras/Desktop/TalesOfTribute/Tests/Tests.csproj]
/home/maras/Desktop/TalesOfTribute/Tests/Board/PlayResultTests.cs(32,47): error CS0246: The type or namespace name 'EffectType' could not be found (are you missing a using directive or an assembly reference?) [/home/maras/Desktop/TalesOfTribute/Tests/Tests.csproj]
/home/maras/Desktop/TalesOfTribute/Tests/Board/PlayResultTests.cs(32,61): error CS0103: The name 'EffectType' does not exist in the current context [/home/maras/Desktop/TalesOfTribute/Tests/Tests.csproj]
/home/maras/Desktop/TalesOfTribute/Tests/Board/PlayResultTests.cs(32,78): error CS0103: The name 'EffectType' does not exist in the current context [/home/maras/Desktop/TalesOfTribute/Tests/Tests.csproj]
/home/maras/Desktop/TalesOfTribute/Tests/Board/PlayResultTests.cs(32,95): error CS0103: The name 'EffectType' does not exist in the current context [/home/maras/Desktop/TalesOfTribute/Tests/Tests.csproj]
/home/maras/Desktop/TalesOfTribute/Tests/Board/PlayResultTests.cs(33,51): error CS1503: Argument 1: cannot convert from 'TalesOfTribute.Patron' to 'TalesOfTribute.PatronId' [/home/maras/Desktop/TalesOfTribute/Tests/Tests.csproj]
/home/maras/Desktop/TalesOfTribute/Tests/Board/PlayResultTests.cs(35,42): error CS0246: The type or namespace name 'EffectType' could not be found (are you missing a using directive or an assembly reference?) [/home/maras/Desktop/TalesOfTribute/Tests/Tests.csproj]
/home/maras/Desktop/TalesOfTribute/Tests/Board/PlayResultTests.cs(35,56): error CS0103: The name 'EffectType' does not exist in the current context [/home/maras/Desktop/TalesOfTribute/Tests/Tests.csproj]
/home/maras/Desktop/TalesOfTribute/Tests/Board/PlayResultTests.cs(35,73): error CS0103: The name 'EffectType' does not exist in the current context [/home/maras/Desktop/TalesOfTribute/Tests/Tests.csproj]
/home/maras/Desktop/TalesOfTribute/Tests/Board/ExecutionChainTests.cs(9,27): error CS7036: There is no argument given that corresponds to the required parameter 'rnd' of 'Player.Player(PlayerEnum, SeededRandom)' [/home/maras/Desktop/TalesOfTribute/Tests/Tests.csproj]
/home/maras/Desktop/TalesOfTribute/Tests/Board/ExecutionChainTests.cs(10,27): error CS7036: There is no argument given that corresponds to the required parameter 'rnd' of 'Player.Player(PlayerEnum, SeededRandom)' [/home/maras/Desktop/TalesOfTribute/Tests/Tests.csproj]
/home/maras/Desktop/TalesOfTribute/Tests/Board/ExecutionChainTests.cs(11,26): error CS7036: There is no argument given that corresponds to the required parameter 'rnd' of 'Tavern.Tavern(List<UniqueCard>, SeededRandom)' [/home/maras/Desktop/TalesOfTribute/Tests/Tests.csproj]
/home/maras/Desktop/TalesOfTribute/Tests/Board/Patrons/PatronTests.cs(158,52): error CS0246: The type or namespace name 'Card' could not be found (are you missing a using directive or an assembly reference?) [/home/maras/Desktop/TalesOfTribute/Tests/Tests.csproj]
/home/maras/Desktop/TalesOfTribute/Tests/Board/Patrons/PatronTests.cs(159,13): error CS1950: The best overloaded Add method 'List<Card>.Add(Card)' for the collection initializer has some invalid arguments [/home/maras/Desktop/TalesOfTribute/Tests/Tests.csproj]
/home/maras/Desktop/TalesOfTribute/Tests/Board/Patrons/PatronTests.cs(159,13): error CS1503: Argument 1: cannot convert from 'TalesOfTribute.Board.Cards.UniqueCard' to 'Card' [/home/maras/Desktop/TalesOfTribute/Tests/Tests.csproj]
/home/maras/Desktop/TalesOfTribute/Tests/Board/Patrons/PatronTests.cs(160,13): error CS1950: The best overloaded Add method 'List<Card>.Add(Card)' for the collection initializer has some invalid arguments [/home/maras/Desktop/TalesOfTribute/Tests/Tests.csproj]
/home/maras/Desktop/TalesOfTribute/Tests/Board/Patrons/PatronTests.cs(160,13): error CS1503: Argument 1: cannot convert from 'TalesOfTribute.Board.Cards.UniqueCard' to 'Card' [/home/maras/Desktop/TalesOfTribute/Tests/Tests.csproj]
/home/maras/Desktop/TalesOfTribute/Tests/Board/Patrons/PatronTests.cs(167,59): error CS0308: The non-generic type 'Choice' cannot be used with type arguments [/home/maras/Desktop/TalesOfTribute/Tests/Tests.csproj]
/home/maras/Desktop/TalesOfTribute/Tests/Board/Patrons/PatronTests.cs(167,66): error CS0246: The type or namespace name 'Card' could not be found (are you missing a using directive or an assembly reference?) [/home/maras/Desktop/TalesOfTribute/Tests/Tests.csproj]
/home/maras/Desktop/TalesOfTribute/Tests/Board/Patrons/PatronTests.cs(168,55): error CS0246: The type or namespace name 'Card' could not be found (are you missing a using directive or an assembly reference?) [/home/maras/Desktop/TalesOfTribute/Tests/Tests.csproj]
/home/maras/Desktop/TalesOfTribute/Tests/Board/Patrons/PatronTests.cs(168,65): error CS1950: The best overloaded Add method 'List<Card>.Add(Card)' for the collection initializer has some invalid arguments [/home/maras/Desktop/TalesOfTribute/Tests/Tests.csproj]
/home/maras/Desktop/TalesOfTribute/Tests/Board/Patrons/PatronTests.cs(168,65): error CS1503: Argument 1: cannot convert from 'TalesOfTribute.Board.Cards.UniqueCard' to 'Card' [/home/maras/Desktop/TalesOfTribute/Tests/Tests.csproj]
/home/maras/Desktop/TalesOfTribute/Tests/Board/PlayResultTests.cs(42,23): error CS0308: The non-generic type 'Choice' cannot be used with type arguments [/home/maras/Desktop/TalesOfTribute/Tests/Tests.csproj]
/home/maras/Desktop/TalesOfTribute/Tests/Board/PlayResultTests.cs(42,30): error CS0246: The type or namespace name 'Effect' could not be found (are you missing a using directive or an assembly reference?) [/home/maras/Desktop/TalesOfTribute/Tests/Tests.csproj]
/home/maras/Desktop/TalesOfTribute/Tests/Board/PlayResultTests.cs(42,47): error CS0246: The type or namespace name 'EffectType' could not be found (are you missing a using directive or an assembly reference?) [/home/maras/Desktop/TalesOfTribute/Tests/Tests.csproj]
/home/maras/Desktop/TalesOfTribute/Tests/Board/PlayResultTests.cs(42,61): error CS0103: The name 'EffectType' does not exist in the current context [/home/maras/Desktop/TalesOfTribute/Tests/Tests.csproj]
/home/maras/Desktop/TalesOfTribute/Tests/Board/PlayResultTests.cs(43,51): error CS1503: Argument 1: cannot convert from 'TalesOfTribute.Patron' to 'TalesOfTribute.PatronId' [/home/maras/Desktop/TalesOfTribute/Tests/Tests.csproj]
/home/maras/Desktop/TalesOfTribute/Tests/Board/PlayResultTests.cs(45,33): error CS0103: The name 'EffectType' does not exist in the current context [/home/maras/Desktop/TalesOfTribute/Tests/Tests.csproj]
/home/maras/Desktop/TalesOfTribute/Tests/Board/EffectTests.cs(15,31): error CS0246: The type or namespace name 'Effect' could not be found (are you missing a using directive or an assembly reference?) [/home/maras/Desktop/TalesOfTribute/Tests/Tests.csproj]
/home/maras/Desktop/TalesOfTribute/Tests/Board/EffectTests.cs(15,38): error CS0103: The name 'EffectType' does not exist in the current context [/home/maras/Desktop/TalesOfTribute/Tests/Tests.csproj]
/home/maras/Desktop/TalesOfTribute/Tests/Board/EffectTests.cs(25,26): error CS0246: The type or namespace name 'Effect' could not be found (are you missing a using directive or an assembly reference?) [/home/maras/Desktop/TalesOfTribute/Tests/Tests.csproj]
/home/maras/Desktop/TalesOfTribute/Tests/Board/EffectTests.cs(25,33): error CS0103: The name 'EffectType' does not exist in the current context [/home/maras/Desktop/TalesOfTribute/Tests/Tests.csproj]
/home/maras/Desktop/TalesOfTribute/Tests/Board/ExecutionChainTests.cs(16,20): error CS1729: 'ExecutionChain' does not contain a constructor that takes 3 arguments [/home/maras/Desktop/TalesOfTribute/Tests/Tests.csproj]
/home/maras/Desktop/TalesOfTribute/Tests/Board/ExecutionChainTests.cs(19,27): error CS0246: The type or namespace name 'EffectOr' could not be found (are you missing a using directive or an assembly reference?) [/home/maras/Desktop/TalesOfTribute/Tests/Tests.csproj]
/home/maras/Desktop/TalesOfTribute/Tests/Board/ExecutionChainTests.cs(19,40): error CS0246: The type or namespace name 'Effect' could not be found (are you missing a using directive or an assembly reference?) [/home/maras/Desktop/TalesOfTribute/Tests/Tests.csproj]
/home/maras/Desktop/TalesOfTribute/Tests/Board/ExecutionChainTests.cs(19,47): error CS0103: The name 'EffectType' does not exist in the current context [/home/maras/Desktop/TalesOfTribute/Tests/Tests.csproj]
/home/maras/Desktop/TalesOfTribute/Tests/Board/ExecutionChainTests.cs(20,17): error CS0246: The type or namespace name 'Effect' could not be found (are you missing a using directive or an assembly reference?) [/home/maras/Desktop/TalesOfTribute/Tests/Tests.csproj]
/home/maras/Desktop/TalesOfTribute/Tests/Board/ExecutionChainTests.cs(20,24): error CS0103: The name 'EffectType' does not exist in the current context [/home/maras/Desktop/TalesOfTribute/Tests/Tests.csproj]
/home/maras/Desktop/TalesOfTribute/Tests/Board/ExecutionChainTests.cs(23,22): error CS0246: The type or namespace name 'Effect' could not be found (are you missing a using directive or an assembly reference?) [/home/maras/Desktop/TalesOfTribute/Tests/Tests.csproj]
/home/maras/Desktop/TalesOfTribute/Tests/Board/ExecutionChainTests.cs(23,29): error CS0103: The name 'EffectType' does not exist in the current context [/home/maras/Desktop/TalesOfTribute/Tests/Tests.csproj]
/home/maras/Desktop/TalesOfTribute/Tests/Board/ExecutionChainTests.cs(25,28): error CS7036: There is no argument given that corresponds to the required parameter 'owner' of 'ExecutionChain.Consume(IPlayer, IPlayer, ITavern)' [/home/maras/Desktop/TalesOfTribute/Tests/Tests.csproj]
/home/maras/Desktop/TalesOfTribute/Tests/Board/ExecutionChainTests.cs(30,31): error CS0308: The non-generic type 'Choice' cannot be used with type arguments [/home/maras/Desktop/TalesOfTribute/Tests/Tests.csproj]
/home/maras/Desktop/TalesOfTribute/Tests/Board/ExecutionChainTests.cs(30,38): error CS0246: The type or namespace name 'Effect' could not be found (are you missing a using directive or an assembly reference?) [/home/maras/Desktop/TalesOfTribute/Tests/Tests.csproj]
/home/maras/Desktop/TalesOfTribute/Tests/Board/ExecutionChainTests.cs(31,32): error CS0308: The non-generic type 'Choice' cannot be used with type arguments [/home/maras/Desktop/TalesOfTribute/Tests/Tests.csproj]
/home/maras/Desktop/TalesOfTribute/Tests/Board/ExecutionChainTests.cs(31,39): error CS0246: The type or namespace name 'Effect' could not be found (are you missing a using directive or an assembly reference?) [/home/maras/Desktop/TalesOfTribute/Tests/Tests.csproj]
/home/maras/Desktop/TalesOfTribute/Tests/Board/ExecutionChainTests.cs(32,39): error CS0103: The name 'EffectType' does not exist in the current context [/home/maras/Desktop/TalesOfTribute/Tests/Tests.csproj]
/home/maras/Desktop/TalesOfTribute/Tests/Board/ExecutionChainTests.cs(33,34): error CS0308: The non-generic type 'Choice' cannot be used with type arguments [/home/maras/Desktop/TalesOfTribute/Tests/Tests.csproj]
/home/maras/Desktop/TalesOfTribute/Tests/Board/ExecutionChainTests.cs(33,41): error CS0246: The type or namespace name 'Card' could not be found (are you missing a using directive or an assembly reference?) [/home/maras/Desktop/TalesOfTribute/Tests/Tests.csproj]
/home/maras/Desktop/TalesOfTribute/Tests/AI/TalesOfTributeGameTests.cs(44,31): error CS1061: 'ITalesOfTributeApi' does not contain a definition for 'HandleStartOfTurnChoices' and no accessible extension method 'HandleStartOfTurnChoices' accepting a first argument of type 'ITalesOfTributeApi' could be found (are you missing a using directive or an assembly reference?) [/home/maras/Desktop/TalesOfTribute/Tests/Tests.csproj]
/home/maras/Desktop/TalesOfTribute/Tests/AI/TalesOfTributeGameTests.cs(49,44): error CS0246: The type or namespace name 'Card' could not be found (are you missing a using directive or an assembly reference?) [/home/maras/Desktop/TalesOfTribute/Tests/Tests.csproj]
/home/maras/Desktop/TalesOfTribute/Tests/AI/TalesOfTributeGameTests.cs(49,52): error CS1950: The best overloaded Add method 'List<Card>.Add(Card)' for the collection initializer has some invalid arguments [/home/maras/Desktop/TalesOfTribute/Tests/Tests.csproj]
/home/maras/Desktop/TalesOfTribute/Tests/AI/TalesOfTributeGameTests.cs(49,52): error CS1503: Argument 1: cannot convert from 'TalesOfTribute.Board.Cards.UniqueCard' to 'Card' [/home/maras/Desktop/TalesOfTribute/Tests/Tests.csproj]
/home/maras/Desktop/TalesOfTribute/Tests/AI/TalesOfTributeGameTests.cs(52,49): error CS1061: 'Task<(EndGameState, SerializedBoard)>' does not contain a definition for 'Winner' and no accessible extension method 'Winner' accepting a first argument of type 'Task<(EndGameState, SerializedBoard)>' could be found (are you missing a using directive or an assembly reference?) [/home/maras/Desktop/TalesOfTribute/Tests/Tests.csproj]
/home/maras/Desktop/TalesOfTribute/Tests/AI/TalesOfTributeGameTests.cs(53,59): error CS1061: 'Task<(EndGameState, SerializedBoard)>' does not contain a definition for 'Reason' and no accessible extension method 'Reason' accepting a first argument of type 'Task<(EndGameState, SerializedBoard)>' could be found (are you missing a using directive or an assembly reference?) [/home/maras/Desktop/TalesOfTribute/Tests/Tests.csproj]
/home/maras/Desktop/TalesOfTribute/Tests/Board/PlayResultTests.cs(52,23): error CS0308: The non-generic type 'Choice' cannot be used with type arguments [/home/maras/Desktop/TalesOfTribute/Tests/Tests.csproj]
/home/maras/Desktop/TalesOfTribute/Tests/Board/PlayResultTests.cs(52,30): error CS0246: The type or namespace name 'Effect' could not be found (are you missing a using directive or an assembly reference?) [/home/maras/Desktop/TalesOfTribute/Tests/Tests.csproj]
/home/maras/Desktop/TalesOfTribute/Tests/Board/PlayResultTests.cs(52,47): error CS0246: The type or namespace name 'EffectType' could not be found (are you missing a using directive or an assembly reference?) [/home/maras/Desktop/TalesOfTribute/Tests/Tests.csproj]
/home/maras/Desktop/TalesOfTribute/Tests/Board/PlayResultTests.cs(52,61): error CS0103: The name 'EffectType' does not exist in the current context [/home/maras/Desktop/TalesOfTribute/Tests/Tests.csproj]
/home/maras/Desktop/TalesOfTribute/Tests/Board/PlayResultTests.cs(52,78): error CS0103: The name 'EffectType' does not exist in the current context [/home/maras/Desktop/TalesOfTribute/Tests/Tests.csproj]
/home/maras/Desktop/TalesOfTribute/Tests/Board/PlayResultTests.cs(52,95): error CS0103: The name 'EffectType' does not exist in the current context [/home/maras/Desktop/TalesOfTribute/Tests/Tests.csproj]
/home/maras/Desktop/TalesOfTribute/Tests/Board/PlayResultTests.cs(53,51): error CS1503: Argument 1: cannot convert from 'TalesOfTribute.Patron' to 'TalesOfTribute.PatronId' [/home/maras/Desktop/TalesOfTribute/Tests/Tests.csproj]
/home/maras/Desktop/TalesOfTribute/Tests/Board/PlayResultTests.cs(55,42): error CS0246: The type or namespace name 'EffectType' could not be found (are you missing a using directive or an assembly reference?) [/home/maras/Desktop/TalesOfTribute/Tests/Tests.csproj]
/home/maras/Desktop/TalesOfTribute/Tests/Board/PlayResultTests.cs(55,56): error CS0103: The name 'EffectType' does not exist in the current context [/home/maras/Desktop/TalesOfTribute/Tests/Tests.csproj]
/home/maras/Desktop/TalesOfTribute/Tests/Board/PlayResultTests.cs(55,73): error CS0103: The name 'EffectType' does not exist in the current context [/home/maras/Desktop/TalesOfTribute/Tests/Tests.csproj]
/home/maras/Desktop/TalesOfTribute/Tests/Board/ExecutionChainTests.cs(40,20): error CS1729: 'ExecutionChain' does not contain a constructor that takes 3 arguments [/home/maras/Desktop/TalesOfTribute/Tests/Tests.csproj]
/home/maras/Desktop/TalesOfTribute/Tests/Board/ExecutionChainTests.cs(43,27): error CS0246: The type or namespace name 'EffectOr' could not be found (are you missing a using directive or an assembly reference?) [/home/maras/Desktop/TalesOfTribute/Tests/Tests.csproj]
/home/maras/Desktop/TalesOfTribute/Tests/Board/ExecutionChainTests.cs(43,40): error CS0246: The type or namespace name 'Effect' could not be found (are you missing a using directive or an assembly reference?) [/home/maras/Desktop/TalesOfTribute/Tests/Tests.csproj]
/home/maras/Desktop/TalesOfTribute/Tests/Board/ExecutionChainTests.cs(43,47): error CS0103: The name 'EffectType' does not exist in the current context [/home/maras/Desktop/TalesOfTribute/Tests/Tests.csproj]
/home/maras/Desktop/TalesOfTribute/Tests/Board/ExecutionChainTests.cs(44,17): error CS0246: The type or namespace name 'Effect' could not be found (are you missing a using directive or an assembly reference?) [/home/maras/Desktop/TalesOfTribute/Tests/Tests.csproj]
/home/maras/Desktop/TalesOfTribute/Tests/Board/ExecutionChainTests.cs(44,24): error CS0103: The name 'EffectType' does not exist in the current context [/home/maras/Desktop/TalesOfTribute/Tests/Tests.csproj]
/home/maras/Desktop/TalesOfTribute/Tests/Board/ExecutionChainTests.cs(47,22): error CS0246: The type or namespace name 'Effect' could not be found (are you missing a using directive or an assembly reference?) [/home/maras/Desktop/TalesOfTribute/Tests/Tests.csproj]
/home/maras/Desktop/TalesOfTribute/Tests/Board/ExecutionChainTests.cs(47,29): error CS0103: The name 'EffectType' does not exist in the current context [/home/maras/Desktop/TalesOfTribute/Tests/Tests.csproj]
/home/maras/Desktop/TalesOfTribute/Tests/Board/ExecutionChainTests.cs(49,28): error CS7036: There is no argument given that corresponds to the required parameter 'owner' of 'ExecutionChain.Consume(IPlayer, IPlayer, ITavern)' [/home/maras/Desktop/TalesOfTribute/Tests/Tests.csproj]
/home/maras/Desktop/TalesOfTribute/Tests/Board/ExecutionChainTests.cs(54,31): error CS0308: The non-generic type 'Choice' cannot be used with type arguments [/home/maras/Desktop/TalesOfTribute/Tests/Tests.csproj]
/home/maras/Desktop/TalesOfTribute/Tests/Board/ExecutionChainTests.cs(54,38): error CS0246: The type or namespace name 'Effect' could not be found (are you missing a using directive or an assembly reference?) [/home/maras/Desktop/TalesOfTribute/Tests/Tests.csproj]
/home/maras/Desktop/TalesOfTribute/Tests/Board/ExecutionChainTests.cs(55,32): error CS0308: The non-generic type 'Choice' cannot be used with type arguments [/home/maras/Desktop/TalesOfTribute/Tests/Tests.csproj]
/home/maras/Desktop/TalesOfTribute/Tests/Board/ExecutionChainTests.cs(55,39): error CS0246: The type or namespace name 'Effect' could not be found (are you missing a using directive or an assembly reference?) [/home/maras/Desktop/TalesOfTribute/Tests/Tests.csproj]
/home/maras/Desktop/TalesOfTribute/Tests/Board/ExecutionChainTests.cs(56,39): error CS0103: The name 'EffectType' does not exist in the current context [/home/maras/Desktop/TalesOfTribute/Tests/Tests.csproj]
/home/maras/Desktop/TalesOfTribute/Tests/Board/EffectTests.cs(35,26): error CS0246: The type or namespace name 'Effect' could not be found (are you missing a using directive or an assembly reference?) [/home/maras/Desktop/TalesOfTribute/Tests/Tests.csproj]
/home/maras/Desktop/TalesOfTribute/Tests/Board/EffectTests.cs(35,33): error CS0103: The name 'EffectType' does not exist in the current context [/home/maras/Desktop/TalesOfTribute/Tests/Tests.csproj]
/home/maras/Desktop/TalesOfTribute/Tests/Board/EffectTests.cs(45,26): error CS0246: The type or namespace name 'Effect' could not be found (are you missing a using directive or an assembly reference?) [/home/maras/Desktop/TalesOfTribute/Tests/Tests.csproj]
/home/maras/Desktop/TalesOfTribute/Tests/Board/EffectTests.cs(45,33): error CS0103: The name 'EffectType' does not exist in the current context [/home/maras/Desktop/TalesOfTribute/Tests/Tests.csproj]
/home/maras/Desktop/TalesOfTribute/Tests/Board/BoardManagerTests.cs(41,13): error CS0815: Cannot assign void to an implicitly-typed variable [/home/maras/Desktop/TalesOfTribute/Tests/Tests.csproj]
/home/maras/Desktop/TalesOfTribute/Tests/Board/BoardManagerTests.cs(47,35): error CS0308: The non-generic type 'Choice' cannot be used with type arguments [/home/maras/Desktop/TalesOfTribute/Tests/Tests.csproj]
/home/maras/Desktop/TalesOfTribute/Tests/Board/BoardManagerTests.cs(47,42): error CS0246: The type or namespace name 'Effect' could not be found (are you missing a using directive or an assembly reference?) [/home/maras/Desktop/TalesOfTribute/Tests/Tests.csproj]
/home/maras/Desktop/TalesOfTribute/Tests/Board/BoardManagerTests.cs(49,36): error CS0308: The non-generic type 'Choice' cannot be used with type arguments [/home/maras/Desktop/TalesOfTribute/Tests/Tests.csproj]
/home/maras/Desktop/TalesOfTribute/Tests/Board/BoardManagerTests.cs(49,43): error CS0246: The type or namespace name 'Effect' could not be found (are you missing a using directive or an assembly reference?) [/home/maras/Desktop/TalesOfTribute/Tests/Tests.csproj]
/home/maras/Desktop/TalesOfTribute/Tests/Board/BoardManagerTests.cs(50,29): error CS0103: The name 'EffectType' does not exist in the current context [/home/maras/Desktop/TalesOfTribute/Tests/Tests.csproj]
/home/maras/Desktop/TalesOfTribute/Tests/Board/BoardManagerTests.cs(51,29): error CS0103: The name 'EffectType' does not exist in the current context [/home/maras/Desktop/TalesOfTribute/Tests/Tests.csproj]
/home/maras/Desktop/TalesOfTribute/Tests/Board/BoardManagerTests.cs(52,43): error CS0103: The name 'EffectType' does not exist in the current context [/home/maras/Desktop/TalesOfTribute/Tests/Tests.csproj]
/home/maras/Desktop/TalesOfTribute/Tests/Board/PlayResultTests.cs(62,23): error CS0308: The non-generic type 'Choice' cannot be used with type arguments [/home/maras/Desktop/TalesOfTribute/Tests/Tests.csproj]
/home/maras/Desktop/TalesOfTribute/Tests/Board/PlayResultTests.cs(62,30): error CS0246: The type or namespace name 'Effect' could not be found (are you missing a using directive or an assembly reference?) [/home/maras/Desktop/TalesOfTribute/Tests/Tests.csproj]
/home/maras/Desktop/TalesOfTribute/Tests/Board/PlayResultTests.cs(62,47): error CS0246: The type or namespace name 'EffectType' could not be found (are you missing a using directive or an assembly reference?) [/home/maras/Desktop/TalesOfTribute/Tests/Tests.csproj]
/home/maras/Desktop/TalesOfTribute/Tests/Board/PlayResultTests.cs(62,61): error CS0103: The name 'EffectType' does not exist in the current context [/home/maras/Desktop/TalesOfTribute/Tests/Tests.csproj]
/home/maras/Desktop/TalesOfTribute/Tests/Board/PlayResultTests.cs(62,78): error CS0103: The name 'EffectType' does not exist in the current context [/home/maras/Desktop/TalesOfTribute/Tests/Tests.csproj]
/home/maras/Desktop/TalesOfTribute/Tests/Board/PlayResultTests.cs(62,95): error CS0103: The name 'EffectType' does not exist in the current context [/home/maras/Desktop/TalesOfTribute/Tests/Tests.csproj]
/home/maras/Desktop/TalesOfTribute/Tests/Board/PlayResultTests.cs(63,51): error CS1503: Argument 1: cannot convert from 'TalesOfTribute.Patron' to 'TalesOfTribute.PatronId' [/home/maras/Desktop/TalesOfTribute/Tests/Tests.csproj]
/home/maras/Desktop/TalesOfTribute/Tests/Board/PlayResultTests.cs(65,42): error CS0246: The type or namespace name 'EffectType' could not be found (are you missing a using directive or an assembly reference?) [/home/maras/Desktop/TalesOfTribute/Tests/Tests.csproj]
/home/maras/Desktop/TalesOfTribute/Tests/Board/PlayResultTests.cs(65,56): error CS0103: The name 'EffectType' does not exist in the current context [/home/maras/Desktop/TalesOfTribute/Tests/Tests.csproj]
/home/maras/Desktop/TalesOfTribute/Tests/Board/PlayResultTests.cs(72,23): error CS0308: The non-generic type 'Choice' cannot be used with type arguments [/home/maras/Desktop/TalesOfTribute/Tests/Tests.csproj]
/home/maras/Desktop/TalesOfTribute/Tests/Board/PlayResultTests.cs(72,30): error CS0246: The type or namespace name 'Effect' could not be found (are you missing a using directive or an assembly reference?) [/home/maras/Desktop/TalesOfTribute/Tests/Tests.csproj]
/home/maras/Desktop/TalesOfTribute/Tests/Board/PlayResultTests.cs(72,47): error CS0246: The type or namespace name 'EffectType' could not be found (are you missing a using directive or an assembly reference?) [/home/maras/Desktop/TalesOfTribute/Tests/Tests.csproj]
/home/maras/Desktop/TalesOfTribute/Tests/Board/PlayResultTests.cs(72,61): error CS0103: The name 'EffectType' does not exist in the current context [/home/maras/Desktop/TalesOfTribute/Tests/Tests.csproj]
/home/maras/Desktop/TalesOfTribute/Tests/Board/PlayResultTests.cs(72,78): error CS0103: The name 'EffectType' does not exist in the current context [/home/maras/Desktop/TalesOfTribute/Tests/Tests.csproj]
/home/maras/Desktop/TalesOfTribute/Tests/Board/PlayResultTests.cs(72,95): error CS0103: The name 'EffectType' does not exist in the current context [/home/maras/Desktop/TalesOfTribute/Tests/Tests.csproj]
/home/maras/Desktop/TalesOfTribute/Tests/Board/PlayResultTests.cs(73,51): error CS1503: Argument 1: cannot convert from 'TalesOfTribute.Patron' to 'TalesOfTribute.PatronId' [/home/maras/Desktop/TalesOfTribute/Tests/Tests.csproj]
/home/maras/Desktop/TalesOfTribute/Tests/Board/PlayResultTests.cs(75,33): error CS0103: The name 'EffectType' does not exist in the current context [/home/maras/Desktop/TalesOfTribute/Tests/Tests.csproj]
/home/maras/Desktop/TalesOfTribute/Tests/Board/Patrons/PatronTests.cs(185,60): error CS0246: The type or namespace name 'Card' could not be found (are you missing a using directive or an assembly reference?) [/home/maras/Desktop/TalesOfTribute/Tests/Tests.csproj]
/home/maras/Desktop/TalesOfTribute/Tests/Board/Patrons/PatronTests.cs(186,13): error CS1950: The best overloaded Add method 'List<Card>.Add(Card)' for the collection initializer has some invalid arguments [/home/maras/Desktop/TalesOfTribute/Tests/Tests.csproj]
/home/maras/Desktop/TalesOfTribute/Tests/Board/Patrons/PatronTests.cs(186,13): error CS1503: Argument 1: cannot convert from 'TalesOfTribute.Board.Cards.UniqueCard' to 'Card' [/home/maras/Desktop/TalesOfTribute/Tests/Tests.csproj]
/home/maras/Desktop/TalesOfTribute/Tests/Board/Patrons/PatronTests.cs(193,58): error CS0308: The non-generic type 'Choice' cannot be used with type arguments [/home/maras/Desktop/TalesOfTribute/Tests/Tests.csproj]
/home/maras/Desktop/TalesOfTribute/Tests/Board/Patrons/PatronTests.cs(193,65): error CS0246: The type or namespace name 'Card' could not be found (are you missing a using directive or an assembly reference?) [/home/maras/Desktop/TalesOfTribute/Tests/Tests.csproj]
/home/maras/Desktop/TalesOfTribute/Tests/Board/Patrons/PatronTests.cs(194,55): error CS0246: The type or namespace name 'Card' could not be found (are you missing a using directive or an assembly reference?) [/home/maras/Desktop/TalesOfTribute/Tests/Tests.csproj]
/home/maras/Desktop/TalesOfTribute/Tests/Board/Patrons/PatronTests.cs(194,65): error CS1950: The best overloaded Add method 'List<Card>.Add(Card)' for the collection initializer has some invalid arguments [/home/maras/Desktop/TalesOfTribute/Tests/Tests.csproj]
/home/maras/Desktop/TalesOfTribute/Tests/Board/Patrons/PatronTests.cs(194,65): error CS1503: Argument 1: cannot convert from 'TalesOfTribute.Board.Cards.UniqueCard' to 'Card' [/home/maras/Desktop/TalesOfTribute/Tests/Tests.csproj]
/home/maras/Desktop/TalesOfTribute/Tests/AI/TalesOfTributeGameTests.cs(62,31): error CS1061: 'ITalesOfTributeApi' does not contain a definition for 'HandleStartOfTurnChoices' and no accessible extension method 'HandleStartOfTurnChoices' accepting a first argument of type 'ITalesOfTributeApi' could be found (are you missing a using directive or an assembly reference?) [/home/maras/Desktop/TalesOfTribute/Tests/Tests.csproj]
/home/maras/Desktop/TalesOfTribute/Tests/AI/TalesOfTributeGameTests.cs(71,49): error CS1061: 'Task<(EndGameState, SerializedBoard)>' does not contain a definition for 'Winner' and no accessible extension method 'Winner' accepting a first argument of type 'Task<(EndGameState, SerializedBoard)>' could be found (are you missing a using directive or an assembly reference?) [/home/maras/Desktop/TalesOfTribute/Tests/Tests.csproj]
/home/maras/Desktop/TalesOfTribute/Tests/AI/TalesOfTributeGameTests.cs(72,59): error CS1061: 'Task<(EndGameState, SerializedBoard)>' does not contain a definition for 'Reason' and no accessible extension method 'Reason' accepting a first argument of type 'Task<(EndGameState, SerializedBoard)>' could be found (are you missing a using directive or an assembly reference?) [/home/maras/Desktop/TalesOfTribute/Tests/Tests.csproj]
/home/maras/Desktop/TalesOfTribute/Tests/Board/PlayResultTests.cs(82,23): error CS0308: The non-generic type 'Choice' cannot be used with type arguments [/home/maras/Desktop/TalesOfTribute/Tests/Tests.csproj]
/home/maras/Desktop/TalesOfTribute/Tests/Board/PlayResultTests.cs(82,30): error CS0246: The type or namespace name 'Card' could not be found (are you missing a using directive or an assembly reference?) [/home/maras/Desktop/TalesOfTribute/Tests/Tests.csproj]
/home/maras/Desktop/TalesOfTribute/Tests/Board/PlayResultTests.cs(82,45): error CS0246: The type or namespace name 'Card' could not be found (are you missing a using directive or an assembly reference?) [/home/maras/Desktop/TalesOfTribute/Tests/Tests.csproj]
/home/maras/Desktop/TalesOfTribute/Tests/Board/PlayResultTests.cs(83,88): error CS1503: Argument 1: cannot convert from 'TalesOfTribute.Patron' to 'TalesOfTribute.PatronId' [/home/maras/Desktop/TalesOfTribute/Tests/Tests.csproj]
/home/maras/Desktop/TalesOfTribute/Tests/Board/PlayResultTests.cs(85,42): error CS0246: The type or namespace name 'Card' could not be found (are you missing a using directive or an assembly reference?) [/home/maras/Desktop/TalesOfTribute/Tests/Tests.csproj]
/home/maras/Desktop/TalesOfTribute/Tests/Board/PlayerTests.cs(8,31): error CS7036: There is no argument given that corresponds to the required parameter 'rnd' of 'Player.Player(PlayerEnum, SeededRandom)' [/home/maras/Desktop/TalesOfTribute/Tests/Tests.csproj]
/home/maras/Desktop/TalesOfTribute/Tests/Board/BoardManagerTests.cs(68,71): error CS0103: The name 'CardType' does not exist in the current context [/home/maras/Desktop/TalesOfTribute/Tests/Tests.csproj]
/home/maras/Desktop/TalesOfTribute/Tests/Board/BoardManagerTests.cs(68,99): error CS0103: The name 'CardType' does not exist in the current context [/home/maras/Desktop/TalesOfTribute/Tests/Tests.csproj]
/home/maras/Desktop/TalesOfTribute/Tests/Board/ExecutionChainTests.cs(65,20): error CS1729: 'ExecutionChain' does not contain a constructor that takes 3 arguments [/home/maras/Desktop/TalesOfTribute/Tests/Tests.csproj]
/home/maras/Desktop/TalesOfTribute/Tests/Board/ExecutionChainTests.cs(72,27): error CS0246: The type or namespace name 'EffectOr' could not be found (are you missing a using directive or an assembly reference?) [/home/maras/Desktop/TalesOfTribute/Tests/Tests.csproj]
/home/maras/Desktop/TalesOfTribute/Tests/Board/ExecutionChainTests.cs(72,40): error CS0246: The type or namespace name 'Effect' could not be found (are you missing a using directive or an assembly reference?) [/home/maras/Desktop/TalesOfTribute/Tests/Tests.csproj]
/home/maras/Desktop/TalesOfTribute/Tests/Board/ExecutionChainTests.cs(72,47): error CS0103: The name 'EffectType' does not exist in the current context [/home/maras/Desktop/TalesOfTribute/Tests/Tests.csproj]
/home/maras/Desktop/TalesOfTribute/Tests/Board/ExecutionChainTests.cs(73,17): error CS0246: The type or namespace name 'Effect' could not be found (are you missing a using directive or an assembly reference?) [/home/maras/Desktop/TalesOfTribute/Tests/Tests.csproj]
/home/maras/Desktop/TalesOfTribute/Tests/Board/ExecutionChainTests.cs(73,24): error CS0103: The name 'EffectType' does not exist in the current context [/home/maras/Desktop/TalesOfTribute/Tests/Tests.csproj]
/home/maras/Desktop/TalesOfTribute/Tests/Board/ExecutionChainTests.cs(77,27): error CS0246: The type or namespace name 'EffectComposite' could not be found (are you missing a using directive or an assembly reference?) [/home/maras/Desktop/TalesOfTribute/Tests/Tests.csproj]
/home/maras/Desktop/TalesOfTribute/Tests/Board/ExecutionChainTests.cs(77,47): error CS0246: The type or namespace name 'Effect' could not be found (are you missing a using directive or an assembly reference?) [/home/maras/Desktop/TalesOfTribute/Tests/Tests.csproj]
/home/maras/Desktop/TalesOfTribute/Tests/Board/ExecutionChainTests.cs(77,54): error CS0103: The name 'EffectType' does not exist in the current context [/home/maras/Desktop/TalesOfTribute/Tests/Tests.csproj]
/home/maras/Desktop/TalesOfTribute/Tests/Board/ExecutionChainTests.cs(78,17): error CS0246: The type or namespace name 'Effect' could not be found (are you missing a using directive or an assembly reference?) [/home/maras/Desktop/TalesOfTribute/Tests/Tests.csproj]
/home/maras/Desktop/TalesOfTribute/Tests/Board/ExecutionChainTests.cs(78,24): error CS0103: The name 'EffectType' does not exist in the current context [/home/maras/Desktop/TalesOfTribute/Tests/Tests.csproj]
/home/maras/Desktop/TalesOfTribute/Tests/Board/ExecutionChainTests.cs(80,35): error CS0246: The type or namespace name 'BaseEffect' could not be found (are you missing a using directive or an assembly reference?) [/home/maras/Desktop/TalesOfTribute/Tests/Tests.csproj]
/home/maras/Desktop/TalesOfTribute/Tests/Board/ExecutionChainTests.cs(92,37): error CS7036: There is no argument given that corresponds to the required parameter 'owner' of 'ExecutionChain.Consume(IPlayer, IPlayer, ITavern)' [/home/maras/Desktop/TalesOfTribute/Tests/Tests.csproj]
/home/maras/Desktop/TalesOfTribute/Tests/Board/ExecutionChainTests.cs(99,47): error CS0308: The non-generic type 'Choice' cannot be used with type arguments [/home/maras/Desktop/TalesOfTribute/Tests/Tests.csproj]
/home/maras/Desktop/TalesOfTribute/Tests/Board/ExecutionChainTests.cs(99,54): error CS0246: The type or namespace name 'Effect' could not be found (are you missing a using directive or an assembly reference?) [/home/maras/Desktop/TalesOfTribute/Tests/Tests.csproj]
/home/maras/Desktop/TalesOfTribute/Tests/Board/ExecutionChainTests.cs(100,48): error CS0308: The non-generic type 'Choice' cannot be used with type arguments [/home/maras/Desktop/TalesOfTribute/Tests/Tests.csproj]
/home/maras/Desktop/TalesOfTribute/Tests/Board/ExecutionChainTests.cs(100,55): error CS0246: The type or namespace name 'Effect' could not be found (are you missing a using directive or an assembly reference?) [/home/maras/Desktop/TalesOfTribute/Tests/Tests.csproj]
/home/maras/Desktop/TalesOfTribute/Tests/Board/ExecutionChainTests.cs(101,55): error CS0103: The name 'EffectType' does not exist in the current context [/home/maras/Desktop/TalesOfTribute/Tests/Tests.csproj]
/home/maras/Desktop/TalesOfTribute/Tests/Board/ExecutionChainTests.cs(102,50): error CS0308: The non-generic type 'Choice' cannot be used with type arguments [/home/maras/Desktop/TalesOfTribute/Tests/Tests.csproj]
/home/maras/Desktop/TalesOfTribute/Tests/Board/ExecutionChainTests.cs(102,57): error CS0246: The type or namespace name 'Card' could not be found (are you missing a using directive or an assembly reference?) [/home/maras/Desktop/TalesOfTribute/Tests/Tests.csproj]
/home/maras/Desktop/TalesOfTribute/Tests/Board/ExecutionChainTests.cs(103,54): error CS0308: The non-generic type 'Choice' cannot be used with type arguments [/home/maras/Desktop/TalesOfTribute/Tests/Tests.csproj]
/home/maras/Desktop/TalesOfTribute/Tests/Board/ExecutionChainTests.cs(103,61): error CS0246: The type or namespace name 'Card' could not be found (are you missing a using directive or an assembly reference?) [/home/maras/Desktop/TalesOfTribute/Tests/Tests.csproj]
/home/maras/Desktop/TalesOfTribute/Tests/Board/ExecutionChainTests.cs(111,37): warning CS0184: The given expression is never of the provided ('Success') type [/home/maras/Desktop/TalesOfTribute/Tests/Tests.csproj]
/home/maras/Desktop/TalesOfTribute/Tests/Board/ExecutionChainTests.cs(117,47): error CS0308: The non-generic type 'Choice' cannot be used with type arguments [/home/maras/Desktop/TalesOfTribute/Tests/Tests.csproj]
/home/maras/Desktop/TalesOfTribute/Tests/Board/ExecutionChainTests.cs(117,54): error CS0246: The type or namespace name 'Card' could not be found (are you missing a using directive or an assembly reference?) [/home/maras/Desktop/TalesOfTribute/Tests/Tests.csproj]
/home/maras/Desktop/TalesOfTribute/Tests/Board/ExecutionChainTests.cs(118,48): error CS0308: The non-generic type 'Choice' cannot be used with type arguments [/home/maras/Desktop/TalesOfTribute/Tests/Tests.csproj]
/home/maras/Desktop/TalesOfTribute/Tests/Board/ExecutionChainTests.cs(118,55): error CS0246: The type or namespace name 'Card' could not be found (are you missing a using directive or an assembly reference?) [/home/maras/Desktop/TalesOfTribute/Tests/Tests.csproj]
/home/maras/Desktop/TalesOfTribute/Tests/Board/ExecutionChainTests.cs(7,28): warning CS8618: Non-nullable field '_sut' must contain a non-null value when exiting constructor. Consider declaring the field as nullable. [/home/maras/Desktop/TalesOfTribute/Tests/Tests.csproj]
/home/maras/Desktop/TalesOfTribute/Tests/Board/PlayerTests.cs(16,94): error CS0246: The type or namespace name 'Card' could not be found (are you missing a using directive or an assembly reference?) [/home/maras/Desktop/TalesOfTribute/Tests/Tests.csproj]
/home/maras/Desktop/TalesOfTribute/Tests/Board/PlayerTests.cs(16,102): error CS1950: The best overloaded Add method 'List<Card>.Add(Card)' for the collection initializer has some invalid arguments [/home/maras/Desktop/TalesOfTribute/Tests/Tests.csproj]
/home/maras/Desktop/TalesOfTribute/Tests/Board/PlayerTests.cs(16,102): error CS1503: Argument 1: cannot convert from 'TalesOfTribute.Board.Cards.UniqueCard' to 'Card' [/home/maras/Desktop/TalesOfTribute/Tests/Tests.csproj]
/home/maras/Desktop/TalesOfTribute/Tests/Board/PlayerTests.cs(17,57): error CS0246: The type or namespace name 'Card' could not be found (are you missing a using directive or an assembly reference?) [/home/maras/Desktop/TalesOfTribute/Tests/Tests.csproj]
/home/maras/Desktop/TalesOfTribute/Tests/Board/PlayerTests.cs(18,64): error CS0246: The type or namespace name 'Card' could not be found (are you missing a using directive or an assembly reference?) [/home/maras/Desktop/TalesOfTribute/Tests/Tests.csproj]
/home/maras/Desktop/TalesOfTribute/Tests/Board/PlayerTests.cs(18,55): error CS1503: Argument 1: cannot convert from 'System.Collections.Generic.List<Card>' to 'System.Collections.Generic.List<TalesOfTribute.Board.Cards.UniqueCard>' [/home/maras/Desktop/TalesOfTribute/Tests/Tests.csproj]
/home/maras/Desktop/TalesOfTribute/Tests/Board/PlayerTests.cs(24,26): error CS1501: No overload for method 'PlayCard' takes 3 arguments [/home/maras/Desktop/TalesOfTribute/Tests/Tests.csproj]
/home/maras/Desktop/TalesOfTribute/Tests/Board/PlayerTests.cs(24,13): error CS0815: Cannot assign void to an implicitly-typed variable [/home/maras/Desktop/TalesOfTribute/Tests/Tests.csproj]
/home/maras/Desktop/TalesOfTribute/Tests/Board/PlayerTests.cs(35,48): error CS0308: The non-generic type 'Choice' cannot be used with type arguments [/home/maras/Desktop/TalesOfTribute/Tests/Tests.csproj]
/home/maras/Desktop/TalesOfTribute/Tests/Board/PlayerTests.cs(35,55): error CS0246: The type or namespace name 'Card' could not be found (are you missing a using directive or an assembly reference?) [/home/maras/Desktop/TalesOfTribute/Tests/Tests.csproj]
/home/maras/Desktop/TalesOfTribute/Tests/Board/EffectTests.cs(56,26): error CS0246: The type or namespace name 'Effect' could not be found (are you missing a using directive or an assembly reference?) [/home/maras/Desktop/TalesOfTribute/Tests/Tests.csproj]
/home/maras/Desktop/TalesOfTribute/Tests/Board/EffectTests.cs(56,33): error CS0103: The name 'EffectType' does not exist in the current context [/home/maras/Desktop/TalesOfTribute/Tests/Tests.csproj]
/home/maras/Desktop/TalesOfTribute/Tests/Board/EffectTests.cs(58,42): error CS0246: The type or namespace name 'Card' could not be found (are you missing a using directive or an assembly reference?) [/home/maras/Desktop/TalesOfTribute/Tests/Tests.csproj]
/home/maras/Desktop/TalesOfTribute/Tests/Board/EffectTests.cs(60,13): error CS1950: The best overloaded Add method 'List<Card>.Add(Card)' for the collection initializer has some invalid arguments [/home/maras/Desktop/TalesOfTribute/Tests/Tests.csproj]
/home/maras/Desktop/TalesOfTribute/Tests/Board/EffectTests.cs(60,13): error CS1503: Argument 1: cannot convert from 'TalesOfTribute.Board.Cards.UniqueCard' to 'Card' [/home/maras/Desktop/TalesOfTribute/Tests/Tests.csproj]
/home/maras/Desktop/TalesOfTribute/Tests/Board/EffectTests.cs(61,13): error CS1950: The best overloaded Add method 'List<Card>.Add(Card)' for the collection initializer has some invalid arguments [/home/maras/Desktop/TalesOfTribute/Tests/Tests.csproj]
/home/maras/Desktop/TalesOfTribute/Tests/Board/EffectTests.cs(61,13): error CS1503: Argument 1: cannot convert from 'TalesOfTribute.Board.Cards.UniqueCard' to 'Card' [/home/maras/Desktop/TalesOfTribute/Tests/Tests.csproj]
/home/maras/Desktop/TalesOfTribute/Tests/Board/EffectTests.cs(64,58): error CS1503: Argument 1: cannot convert from 'System.Collections.Generic.List<Card>' to 'System.Collections.Generic.List<TalesOfTribute.Board.Cards.UniqueCard>' [/home/maras/Desktop/TalesOfTribute/Tests/Tests.csproj]
/home/maras/Desktop/TalesOfTribute/Tests/Board/EffectTests.cs(67,31): error CS0308: The non-generic type 'Choice' cannot be used with type arguments [/home/maras/Desktop/TalesOfTribute/Tests/Tests.csproj]
/home/maras/Desktop/TalesOfTribute/Tests/Board/EffectTests.cs(67,38): error CS0246: The type or namespace name 'Card' could not be found (are you missing a using directive or an assembly reference?) [/home/maras/Desktop/TalesOfTribute/Tests/Tests.csproj]
/home/maras/Desktop/TalesOfTribute/Tests/Board/EffectTests.cs(68,32): error CS0308: The non-generic type 'Choice' cannot be used with type arguments [/home/maras/Desktop/TalesOfTribute/Tests/Tests.csproj]
/home/maras/Desktop/TalesOfTribute/Tests/Board/EffectTests.cs(68,39): error CS0246: The type or namespace name 'Card' could not be found (are you missing a using directive or an assembly reference?) [/home/maras/Desktop/TalesOfTribute/Tests/Tests.csproj]
/home/maras/Desktop/TalesOfTribute/Tests/Board/BoardManagerTests.cs(114,54): error CS0246: The type or namespace name 'Card' could not be found (are you missing a using directive or an assembly reference?) [/home/maras/Desktop/TalesOfTribute/Tests/Tests.csproj]
/home/maras/Desktop/TalesOfTribute/Tests/Board/BoardManagerTests.cs(115,13): error CS1950: The best overloaded Add method 'List<Card>.Add(Card)' for the collection initializer has some invalid arguments [/home/maras/Desktop/TalesOfTribute/Tests/Tests.csproj]
/home/maras/Desktop/TalesOfTribute/Tests/Board/BoardManagerTests.cs(115,13): error CS1503: Argument 1: cannot convert from 'TalesOfTribute.Board.Cards.UniqueCard' to 'Card' [/home/maras/Desktop/TalesOfTribute/Tests/Tests.csproj]
/home/maras/Desktop/TalesOfTribute/Tests/Board/BoardManagerTests.cs(116,13): error CS1950: The best overloaded Add method 'List<Card>.Add(Card)' for the collection initializer has some invalid arguments [/home/maras/Desktop/TalesOfTribute/Tests/Tests.csproj]
/home/maras/Desktop/TalesOfTribute/Tests/Board/BoardManagerTests.cs(116,13): error CS1503: Argument 1: cannot convert from 'TalesOfTribute.Board.Cards.UniqueCard' to 'Card' [/home/maras/Desktop/TalesOfTribute/Tests/Tests.csproj]
/home/maras/Desktop/TalesOfTribute/Tests/Board/BoardManagerTests.cs(119,58): error CS0246: The type or namespace name 'Card' could not be found (are you missing a using directive or an assembly reference?) [/home/maras/Desktop/TalesOfTribute/Tests/Tests.csproj]
/home/maras/Desktop/TalesOfTribute/Tests/Board/BoardManagerTests.cs(120,13): error CS1950: The best overloaded Add method 'List<Card>.Add(Card)' for the collection initializer has some invalid arguments [/home/maras/Desktop/TalesOfTribute/Tests/Tests.csproj]
/home/maras/Desktop/TalesOfTribute/Tests/Board/BoardManagerTests.cs(120,13): error CS1503: Argument 1: cannot convert from 'TalesOfTribute.Board.Cards.UniqueCard' to 'Card' [/home/maras/Desktop/TalesOfTribute/Tests/Tests.csproj]
/home/maras/Desktop/TalesOfTribute/Tests/Board/BoardManagerTests.cs(121,13): error CS1950: The best overloaded Add method 'List<Card>.Add(Card)' for the collection initializer has some invalid arguments [/home/maras/Desktop/TalesOfTribute/Tests/Tests.csproj]
/home/maras/Desktop/TalesOfTribute/Tests/Board/BoardManagerTests.cs(121,13): error CS1503: Argument 1: cannot convert from 'TalesOfTribute.Board.Cards.UniqueCard' to 'Card' [/home/maras/Desktop/TalesOfTribute/Tests/Tests.csproj]
/home/maras/Desktop/TalesOfTribute/Tests/Board/BoardManagerTests.cs(122,13): error CS1950: The best overloaded Add method 'List<Card>.Add(Card)' for the collection initializer has some invalid arguments [/home/maras/Desktop/TalesOfTribute/Tests/Tests.csproj]
/home/maras/Desktop/TalesOfTribute/Tests/Board/BoardManagerTests.cs(122,13): error CS1503: Argument 1: cannot convert from 'TalesOfTribute.Board.Cards.UniqueCard' to 'Card' [/home/maras/Desktop/TalesOfTribute/Tests/Tests.csproj]
/home/maras/Desktop/TalesOfTribute/Tests/Board/BoardManagerTests.cs(123,13): error CS1950: The best overloaded Add method 'List<Card>.Add(Card)' for the collection initializer has some invalid arguments [/home/maras/Desktop/TalesOfTribute/Tests/Tests.csproj]
/home/maras/Desktop/TalesOfTribute/Tests/Board/BoardManagerTests.cs(123,13): error CS1503: Argument 1: cannot convert from 'TalesOfTribute.Board.Cards.UniqueCard' to 'Card' [/home/maras/Desktop/TalesOfTribute/Tests/Tests.csproj]
/home/maras/Desktop/TalesOfTribute/Tests/AI/TalesOfTributeGameTests.cs(80,31): error CS0308: The non-generic type 'Choice' cannot be used with type arguments [/home/maras/Desktop/TalesOfTribute/Tests/Tests.csproj]
/home/maras/Desktop/TalesOfTribute/Tests/AI/TalesOfTributeGameTests.cs(80,38): error CS0246: The type or namespace name 'Card' could not be found (are you missing a using directive or an assembly reference?) [/home/maras/Desktop/TalesOfTribute/Tests/Tests.csproj]
/home/maras/Desktop/TalesOfTribute/Tests/AI/TalesOfTributeGameTests.cs(80,53): error CS0246: The type or namespace name 'Card' could not be found (are you missing a using directive or an assembly reference?) [/home/maras/Desktop/TalesOfTribute/Tests/Tests.csproj]
/home/maras/Desktop/TalesOfTribute/Tests/AI/TalesOfTributeGameTests.cs(80,61): error CS1950: The best overloaded Add method 'List<Card>.Add(Card)' for the collection initializer has some invalid arguments [/home/maras/Desktop/TalesOfTribute/Tests/Tests.csproj]
/home/maras/Desktop/TalesOfTribute/Tests/AI/TalesOfTributeGameTests.cs(80,61): error CS1503: Argument 1: cannot convert from 'TalesOfTribute.Board.Cards.UniqueCard' to 'Card' [/home/maras/Desktop/TalesOfTribute/Tests/Tests.csproj]
/home/maras/Desktop/TalesOfTribute/Tests/AI/TalesOfTributeGameTests.cs(81,53): error CS1503: Argument 1: cannot convert from 'TalesOfTribute.Patron' to 'TalesOfTribute.PatronId' [/home/maras/Desktop/TalesOfTribute/Tests/Tests.csproj]
/home/maras/Desktop/TalesOfTribute/Tests/AI/TalesOfTributeGameTests.cs(82,39): error CS1729: 'ExecutionChain' does not contain a constructor that takes 3 arguments [/home/maras/Desktop/TalesOfTribute/Tests/Tests.csproj]
/home/maras/Desktop/TalesOfTribute/Tests/AI/TalesOfTributeGameTests.cs(83,33): error CS1660: Cannot convert lambda expression to type 'UniqueBaseEffect' because it is not a delegate type [/home/maras/Desktop/TalesOfTribute/Tests/Tests.csproj]
/home/maras/Desktop/TalesOfTribute/Tests/AI/TalesOfTributeGameTests.cs(86,31): error CS1061: 'ITalesOfTributeApi' does not contain a definition for 'HandleStartOfTurnChoices' and no accessible extension method 'HandleStartOfTurnChoices' accepting a first argument of type 'ITalesOfTributeApi' could be found (are you missing a using directive or an assembly reference?) [/home/maras/Desktop/TalesOfTribute/Tests/Tests.csproj]
/home/maras/Desktop/TalesOfTribute/Tests/AI/TalesOfTributeGameTests.cs(90,49): error CS0246: The type or namespace name 'Card' could not be found (are you missing a using directive or an assembly reference?) [/home/maras/Desktop/TalesOfTribute/Tests/Tests.csproj]
/home/maras/Desktop/TalesOfTribute/Tests/AI/TalesOfTributeGameTests.cs(94,47): error CS0246: The type or namespace name 'Card' could not be found (are you missing a using directive or an assembly reference?) [/home/maras/Desktop/TalesOfTribute/Tests/Tests.csproj]
/home/maras/Desktop/TalesOfTribute/Tests/AI/TalesOfTributeGameTests.cs(94,55): error CS1950: The best overloaded Add method 'List<Card>.Add(Card)' for the collection initializer has some invalid arguments [/home/maras/Desktop/TalesOfTribute/Tests/Tests.csproj]
/home/maras/Desktop/TalesOfTribute/Tests/AI/TalesOfTributeGameTests.cs(94,55): error CS1503: Argument 1: cannot convert from 'TalesOfTribute.Board.Cards.UniqueCard' to 'Card' [/home/maras/Desktop/TalesOfTribute/Tests/Tests.csproj]
/home/maras/Desktop/TalesOfTribute/Tests/AI/TalesOfTributeGameTests.cs(97,49): error CS1061: 'Task<(EndGameState, SerializedBoard)>' does not contain a definition for 'Winner' and no accessible extension method 'Winner' accepting a first argument of type 'Task<(EndGameState, SerializedBoard)>' could be found (are you missing a using directive or an assembly reference?) [/home/maras/Desktop/TalesOfTribute/Tests/Tests.csproj]
/home/maras/Desktop/TalesOfTribute/Tests/AI/TalesOfTributeGameTests.cs(98,59): error CS1061: 'Task<(EndGameState, SerializedBoard)>' does not contain a definition for 'Reason' and no accessible extension method 'Reason' accepting a first argument of type 'Task<(EndGameState, SerializedBoard)>' could be found (are you missing a using directive or an assembly reference?) [/home/maras/Desktop/TalesOfTribute/Tests/Tests.csproj]
/home/maras/Desktop/TalesOfTribute/Tests/Board/PlayerTests.cs(78,26): error CS1501: No overload for method 'ActivateAgent' takes 3 arguments [/home/maras/Desktop/TalesOfTribute/Tests/Tests.csproj]
/home/maras/Desktop/TalesOfTribute/Tests/Board/PlayerTests.cs(78,13): error CS0815: Cannot assign void to an implicitly-typed variable [/home/maras/Desktop/TalesOfTribute/Tests/Tests.csproj]
/home/maras/Desktop/TalesOfTribute/Tests/Board/PlayerTests.cs(90,22): error CS1501: No overload for method 'ActivateAgent' takes 3 arguments [/home/maras/Desktop/TalesOfTribute/Tests/Tests.csproj]
/home/maras/Desktop/TalesOfTribute/Tests/Board/EffectTests.cs(82,26): error CS0246: The type or namespace name 'Effect' could not be found (are you missing a using directive or an assembly reference?) [/home/maras/Desktop/TalesOfTribute/Tests/Tests.csproj]
/home/maras/Desktop/TalesOfTribute/Tests/Board/EffectTests.cs(82,33): error CS0103: The name 'EffectType' does not exist in the current context [/home/maras/Desktop/TalesOfTribute/Tests/Tests.csproj]
/home/maras/Desktop/TalesOfTribute/Tests/Board/EffectTests.cs(94,26): error CS0246: The type or namespace name 'Effect' could not be found (are you missing a using directive or an assembly reference?) [/home/maras/Desktop/TalesOfTribute/Tests/Tests.csproj]
/home/maras/Desktop/TalesOfTribute/Tests/Board/EffectTests.cs(94,33): error CS0103: The name 'EffectType' does not exist in the current context [/home/maras/Desktop/TalesOfTribute/Tests/Tests.csproj]
/home/maras/Desktop/TalesOfTribute/Tests/Board/EffectTests.cs(96,38): error CS0246: The type or namespace name 'Card' could not be found (are you missing a using directive or an assembly reference?) [/home/maras/Desktop/TalesOfTribute/Tests/Tests.csproj]
/home/maras/Desktop/TalesOfTribute/Tests/Board/EffectTests.cs(98,13): error CS1950: The best overloaded Add method 'List<Card>.Add(Card)' for the collection initializer has some invalid arguments [/home/maras/Desktop/TalesOfTribute/Tests/Tests.csproj]
/home/maras/Desktop/TalesOfTribute/Tests/Board/EffectTests.cs(98,13): error CS1503: Argument 1: cannot convert from 'TalesOfTribute.Board.Cards.UniqueCard' to 'Card' [/home/maras/Desktop/TalesOfTribute/Tests/Tests.csproj]
/home/maras/Desktop/TalesOfTribute/Tests/Board/EffectTests.cs(99,13): error CS1950: The best overloaded Add method 'List<Card>.Add(Card)' for the collection initializer has some invalid arguments [/home/maras/Desktop/TalesOfTribute/Tests/Tests.csproj]
/home/maras/Desktop/TalesOfTribute/Tests/Board/EffectTests.cs(99,13): error CS1503: Argument 1: cannot convert from 'TalesOfTribute.Board.Cards.UniqueCard' to 'Card' [/home/maras/Desktop/TalesOfTribute/Tests/Tests.csproj]
/home/maras/Desktop/TalesOfTribute/Tests/Board/EffectTests.cs(102,49): error CS1503: Argument 1: cannot convert from 'System.Collections.Generic.List<Card>' to 'System.Collections.Generic.List<TalesOfTribute.Board.Cards.UniqueCard>' [/home/maras/Desktop/TalesOfTribute/Tests/Tests.csproj]
/home/maras/Desktop/TalesOfTribute/Tests/Board/EffectTests.cs(106,31): error CS0308: The non-generic type 'Choice' cannot be used with type arguments [/home/maras/Desktop/TalesOfTribute/Tests/Tests.csproj]
/home/maras/Desktop/TalesOfTribute/Tests/Board/EffectTests.cs(106,38): error CS0246: The type or namespace name 'Card' could not be found (are you missing a using directive or an assembly reference?) [/home/maras/Desktop/TalesOfTribute/Tests/Tests.csproj]
/home/maras/Desktop/TalesOfTribute/Tests/Board/EffectTests.cs(108,32): error CS0308: The non-generic type 'Choice' cannot be used with type arguments [/home/maras/Desktop/TalesOfTribute/Tests/Tests.csproj]
/home/maras/Desktop/TalesOfTribute/Tests/Board/EffectTests.cs(108,39): error CS0246: The type or namespace name 'Card' could not be found (are you missing a using directive or an assembly reference?) [/home/maras/Desktop/TalesOfTribute/Tests/Tests.csproj]
/home/maras/Desktop/TalesOfTribute/Tests/Board/EffectTests.cs(114,46): error CS0246: The type or namespace name 'Card' could not be found (are you missing a using directive or an assembly reference?) [/home/maras/Desktop/TalesOfTribute/Tests/Tests.csproj]
/home/maras/Desktop/TalesOfTribute/Tests/AI/TalesOfTributeGameTests.cs(106,31): error CS0308: The non-generic type 'Choice' cannot be used with type arguments [/home/maras/Desktop/TalesOfTribute/Tests/Tests.csproj]
/home/maras/Desktop/TalesOfTribute/Tests/AI/TalesOfTributeGameTests.cs(106,38): error CS0246: The type or namespace name 'EffectType' could not be found (are you missing a using directive or an assembly reference?) [/home/maras/Desktop/TalesOfTribute/Tests/Tests.csproj]
/home/maras/Desktop/TalesOfTribute/Tests/AI/TalesOfTributeGameTests.cs(106,59): error CS0246: The type or namespace name 'EffectType' could not be found (are you missing a using directive or an assembly reference?) [/home/maras/Desktop/TalesOfTribute/Tests/Tests.csproj]
/home/maras/Desktop/TalesOfTribute/Tests/AI/TalesOfTributeGameTests.cs(106,73): error CS0103: The name 'EffectType' does not exist in the current context [/home/maras/Desktop/TalesOfTribute/Tests/Tests.csproj]
/home/maras/Desktop/TalesOfTribute/Tests/AI/TalesOfTributeGameTests.cs(107,53): error CS1503: Argument 1: cannot convert from 'TalesOfTribute.Patron' to 'TalesOfTribute.PatronId' [/home/maras/Desktop/TalesOfTribute/Tests/Tests.csproj]
/home/maras/Desktop/TalesOfTribute/Tests/AI/TalesOfTributeGameTests.cs(108,39): error CS1729: 'ExecutionChain' does not contain a constructor that takes 3 arguments [/home/maras/Desktop/TalesOfTribute/Tests/Tests.csproj]
/home/maras/Desktop/TalesOfTribute/Tests/AI/TalesOfTributeGameTests.cs(109,33): error CS1660: Cannot convert lambda expression to type 'UniqueBaseEffect' because it is not a delegate type [/home/maras/Desktop/TalesOfTribute/Tests/Tests.csproj]
/home/maras/Desktop/TalesOfTribute/Tests/AI/TalesOfTributeGameTests.cs(112,31): error CS1061: 'ITalesOfTributeApi' does not contain a definition for 'HandleStartOfTurnChoices' and no accessible extension method 'HandleStartOfTurnChoices' accepting a first argument of type 'ITalesOfTributeApi' could be found (are you missing a using directive or an assembly reference?) [/home/maras/Desktop/TalesOfTribute/Tests/Tests.csproj]
/home/maras/Desktop/TalesOfTribute/Tests/AI/TalesOfTributeGameTests.cs(116,49): error CS0246: The type or namespace name 'Card' could not be found (are you missing a using directive or an assembly reference?) [/home/maras/Desktop/TalesOfTribute/Tests/Tests.csproj]
/home/maras/Desktop/TalesOfTribute/Tests/AI/TalesOfTributeGameTests.cs(120,47): error CS0246: The type or namespace name 'EffectType' could not be found (are you missing a using directive or an assembly reference?) [/home/maras/Desktop/TalesOfTribute/Tests/Tests.csproj]
/home/maras/Desktop/TalesOfTribute/Tests/AI/TalesOfTributeGameTests.cs(120,61): error CS0103: The name 'EffectType' does not exist in the current context [/home/maras/Desktop/TalesOfTribute/Tests/Tests.csproj]
/home/maras/Desktop/TalesOfTribute/Tests/AI/TalesOfTributeGameTests.cs(123,49): error CS1061: 'Task<(EndGameState, SerializedBoard)>' does not contain a definition for 'Winner' and no accessible extension method 'Winner' accepting a first argument of type 'Task<(EndGameState, SerializedBoard)>' could be found (are you missing a using directive or an assembly reference?) [/home/maras/Desktop/TalesOfTribute/Tests/Tests.csproj]
/home/maras/Desktop/TalesOfTribute/Tests/AI/TalesOfTributeGameTests.cs(124,59): error CS1061: 'Task<(EndGameState, SerializedBoard)>' does not contain a definition for 'Reason' and no accessible extension method 'Reason' accepting a first argument of type 'Task<(EndGameState, SerializedBoard)>' could be found (are you missing a using directive or an assembly reference?) [/home/maras/Desktop/TalesOfTribute/Tests/Tests.csproj]
/home/maras/Desktop/TalesOfTribute/Tests/Board/PlayerTests.cs(108,42): error CS0246: The type or namespace name 'Card' could not be found (are you missing a using directive or an assembly reference?) [/home/maras/Desktop/TalesOfTribute/Tests/Tests.csproj]
/home/maras/Desktop/TalesOfTribute/Tests/Board/PlayerTests.cs(110,66): error CS0246: The type or namespace name 'Card' could not be found (are you missing a using directive or an assembly reference?) [/home/maras/Desktop/TalesOfTribute/Tests/Tests.csproj]
/home/maras/Desktop/TalesOfTribute/Tests/Board/PlayerTests.cs(110,74): error CS1950: The best overloaded Add method 'List<Card>.Add(Card)' for the collection initializer has some invalid arguments [/home/maras/Desktop/TalesOfTribute/Tests/Tests.csproj]
/home/maras/Desktop/TalesOfTribute/Tests/Board/PlayerTests.cs(110,74): error CS1503: Argument 1: cannot convert from 'TalesOfTribute.Board.Cards.UniqueCard' to 'Card' [/home/maras/Desktop/TalesOfTribute/Tests/Tests.csproj]
/home/maras/Desktop/TalesOfTribute/Tests/Board/PlayerTests.cs(111,59): error CS1503: Argument 1: cannot convert from 'System.Collections.Generic.List<Card>' to 'System.Collections.Generic.List<TalesOfTribute.Board.Cards.UniqueCard>' [/home/maras/Desktop/TalesOfTribute/Tests/Tests.csproj]
/home/maras/Desktop/TalesOfTribute/Tests/Board/PlayerTests.cs(112,21): warning CS0184: The given expression is never of the provided ('Success') type [/home/maras/Desktop/TalesOfTribute/Tests/Tests.csproj]
/home/maras/Desktop/TalesOfTribute/Tests/Board/PlayerTests.cs(114,25): error CS1503: Argument 1: cannot convert from 'TalesOfTribute.Board.Cards.UniqueCard' to 'string' [/home/maras/Desktop/TalesOfTribute/Tests/Tests.csproj]
/home/maras/Desktop/TalesOfTribute/Tests/Board/PlayerTests.cs(114,34): error CS1503: Argument 2: cannot convert from 'System.Collections.Generic.List<Card>' to 'string' [/home/maras/Desktop/TalesOfTribute/Tests/Tests.csproj]
/home/maras/Desktop/TalesOfTribute/Tests/Board/PlayerTests.cs(123,36): error CS0246: The type or namespace name 'Card' could not be found (are you missing a using directive or an assembly reference?) [/home/maras/Desktop/TalesOfTribute/Tests/Tests.csproj]
/home/maras/Desktop/TalesOfTribute/Tests/Board/PlayerTests.cs(123,44): error CS1950: The best overloaded Add method 'List<Card>.Add(Card)' for the collection initializer has some invalid arguments [/home/maras/Desktop/TalesOfTribute/Tests/Tests.csproj]
/home/maras/Desktop/TalesOfTribute/Tests/Board/PlayerTests.cs(123,44): error CS1503: Argument 1: cannot convert from 'TalesOfTribute.Board.Cards.UniqueCard' to 'Card' [/home/maras/Desktop/TalesOfTribute/Tests/Tests.csproj]
/home/maras/Desktop/TalesOfTribute/Tests/Board/PlayerTests.cs(124,57): error CS1503: Argument 1: cannot convert from 'System.Collections.Generic.List<Card>' to 'System.Collections.Generic.List<TalesOfTribute.Board.Cards.UniqueCard>' [/home/maras/Desktop/TalesOfTribute/Tests/Tests.csproj]
/home/maras/Desktop/TalesOfTribute/Tests/Board/PlayerTests.cs(125,21): warning CS0184: The given expression is never of the provided ('Failure') type [/home/maras/Desktop/TalesOfTribute/Tests/Tests.csproj]
/home/maras/Desktop/TalesOfTribute/Tests/Board/EffectTests.cs(120,26): error CS0246: The type or namespace name 'Effect' could not be found (are you missing a using directive or an assembly reference?) [/home/maras/Desktop/TalesOfTribute/Tests/Tests.csproj]
/home/maras/Desktop/TalesOfTribute/Tests/Board/EffectTests.cs(120,33): error CS0103: The name 'EffectType' does not exist in the current context [/home/maras/Desktop/TalesOfTribute/Tests/Tests.csproj]
/home/maras/Desktop/TalesOfTribute/Tests/Board/EffectTests.cs(122,38): error CS0246: The type or namespace name 'Card' could not be found (are you missing a using directive or an assembly reference?) [/home/maras/Desktop/TalesOfTribute/Tests/Tests.csproj]
/home/maras/Desktop/TalesOfTribute/Tests/Board/EffectTests.cs(124,13): error CS1950: The best overloaded Add method 'List<Card>.Add(Card)' for the collection initializer has some invalid arguments [/home/maras/Desktop/TalesOfTribute/Tests/Tests.csproj]
/home/maras/Desktop/TalesOfTribute/Tests/Board/EffectTests.cs(124,13): error CS1503: Argument 1: cannot convert from 'TalesOfTribute.Board.Cards.UniqueCard' to 'Card' [/home/maras/Desktop/TalesOfTribute/Tests/Tests.csproj]
/home/maras/Desktop/TalesOfTribute/Tests/Board/EffectTests.cs(125,13): error CS1950: The best overloaded Add method 'List<Card>.Add(Card)' for the collection initializer has some invalid arguments [/home/maras/Desktop/TalesOfTribute/Tests/Tests.csproj]
/home/maras/Desktop/TalesOfTribute/Tests/Board/EffectTests.cs(125,13): error CS1503: Argument 1: cannot convert from 'TalesOfTribute.Board.Cards.UniqueCard' to 'Card' [/home/maras/Desktop/TalesOfTribute/Tests/Tests.csproj]
/home/maras/Desktop/TalesOfTribute/Tests/Board/EffectTests.cs(128,51): error CS1503: Argument 1: cannot convert from 'System.Collections.Generic.List<Card>' to 'System.Collections.Generic.List<TalesOfTribute.Board.Cards.UniqueCard>' [/home/maras/Desktop/TalesOfTribute/Tests/Tests.csproj]
/home/maras/Desktop/TalesOfTribute/Tests/Board/EffectTests.cs(129,62): error CS0246: The type or namespace name 'Card' could not be found (are you missing a using directive or an assembly reference?) [/home/maras/Desktop/TalesOfTribute/Tests/Tests.csproj]
/home/maras/Desktop/TalesOfTribute/Tests/Board/EffectTests.cs(129,53): error CS1503: Argument 1: cannot convert from 'System.Collections.Generic.List<Card>' to 'System.Collections.Generic.List<TalesOfTribute.Board.Cards.UniqueCard>' [/home/maras/Desktop/TalesOfTribute/Tests/Tests.csproj]
/home/maras/Desktop/TalesOfTribute/Tests/Board/EffectTests.cs(133,31): error CS0308: The non-generic type 'Choice' cannot be used with type arguments [/home/maras/Desktop/TalesOfTribute/Tests/Tests.csproj]
/home/maras/Desktop/TalesOfTribute/Tests/Board/EffectTests.cs(133,38): error CS0246: The type or namespace name 'Card' could not be found (are you missing a using directive or an assembly reference?) [/home/maras/Desktop/TalesOfTribute/Tests/Tests.csproj]
/home/maras/Desktop/TalesOfTribute/Tests/Board/EffectTests.cs(135,32): error CS0308: The non-generic type 'Choice' cannot be used with type arguments [/home/maras/Desktop/TalesOfTribute/Tests/Tests.csproj]
/home/maras/Desktop/TalesOfTribute/Tests/Board/EffectTests.cs(135,39): error CS0246: The type or namespace name 'Card' could not be found (are you missing a using directive or an assembly reference?) [/home/maras/Desktop/TalesOfTribute/Tests/Tests.csproj]
/home/maras/Desktop/TalesOfTribute/Tests/Board/EffectTests.cs(141,50): error CS0246: The type or namespace name 'Card' could not be found (are you missing a using directive or an assembly reference?) [/home/maras/Desktop/TalesOfTribute/Tests/Tests.csproj]
/home/maras/Desktop/TalesOfTribute/Tests/Board/BoardManagerTests.cs(138,33): error CS0246: The type or namespace name 'Card' could not be found (are you missing a using directive or an assembly reference?) [/home/maras/Desktop/TalesOfTribute/Tests/Tests.csproj]
/home/maras/Desktop/TalesOfTribute/Tests/Board/BoardManagerTests.cs(138,41): error CS1950: The best overloaded Add method 'List<Card>.Add(Card)' for the collection initializer has some invalid arguments [/home/maras/Desktop/TalesOfTribute/Tests/Tests.csproj]
/home/maras/Desktop/TalesOfTribute/Tests/Board/BoardManagerTests.cs(138,41): error CS1503: Argument 1: cannot convert from 'TalesOfTribute.Board.Cards.UniqueCard' to 'Card' [/home/maras/Desktop/TalesOfTribute/Tests/Tests.csproj]
/home/maras/Desktop/TalesOfTribute/Tests/Board/BoardManagerTests.cs(139,29): error CS0246: The type or namespace name 'Card' could not be found (are you missing a using directive or an assembly reference?) [/home/maras/Desktop/TalesOfTribute/Tests/Tests.csproj]
/home/maras/Desktop/TalesOfTribute/Tests/Board/BoardManagerTests.cs(141,13): error CS1950: The best overloaded Add method 'List<Card>.Add(Card)' for the collection initializer has some invalid arguments [/home/maras/Desktop/TalesOfTribute/Tests/Tests.csproj]
/home/maras/Desktop/TalesOfTribute/Tests/Board/BoardManagerTests.cs(141,13): error CS1503: Argument 1: cannot convert from 'TalesOfTribute.Board.Cards.UniqueCard' to 'Card' [/home/maras/Desktop/TalesOfTribute/Tests/Tests.csproj]
/home/maras/Desktop/TalesOfTribute/Tests/Board/BoardManagerTests.cs(142,13): error CS1950: The best overloaded Add method 'List<Card>.Add(Card)' for the collection initializer has some invalid arguments [/home/maras/Desktop/TalesOfTribute/Tests/Tests.csproj]
/home/maras/Desktop/TalesOfTribute/Tests/Board/BoardManagerTests.cs(142,13): error CS1503: Argument 1: cannot convert from 'TalesOfTribute.Board.Cards.UniqueCard' to 'Card' [/home/maras/Desktop/TalesOfTribute/Tests/Tests.csproj]
/home/maras/Desktop/TalesOfTribute/Tests/Board/BoardManagerTests.cs(143,13): error CS1950: The best overloaded Add method 'List<Card>.Add(Card)' for the collection initializer has some invalid arguments [/home/maras/Desktop/TalesOfTribute/Tests/Tests.csproj]
/home/maras/Desktop/TalesOfTribute/Tests/Board/BoardManagerTests.cs(143,13): error CS1503: Argument 1: cannot convert from 'TalesOfTribute.Board.Cards.UniqueCard' to 'Card' [/home/maras/Desktop/TalesOfTribute/Tests/Tests.csproj]
/home/maras/Desktop/TalesOfTribute/Tests/Board/BoardManagerTests.cs(144,13): error CS1950: The best overloaded Add method 'List<Card>.Add(Card)' for the collection initializer has some invalid arguments [/home/maras/Desktop/TalesOfTribute/Tests/Tests.csproj]
/home/maras/Desktop/TalesOfTribute/Tests/Board/BoardManagerTests.cs(144,13): error CS1503: Argument 1: cannot convert from 'TalesOfTribute.Board.Cards.UniqueCard' to 'Card' [/home/maras/Desktop/TalesOfTribute/Tests/Tests.csproj]
/home/maras/Desktop/TalesOfTribute/Tests/Board/BoardManagerTests.cs(150,34): error CS0029: Cannot implicitly convert type 'System.Collections.Generic.List<Card>' to 'System.Collections.Generic.List<TalesOfTribute.Board.Cards.UniqueCard>' [/home/maras/Desktop/TalesOfTribute/Tests/Tests.csproj]
/home/maras/Desktop/TalesOfTribute/Tests/Board/BoardManagerTests.cs(151,38): error CS0029: Cannot implicitly convert type 'System.Collections.Generic.List<Card>' to 'System.Collections.Generic.List<TalesOfTribute.Board.Cards.UniqueCard>' [/home/maras/Desktop/TalesOfTribute/Tests/Tests.csproj]
/home/maras/Desktop/TalesOfTribute/Tests/Board/BoardManagerTests.cs(153,13): error CS0815: Cannot assign void to an implicitly-typed variable [/home/maras/Desktop/TalesOfTribute/Tests/Tests.csproj]
/home/maras/Desktop/TalesOfTribute/Tests/Board/PlayerTests.cs(134,61): error CS0246: The type or namespace name 'Effect' could not be found (are you missing a using directive or an assembly reference?) [/home/maras/Desktop/TalesOfTribute/Tests/Tests.csproj]
/home/maras/Desktop/TalesOfTribute/Tests/Board/PlayerTests.cs(134,14): error CS1061: 'Player' does not contain a definition for 'AddStartOfTurnEffect' and no accessible extension method 'AddStartOfTurnEffect' accepting a first argument of type 'Player' could be found (are you missing a using directive or an assembly reference?) [/home/maras/Desktop/TalesOfTribute/Tests/Tests.csproj]
/home/maras/Desktop/TalesOfTribute/Tests/Board/PlayerTests.cs(136,37): error CS1061: 'Player' does not contain a definition for 'GetStartOfTurnEffectsChain' and no accessible extension method 'GetStartOfTurnEffectsChain' accepting a first argument of type 'Player' could be found (are you missing a using directive or an assembly reference?) [/home/maras/Desktop/TalesOfTribute/Tests/Tests.csproj]
/home/maras/Desktop/TalesOfTribute/Tests/Board/PlayerTests.cs(141,27): error CS0246: The type or namespace name 'BaseChoice' could not be found (are you missing a using directive or an assembly reference?) [/home/maras/Desktop/TalesOfTribute/Tests/Tests.csproj]
/home/maras/Desktop/TalesOfTribute/Tests/Board/PlayerTests.cs(147,51): error CS0103: The name 'BoardState' does not exist in the current context [/home/maras/Desktop/TalesOfTribute/Tests/Tests.csproj]
/home/maras/Desktop/TalesOfTribute/Tests/Board/PlayerTests.cs(147,34): error CS1061: 'Player' does not contain a definition for 'GetPendingChoice' and no accessible extension method 'GetPendingChoice' accepting a first argument of type 'Player' could be found (are you missing a using directive or an assembly reference?) [/home/maras/Desktop/TalesOfTribute/Tests/Tests.csproj]
/home/maras/Desktop/TalesOfTribute/Tests/Board/PlayerTests.cs(149,33): error CS0117: 'ChoiceType' does not contain a definition for 'OPP_DISCARD' [/home/maras/Desktop/TalesOfTribute/Tests/Tests.csproj]
/home/maras/Desktop/TalesOfTribute/Tests/Board/PlayerTests.cs(149,64): error CS0308: The non-generic type 'Choice' cannot be used with type arguments [/home/maras/Desktop/TalesOfTribute/Tests/Tests.csproj]
/home/maras/Desktop/TalesOfTribute/Tests/Board/PlayerTests.cs(149,71): error CS0246: The type or namespace name 'Card' could not be found (are you missing a using directive or an assembly reference?) [/home/maras/Desktop/TalesOfTribute/Tests/Tests.csproj]
/home/maras/Desktop/TalesOfTribute/Tests/Board/EffectTests.cs(147,26): error CS0246: The type or namespace name 'Effect' could not be found (are you missing a using directive or an assembly reference?) [/home/maras/Desktop/TalesOfTribute/Tests/Tests.csproj]
/home/maras/Desktop/TalesOfTribute/Tests/Board/EffectTests.cs(147,33): error CS0103: The name 'EffectType' does not exist in the current context [/home/maras/Desktop/TalesOfTribute/Tests/Tests.csproj]
/home/maras/Desktop/TalesOfTribute/Tests/AI/TalesOfTributeGameTests.cs(133,31): error CS1061: 'ITalesOfTributeApi' does not contain a definition for 'HandleStartOfTurnChoices' and no accessible extension method 'HandleStartOfTurnChoices' accepting a first argument of type 'ITalesOfTributeApi' could be found (are you missing a using directive or an assembly reference?) [/home/maras/Desktop/TalesOfTribute/Tests/Tests.csproj]
/home/maras/Desktop/TalesOfTribute/Tests/AI/TalesOfTributeGameTests.cs(137,52): error CS0246: The type or namespace name 'Card' could not be found (are you missing a using directive or an assembly reference?) [/home/maras/Desktop/TalesOfTribute/Tests/Tests.csproj]
/home/maras/Desktop/TalesOfTribute/Tests/AI/TalesOfTributeGameTests.cs(143,49): error CS1061: 'Task<(EndGameState, SerializedBoard)>' does not contain a definition for 'Winner' and no accessible extension method 'Winner' accepting a first argument of type 'Task<(EndGameState, SerializedBoard)>' could be found (are you missing a using directive or an assembly reference?) [/home/maras/Desktop/TalesOfTribute/Tests/Tests.csproj]
/home/maras/Desktop/TalesOfTribute/Tests/AI/TalesOfTributeGameTests.cs(144,59): error CS1061: 'Task<(EndGameState, SerializedBoard)>' does not contain a definition for 'Reason' and no accessible extension method 'Reason' accepting a first argument of type 'Task<(EndGameState, SerializedBoard)>' could be found (are you missing a using directive or an assembly reference?) [/home/maras/Desktop/TalesOfTribute/Tests/Tests.csproj]
/home/maras/Desktop/TalesOfTribute/Tests/Board/EffectTests.cs(157,26): error CS0246: The type or namespace name 'Effect' could not be found (are you missing a using directive or an assembly reference?) [/home/maras/Desktop/TalesOfTribute/Tests/Tests.csproj]
/home/maras/Desktop/TalesOfTribute/Tests/Board/EffectTests.cs(157,33): error CS0103: The name 'EffectType' does not exist in the current context [/home/maras/Desktop/TalesOfTribute/Tests/Tests.csproj]
/home/maras/Desktop/TalesOfTribute/Tests/Board/EffectTests.cs(161,56): error CS0246: The type or namespace name 'Card' could not be found (are you missing a using directive or an assembly reference?) [/home/maras/Desktop/TalesOfTribute/Tests/Tests.csproj]
/home/maras/Desktop/TalesOfTribute/Tests/Board/EffectTests.cs(169,26): error CS0246: The type or namespace name 'Effect' could not be found (are you missing a using directive or an assembly reference?) [/home/maras/Desktop/TalesOfTribute/Tests/Tests.csproj]
/home/maras/Desktop/TalesOfTribute/Tests/Board/EffectTests.cs(169,33): error CS0103: The name 'EffectType' does not exist in the current context [/home/maras/Desktop/TalesOfTribute/Tests/Tests.csproj]
/home/maras/Desktop/TalesOfTribute/Tests/Board/EffectTests.cs(173,42): error CS1503: Argument 1: cannot convert from 'TalesOfTribute.UniqueId' to 'TalesOfTribute.Board.Cards.UniqueCard' [/home/maras/Desktop/TalesOfTribute/Tests/Tests.csproj]
/home/maras/Desktop/TalesOfTribute/Tests/AI/TalesOfTributeGameTests.cs(152,39): error CS1729: 'ExecutionChain' does not contain a constructor that takes 3 arguments [/home/maras/Desktop/TalesOfTribute/Tests/Tests.csproj]
/home/maras/Desktop/TalesOfTribute/Tests/AI/TalesOfTributeGameTests.cs(153,33): error CS1660: Cannot convert lambda expression to type 'UniqueBaseEffect' because it is not a delegate type [/home/maras/Desktop/TalesOfTribute/Tests/Tests.csproj]
/home/maras/Desktop/TalesOfTribute/Tests/AI/TalesOfTributeGameTests.cs(156,31): error CS1061: 'ITalesOfTributeApi' does not contain a definition for 'HandleStartOfTurnChoices' and no accessible extension method 'HandleStartOfTurnChoices' accepting a first argument of type 'ITalesOfTributeApi' could be found (are you missing a using directive or an assembly reference?) [/home/maras/Desktop/TalesOfTribute/Tests/Tests.csproj]
/home/maras/Desktop/TalesOfTribute/Tests/AI/TalesOfTributeGameTests.cs(160,48): error CS0246: The type or namespace name 'Card' could not be found (are you missing a using directive or an assembly reference?) [/home/maras/Desktop/TalesOfTribute/Tests/Tests.csproj]
/home/maras/Desktop/TalesOfTribute/Tests/AI/TalesOfTributeGameTests.cs(166,49): error CS1061: 'Task<(EndGameState, SerializedBoard)>' does not contain a definition for 'Winner' and no accessible extension method 'Winner' accepting a first argument of type 'Task<(EndGameState, SerializedBoard)>' could be found (are you missing a using directive or an assembly reference?) [/home/maras/Desktop/TalesOfTribute/Tests/Tests.csproj]
/home/maras/Desktop/TalesOfTribute/Tests/AI/TalesOfTributeGameTests.cs(167,59): error CS1061: 'Task<(EndGameState, SerializedBoard)>' does not contain a definition for 'Reason' and no accessible extension method 'Reason' accepting a first argument of type 'Task<(EndGameState, SerializedBoard)>' could be found (are you missing a using directive or an assembly reference?) [/home/maras/Desktop/TalesOfTribute/Tests/Tests.csproj]
/home/maras/Desktop/TalesOfTribute/Tests/Board/EffectTests.cs(180,26): error CS0246: The type or namespace name 'Effect' could not be found (are you missing a using directive or an assembly reference?) [/home/maras/Desktop/TalesOfTribute/Tests/Tests.csproj]
/home/maras/Desktop/TalesOfTribute/Tests/Board/EffectTests.cs(180,33): error CS0103: The name 'EffectType' does not exist in the current context [/home/maras/Desktop/TalesOfTribute/Tests/Tests.csproj]
/home/maras/Desktop/TalesOfTribute/Tests/Board/EffectTests.cs(186,22): error CS0246: The type or namespace name 'Card' could not be found (are you missing a using directive or an assembly reference?) [/home/maras/Desktop/TalesOfTribute/Tests/Tests.csproj]
/home/maras/Desktop/TalesOfTribute/Tests/Board/EffectTests.cs(186,30): error CS1950: The best overloaded Add method 'List<Card>.Add(Card)' for the collection initializer has some invalid arguments [/home/maras/Desktop/TalesOfTribute/Tests/Tests.csproj]
/home/maras/Desktop/TalesOfTribute/Tests/Board/EffectTests.cs(186,30): error CS1503: Argument 1: cannot convert from 'TalesOfTribute.Board.Cards.UniqueCard' to 'Card' [/home/maras/Desktop/TalesOfTribute/Tests/Tests.csproj]
/home/maras/Desktop/TalesOfTribute/Tests/Board/EffectTests.cs(186,43): error CS1950: The best overloaded Add method 'List<Card>.Add(Card)' for the collection initializer has some invalid arguments [/home/maras/Desktop/TalesOfTribute/Tests/Tests.csproj]
/home/maras/Desktop/TalesOfTribute/Tests/Board/EffectTests.cs(186,43): error CS1503: Argument 1: cannot convert from 'TalesOfTribute.Board.Cards.UniqueCard' to 'Card' [/home/maras/Desktop/TalesOfTribute/Tests/Tests.csproj]
/home/maras/Desktop/TalesOfTribute/Tests/Board/EffectTests.cs(187,54): error CS0246: The type or namespace name 'Card' could not be found (are you missing a using directive or an assembly reference?) [/home/maras/Desktop/TalesOfTribute/Tests/Tests.csproj]
/home/maras/Desktop/TalesOfTribute/Tests/Board/EffectTests.cs(187,62): error CS1950: The best overloaded Add method 'List<Card>.Add(Card)' for the collection initializer has some invalid arguments [/home/maras/Desktop/TalesOfTribute/Tests/Tests.csproj]
/home/maras/Desktop/TalesOfTribute/Tests/Board/EffectTests.cs(187,62): error CS1503: Argument 1: cannot convert from 'TalesOfTribute.Board.Cards.UniqueCard' to 'Card' [/home/maras/Desktop/TalesOfTribute/Tests/Tests.csproj]
/home/maras/Desktop/TalesOfTribute/Tests/Board/EffectTests.cs(190,31): error CS0308: The non-generic type 'Choice' cannot be used with type arguments [/home/maras/Desktop/TalesOfTribute/Tests/Tests.csproj]
/home/maras/Desktop/TalesOfTribute/Tests/Board/EffectTests.cs(190,38): error CS0246: The type or namespace name 'Card' could not be found (are you missing a using directive or an assembly reference?) [/home/maras/Desktop/TalesOfTribute/Tests/Tests.csproj]
/home/maras/Desktop/TalesOfTribute/Tests/Board/EffectTests.cs(191,32): error CS0308: The non-generic type 'Choice' cannot be used with type arguments [/home/maras/Desktop/TalesOfTribute/Tests/Tests.csproj]
/home/maras/Desktop/TalesOfTribute/Tests/Board/EffectTests.cs(191,39): error CS0246: The type or namespace name 'Card' could not be found (are you missing a using directive or an assembly reference?) [/home/maras/Desktop/TalesOfTribute/Tests/Tests.csproj]
/home/maras/Desktop/TalesOfTribute/Tests/Board/EffectTests.cs(192,32): error CS0246: The type or namespace name 'Card' could not be found (are you missing a using directive or an assembly reference?) [/home/maras/Desktop/TalesOfTribute/Tests/Tests.csproj]
/home/maras/Desktop/TalesOfTribute/Tests/Board/EffectTests.cs(192,40): error CS1950: The best overloaded Add method 'List<Card>.Add(Card)' for the collection initializer has some invalid arguments [/home/maras/Desktop/TalesOfTribute/Tests/Tests.csproj]
/home/maras/Desktop/TalesOfTribute/Tests/Board/EffectTests.cs(192,40): error CS1503: Argument 1: cannot convert from 'TalesOfTribute.Board.Cards.UniqueCard' to 'Card' [/home/maras/Desktop/TalesOfTribute/Tests/Tests.csproj]
/home/maras/Desktop/TalesOfTribute/Tests/Board/EffectTests.cs(192,53): error CS1950: The best overloaded Add method 'List<Card>.Add(Card)' for the collection initializer has some invalid arguments [/home/maras/Desktop/TalesOfTribute/Tests/Tests.csproj]
/home/maras/Desktop/TalesOfTribute/Tests/Board/EffectTests.cs(192,53): error CS1503: Argument 1: cannot convert from 'TalesOfTribute.Board.Cards.UniqueCard' to 'Card' [/home/maras/Desktop/TalesOfTribute/Tests/Tests.csproj]
/home/maras/Desktop/TalesOfTribute/Tests/Board/EffectTests.cs(194,46): error CS0246: The type or namespace name 'Card' could not be found (are you missing a using directive or an assembly reference?) [/home/maras/Desktop/TalesOfTribute/Tests/Tests.csproj]
/home/maras/Desktop/TalesOfTribute/Tests/Board/EffectTests.cs(195,46): error CS0246: The type or namespace name 'Card' could not be found (are you missing a using directive or an assembly reference?) [/home/maras/Desktop/TalesOfTribute/Tests/Tests.csproj]
/home/maras/Desktop/TalesOfTribute/Tests/Board/EffectTests.cs(201,26): error CS0246: The type or namespace name 'Effect' could not be found (are you missing a using directive or an assembly reference?) [/home/maras/Desktop/TalesOfTribute/Tests/Tests.csproj]
/home/maras/Desktop/TalesOfTribute/Tests/Board/EffectTests.cs(201,33): error CS0103: The name 'EffectType' does not exist in the current context [/home/maras/Desktop/TalesOfTribute/Tests/Tests.csproj]
/home/maras/Desktop/TalesOfTribute/Tests/Board/EffectTests.cs(202,14): error CS0246: The type or namespace name 'Effect' could not be found (are you missing a using directive or an assembly reference?) [/home/maras/Desktop/TalesOfTribute/Tests/Tests.csproj]
/home/maras/Desktop/TalesOfTribute/Tests/Board/EffectTests.cs(204,54): error CS0246: The type or namespace name 'Card' could not be found (are you missing a using directive or an assembly reference?) [/home/maras/Desktop/TalesOfTribute/Tests/Tests.csproj]
/home/maras/Desktop/TalesOfTribute/Tests/Board/EffectTests.cs(204,62): error CS1950: The best overloaded Add method 'List<Card>.Add(Card)' for the collection initializer has some invalid arguments [/home/maras/Desktop/TalesOfTribute/Tests/Tests.csproj]
/home/maras/Desktop/TalesOfTribute/Tests/Board/EffectTests.cs(204,62): error CS1503: Argument 1: cannot convert from 'TalesOfTribute.Board.Cards.UniqueCard' to 'Card' [/home/maras/Desktop/TalesOfTribute/Tests/Tests.csproj]
/home/maras/Desktop/TalesOfTribute/Tests/Board/EffectTests.cs(205,61): error CS0246: The type or namespace name 'Effect' could not be found (are you missing a using directive or an assembly reference?) [/home/maras/Desktop/TalesOfTribute/Tests/Tests.csproj]
/home/maras/Desktop/TalesOfTribute/Tests/Board/EffectTests.cs(205,31): error CS1061: 'IPlayer' does not contain a definition for 'AddStartOfTurnEffect' and no accessible extension method 'AddStartOfTurnEffect' accepting a first argument of type 'IPlayer' could be found (are you missing a using directive or an assembly reference?) [/home/maras/Desktop/TalesOfTribute/Tests/Tests.csproj]
/home/maras/Desktop/TalesOfTribute/Tests/Board/EffectTests.cs(206,23): error CS0246: The type or namespace name 'Effect' could not be found (are you missing a using directive or an assembly reference?) [/home/maras/Desktop/TalesOfTribute/Tests/Tests.csproj]
/home/maras/Desktop/TalesOfTribute/Tests/AI/TalesOfTributeGameTests.cs(175,39): error CS1729: 'ExecutionChain' does not contain a constructor that takes 3 arguments [/home/maras/Desktop/TalesOfTribute/Tests/Tests.csproj]
/home/maras/Desktop/TalesOfTribute/Tests/AI/TalesOfTributeGameTests.cs(176,33): error CS1660: Cannot convert lambda expression to type 'UniqueBaseEffect' because it is not a delegate type [/home/maras/Desktop/TalesOfTribute/Tests/Tests.csproj]
/home/maras/Desktop/TalesOfTribute/Tests/AI/TalesOfTributeGameTests.cs(179,31): error CS1061: 'ITalesOfTributeApi' does not contain a definition for 'HandleStartOfTurnChoices' and no accessible extension method 'HandleStartOfTurnChoices' accepting a first argument of type 'ITalesOfTributeApi' could be found (are you missing a using directive or an assembly reference?) [/home/maras/Desktop/TalesOfTribute/Tests/Tests.csproj]
/home/maras/Desktop/TalesOfTribute/Tests/AI/TalesOfTributeGameTests.cs(183,54): error CS0246: The type or namespace name 'Card' could not be found (are you missing a using directive or an assembly reference?) [/home/maras/Desktop/TalesOfTribute/Tests/Tests.csproj]
/home/maras/Desktop/TalesOfTribute/Tests/AI/TalesOfTributeGameTests.cs(189,49): error CS1061: 'Task<(EndGameState, SerializedBoard)>' does not contain a definition for 'Winner' and no accessible extension method 'Winner' accepting a first argument of type 'Task<(EndGameState, SerializedBoard)>' could be found (are you missing a using directive or an assembly reference?) [/home/maras/Desktop/TalesOfTribute/Tests/Tests.csproj]
/home/maras/Desktop/TalesOfTribute/Tests/AI/TalesOfTributeGameTests.cs(190,59): error CS1061: 'Task<(EndGameState, SerializedBoard)>' does not contain a definition for 'Reason' and no accessible extension method 'Reason' accepting a first argument of type 'Task<(EndGameState, SerializedBoard)>' could be found (are you missing a using directive or an assembly reference?) [/home/maras/Desktop/TalesOfTribute/Tests/Tests.csproj]
/home/maras/Desktop/TalesOfTribute/Tests/AI/TalesOfTributeGameTests.cs(198,39): error CS1729: 'ExecutionChain' does not contain a constructor that takes 3 arguments [/home/maras/Desktop/TalesOfTribute/Tests/Tests.csproj]
/home/maras/Desktop/TalesOfTribute/Tests/AI/TalesOfTributeGameTests.cs(199,33): error CS1660: Cannot convert lambda expression to type 'UniqueBaseEffect' because it is not a delegate type [/home/maras/Desktop/TalesOfTribute/Tests/Tests.csproj]
/home/maras/Desktop/TalesOfTribute/Tests/AI/TalesOfTributeGameTests.cs(202,31): error CS1061: 'ITalesOfTributeApi' does not contain a definition for 'HandleStartOfTurnChoices' and no accessible extension method 'HandleStartOfTurnChoices' accepting a first argument of type 'ITalesOfTributeApi' could be found (are you missing a using directive or an assembly reference?) [/home/maras/Desktop/TalesOfTribute/Tests/Tests.csproj]
/home/maras/Desktop/TalesOfTribute/Tests/AI/TalesOfTributeGameTests.cs(206,48): error CS0246: The type or namespace name 'Card' could not be found (are you missing a using directive or an assembly reference?) [/home/maras/Desktop/TalesOfTribute/Tests/Tests.csproj]
/home/maras/Desktop/TalesOfTribute/Tests/AI/TalesOfTributeGameTests.cs(210,47): error CS0246: The type or namespace name 'EffectType' could not be found (are you missing a using directive or an assembly reference?) [/home/maras/Desktop/TalesOfTribute/Tests/Tests.csproj]
/home/maras/Desktop/TalesOfTribute/Tests/AI/TalesOfTributeGameTests.cs(210,61): error CS0103: The name 'EffectType' does not exist in the current context [/home/maras/Desktop/TalesOfTribute/Tests/Tests.csproj]
/home/maras/Desktop/TalesOfTribute/Tests/AI/TalesOfTributeGameTests.cs(213,49): error CS1061: 'Task<(EndGameState, SerializedBoard)>' does not contain a definition for 'Winner' and no accessible extension method 'Winner' accepting a first argument of type 'Task<(EndGameState, SerializedBoard)>' could be found (are you missing a using directive or an assembly reference?) [/home/maras/Desktop/TalesOfTribute/Tests/Tests.csproj]
/home/maras/Desktop/TalesOfTribute/Tests/AI/TalesOfTributeGameTests.cs(214,59): error CS1061: 'Task<(EndGameState, SerializedBoard)>' does not contain a definition for 'Reason' and no accessible extension method 'Reason' accepting a first argument of type 'Task<(EndGameState, SerializedBoard)>' could be found (are you missing a using directive or an assembly reference?) [/home/maras/Desktop/TalesOfTribute/Tests/Tests.csproj]
/home/maras/Desktop/TalesOfTribute/Tests/AI/TalesOfTributeGameTests.cs(223,32): error CS0308: The non-generic type 'Choice' cannot be used with type arguments [/home/maras/Desktop/TalesOfTribute/Tests/Tests.csproj]
/home/maras/Desktop/TalesOfTribute/Tests/AI/TalesOfTributeGameTests.cs(223,39): error CS0246: The type or namespace name 'Card' could not be found (are you missing a using directive or an assembly reference?) [/home/maras/Desktop/TalesOfTribute/Tests/Tests.csproj]
/home/maras/Desktop/TalesOfTribute/Tests/AI/TalesOfTributeGameTests.cs(223,54): error CS0246: The type or namespace name 'Card' could not be found (are you missing a using directive or an assembly reference?) [/home/maras/Desktop/TalesOfTribute/Tests/Tests.csproj]
/home/maras/Desktop/TalesOfTribute/Tests/AI/TalesOfTributeGameTests.cs(223,62): error CS1950: The best overloaded Add method 'List<Card>.Add(Card)' for the collection initializer has some invalid arguments [/home/maras/Desktop/TalesOfTribute/Tests/Tests.csproj]
/home/maras/Desktop/TalesOfTribute/Tests/AI/TalesOfTributeGameTests.cs(223,62): error CS1503: Argument 1: cannot convert from 'TalesOfTribute.Board.Cards.UniqueCard' to 'Card' [/home/maras/Desktop/TalesOfTribute/Tests/Tests.csproj]
/home/maras/Desktop/TalesOfTribute/Tests/AI/TalesOfTributeGameTests.cs(224,51): error CS1503: Argument 1: cannot convert from 'TalesOfTribute.Patron' to 'TalesOfTribute.PatronId' [/home/maras/Desktop/TalesOfTribute/Tests/Tests.csproj]
/home/maras/Desktop/TalesOfTribute/Tests/AI/TalesOfTributeGameTests.cs(225,40): error CS1729: 'ExecutionChain' does not contain a constructor that takes 3 arguments [/home/maras/Desktop/TalesOfTribute/Tests/Tests.csproj]
/home/maras/Desktop/TalesOfTribute/Tests/AI/TalesOfTributeGameTests.cs(226,34): error CS1660: Cannot convert lambda expression to type 'UniqueBaseEffect' because it is not a delegate type [/home/maras/Desktop/TalesOfTribute/Tests/Tests.csproj]
/home/maras/Desktop/TalesOfTribute/Tests/AI/TalesOfTributeGameTests.cs(227,32): error CS0308: The non-generic type 'Choice' cannot be used with type arguments [/home/maras/Desktop/TalesOfTribute/Tests/Tests.csproj]
/home/maras/Desktop/TalesOfTribute/Tests/AI/TalesOfTributeGameTests.cs(227,39): error CS0246: The type or namespace name 'Card' could not be found (are you missing a using directive or an assembly reference?) [/home/maras/Desktop/TalesOfTribute/Tests/Tests.csproj]
/home/maras/Desktop/TalesOfTribute/Tests/AI/TalesOfTributeGameTests.cs(227,54): error CS0246: The type or namespace name 'Card' could not be found (are you missing a using directive or an assembly reference?) [/home/maras/Desktop/TalesOfTribute/Tests/Tests.csproj]
/home/maras/Desktop/TalesOfTribute/Tests/AI/TalesOfTributeGameTests.cs(227,62): error CS1950: The best overloaded Add method 'List<Card>.Add(Card)' for the collection initializer has some invalid arguments [/home/maras/Desktop/TalesOfTribute/Tests/Tests.csproj]
/home/maras/Desktop/TalesOfTribute/Tests/AI/TalesOfTributeGameTests.cs(227,62): error CS1503: Argument 1: cannot convert from 'TalesOfTribute.Board.Cards.UniqueCard' to 'Card' [/home/maras/Desktop/TalesOfTribute/Tests/Tests.csproj]
/home/maras/Desktop/TalesOfTribute/Tests/AI/TalesOfTributeGameTests.cs(228,51): error CS1503: Argument 1: cannot convert from 'TalesOfTribute.Patron' to 'TalesOfTribute.PatronId' [/home/maras/Desktop/TalesOfTribute/Tests/Tests.csproj]
/home/maras/Desktop/TalesOfTribute/Tests/AI/TalesOfTributeGameTests.cs(229,40): error CS1729: 'ExecutionChain' does not contain a constructor that takes 3 arguments [/home/maras/Desktop/TalesOfTribute/Tests/Tests.csproj]
/home/maras/Desktop/TalesOfTribute/Tests/AI/TalesOfTributeGameTests.cs(230,34): error CS1660: Cannot convert lambda expression to type 'UniqueBaseEffect' because it is not a delegate type [/home/maras/Desktop/TalesOfTribute/Tests/Tests.csproj]
/home/maras/Desktop/TalesOfTribute/Tests/AI/TalesOfTributeGameTests.cs(236,31): error CS1061: 'ITalesOfTributeApi' does not contain a definition for 'HandleStartOfTurnChoices' and no accessible extension method 'HandleStartOfTurnChoices' accepting a first argument of type 'ITalesOfTributeApi' could be found (are you missing a using directive or an assembly reference?) [/home/maras/Desktop/TalesOfTribute/Tests/Tests.csproj]
/home/maras/Desktop/TalesOfTribute/Tests/AI/TalesOfTributeGameTests.cs(240,49): error CS0246: The type or namespace name 'Card' could not be found (are you missing a using directive or an assembly reference?) [/home/maras/Desktop/TalesOfTribute/Tests/Tests.csproj]
/home/maras/Desktop/TalesOfTribute/Tests/AI/TalesOfTributeGameTests.cs(243,47): error CS0246: The type or namespace name 'Card' could not be found (are you missing a using directive or an assembly reference?) [/home/maras/Desktop/TalesOfTribute/Tests/Tests.csproj]
/home/maras/Desktop/TalesOfTribute/Tests/AI/TalesOfTributeGameTests.cs(243,55): error CS1950: The best overloaded Add method 'List<Card>.Add(Card)' for the collection initializer has some invalid arguments [/home/maras/Desktop/TalesOfTribute/Tests/Tests.csproj]
/home/maras/Desktop/TalesOfTribute/Tests/AI/TalesOfTributeGameTests.cs(243,55): error CS1503: Argument 1: cannot convert from 'TalesOfTribute.Board.Cards.UniqueCard' to 'Card' [/home/maras/Desktop/TalesOfTribute/Tests/Tests.csproj]
/home/maras/Desktop/TalesOfTribute/Tests/AI/TalesOfTributeGameTests.cs(245,47): error CS0246: The type or namespace name 'Card' could not be found (are you missing a using directive or an assembly reference?) [/home/maras/Desktop/TalesOfTribute/Tests/Tests.csproj]
/home/maras/Desktop/TalesOfTribute/Tests/AI/TalesOfTributeGameTests.cs(245,55): error CS1950: The best overloaded Add method 'List<Card>.Add(Card)' for the collection initializer has some invalid arguments [/home/maras/Desktop/TalesOfTribute/Tests/Tests.csproj]
/home/maras/Desktop/TalesOfTribute/Tests/AI/TalesOfTributeGameTests.cs(245,55): error CS1503: Argument 1: cannot convert from 'TalesOfTribute.Board.Cards.UniqueCard' to 'Card' [/home/maras/Desktop/TalesOfTribute/Tests/Tests.csproj]
/home/maras/Desktop/TalesOfTribute/Tests/AI/TalesOfTributeGameTests.cs(249,49): error CS1061: 'Task<(EndGameState, SerializedBoard)>' does not contain a definition for 'Winner' and no accessible extension method 'Winner' accepting a first argument of type 'Task<(EndGameState, SerializedBoard)>' could be found (are you missing a using directive or an assembly reference?) [/home/maras/Desktop/TalesOfTribute/Tests/Tests.csproj]
/home/maras/Desktop/TalesOfTribute/Tests/AI/TalesOfTributeGameTests.cs(250,57): error CS1061: 'Task<(EndGameState, SerializedBoard)>' does not contain a definition for 'Reason' and no accessible extension method 'Reason' accepting a first argument of type 'Task<(EndGameState, SerializedBoard)>' could be found (are you missing a using directive or an assembly reference?) [/home/maras/Desktop/TalesOfTribute/Tests/Tests.csproj]
/home/maras/Desktop/TalesOfTribute/Tests/AI/TalesOfTributeGameTests.cs(259,32): error CS0308: The non-generic type 'Choice' cannot be used with type arguments [/home/maras/Desktop/TalesOfTribute/Tests/Tests.csproj]
/home/maras/Desktop/TalesOfTribute/Tests/AI/TalesOfTributeGameTests.cs(259,39): error CS0246: The type or namespace name 'Card' could not be found (are you missing a using directive or an assembly reference?) [/home/maras/Desktop/TalesOfTribute/Tests/Tests.csproj]
/home/maras/Desktop/TalesOfTribute/Tests/AI/TalesOfTributeGameTests.cs(259,54): error CS0246: The type or namespace name 'Card' could not be found (are you missing a using directive or an assembly reference?) [/home/maras/Desktop/TalesOfTribute/Tests/Tests.csproj]
/home/maras/Desktop/TalesOfTribute/Tests/AI/TalesOfTributeGameTests.cs(259,62): error CS1950: The best overloaded Add method 'List<Card>.Add(Card)' for the collection initializer has some invalid arguments [/home/maras/Desktop/TalesOfTribute/Tests/Tests.csproj]
/home/maras/Desktop/TalesOfTribute/Tests/AI/TalesOfTributeGameTests.cs(259,62): error CS1503: Argument 1: cannot convert from 'TalesOfTribute.Board.Cards.UniqueCard' to 'Card' [/home/maras/Desktop/TalesOfTribute/Tests/Tests.csproj]
/home/maras/Desktop/TalesOfTribute/Tests/AI/TalesOfTributeGameTests.cs(260,51): error CS1503: Argument 1: cannot convert from 'TalesOfTribute.Patron' to 'TalesOfTribute.PatronId' [/home/maras/Desktop/TalesOfTribute/Tests/Tests.csproj]
/home/maras/Desktop/TalesOfTribute/Tests/AI/TalesOfTributeGameTests.cs(261,30): error CS0308: The non-generic type 'Choice' cannot be used with type arguments [/home/maras/Desktop/TalesOfTribute/Tests/Tests.csproj]
/home/maras/Desktop/TalesOfTribute/Tests/AI/TalesOfTributeGameTests.cs(261,37): error CS0246: The type or namespace name 'EffectType' could not be found (are you missing a using directive or an assembly reference?) [/home/maras/Desktop/TalesOfTribute/Tests/Tests.csproj]
/home/maras/Desktop/TalesOfTribute/Tests/AI/TalesOfTributeGameTests.cs(261,58): error CS0246: The type or namespace name 'EffectType' could not be found (are you missing a using directive or an assembly reference?) [/home/maras/Desktop/TalesOfTribute/Tests/Tests.csproj]
/home/maras/Desktop/TalesOfTribute/Tests/AI/TalesOfTributeGameTests.cs(261,72): error CS0103: The name 'EffectType' does not exist in the current context [/home/maras/Desktop/TalesOfTribute/Tests/Tests.csproj]
/home/maras/Desktop/TalesOfTribute/Tests/AI/TalesOfTributeGameTests.cs(262,50): error CS1503: Argument 1: cannot convert from 'TalesOfTribute.Patron' to 'TalesOfTribute.PatronId' [/home/maras/Desktop/TalesOfTribute/Tests/Tests.csproj]
/home/maras/Desktop/TalesOfTribute/Tests/AI/TalesOfTributeGameTests.cs(263,39): error CS1729: 'ExecutionChain' does not contain a constructor that takes 3 arguments [/home/maras/Desktop/TalesOfTribute/Tests/Tests.csproj]
/home/maras/Desktop/TalesOfTribute/Tests/AI/TalesOfTributeGameTests.cs(264,33): error CS1660: Cannot convert lambda expression to type 'UniqueBaseEffect' because it is not a delegate type [/home/maras/Desktop/TalesOfTribute/Tests/Tests.csproj]
/home/maras/Desktop/TalesOfTribute/Tests/AI/TalesOfTributeGameTests.cs(270,31): error CS1061: 'ITalesOfTributeApi' does not contain a definition for 'HandleStartOfTurnChoices' and no accessible extension method 'HandleStartOfTurnChoices' accepting a first argument of type 'ITalesOfTributeApi' could be found (are you missing a using directive or an assembly reference?) [/home/maras/Desktop/TalesOfTribute/Tests/Tests.csproj]
/home/maras/Desktop/TalesOfTribute/Tests/AI/TalesOfTributeGameTests.cs(274,49): error CS0246: The type or namespace name 'Card' could not be found (are you missing a using directive or an assembly reference?) [/home/maras/Desktop/TalesOfTribute/Tests/Tests.csproj]
/home/maras/Desktop/TalesOfTribute/Tests/AI/TalesOfTributeGameTests.cs(278,47): error CS0246: The type or namespace name 'EffectType' could not be found (are you missing a using directive or an assembly reference?) [/home/maras/Desktop/TalesOfTribute/Tests/Tests.csproj]
/home/maras/Desktop/TalesOfTribute/Tests/AI/TalesOfTributeGameTests.cs(278,61): error CS0103: The name 'EffectType' does not exist in the current context [/home/maras/Desktop/TalesOfTribute/Tests/Tests.csproj]
/home/maras/Desktop/TalesOfTribute/Tests/AI/TalesOfTributeGameTests.cs(279,47): error CS0246: The type or namespace name 'Card' could not be found (are you missing a using directive or an assembly reference?) [/home/maras/Desktop/TalesOfTribute/Tests/Tests.csproj]
/home/maras/Desktop/TalesOfTribute/Tests/AI/TalesOfTributeGameTests.cs(279,55): error CS1950: The best overloaded Add method 'List<Card>.Add(Card)' for the collection initializer has some invalid arguments [/home/maras/Desktop/TalesOfTribute/Tests/Tests.csproj]
/home/maras/Desktop/TalesOfTribute/Tests/AI/TalesOfTributeGameTests.cs(279,55): error CS1503: Argument 1: cannot convert from 'TalesOfTribute.Board.Cards.UniqueCard' to 'Card' [/home/maras/Desktop/TalesOfTribute/Tests/Tests.csproj]
/home/maras/Desktop/TalesOfTribute/Tests/AI/TalesOfTributeGameTests.cs(283,49): error CS1061: 'Task<(EndGameState, SerializedBoard)>' does not contain a definition for 'Winner' and no accessible extension method 'Winner' accepting a first argument of type 'Task<(EndGameState, SerializedBoard)>' could be found (are you missing a using directive or an assembly reference?) [/home/maras/Desktop/TalesOfTribute/Tests/Tests.csproj]
/home/maras/Desktop/TalesOfTribute/Tests/AI/TalesOfTributeGameTests.cs(284,57): error CS1061: 'Task<(EndGameState, SerializedBoard)>' does not contain a definition for 'Reason' and no accessible extension method 'Reason' accepting a first argument of type 'Task<(EndGameState, SerializedBoard)>' could be found (are you missing a using directive or an assembly reference?) [/home/maras/Desktop/TalesOfTribute/Tests/Tests.csproj]
/home/maras/Desktop/TalesOfTribute/Tests/AI/TalesOfTributeGameTests.cs(293,32): error CS0308: The non-generic type 'Choice' cannot be used with type arguments [/home/maras/Desktop/TalesOfTribute/Tests/Tests.csproj]
/home/maras/Desktop/TalesOfTribute/Tests/AI/TalesOfTributeGameTests.cs(293,39): error CS0246: The type or namespace name 'Card' could not be found (are you missing a using directive or an assembly reference?) [/home/maras/Desktop/TalesOfTribute/Tests/Tests.csproj]
/home/maras/Desktop/TalesOfTribute/Tests/AI/TalesOfTributeGameTests.cs(293,54): error CS0246: The type or namespace name 'Card' could not be found (are you missing a using directive or an assembly reference?) [/home/maras/Desktop/TalesOfTribute/Tests/Tests.csproj]
/home/maras/Desktop/TalesOfTribute/Tests/AI/TalesOfTributeGameTests.cs(293,62): error CS1950: The best overloaded Add method 'List<Card>.Add(Card)' for the collection initializer has some invalid arguments [/home/maras/Desktop/TalesOfTribute/Tests/Tests.csproj]
/home/maras/Desktop/TalesOfTribute/Tests/AI/TalesOfTributeGameTests.cs(293,62): error CS1503: Argument 1: cannot convert from 'TalesOfTribute.Board.Cards.UniqueCard' to 'Card' [/home/maras/Desktop/TalesOfTribute/Tests/Tests.csproj]
/home/maras/Desktop/TalesOfTribute/Tests/AI/TalesOfTributeGameTests.cs(294,51): error CS1503: Argument 1: cannot convert from 'TalesOfTribute.Patron' to 'TalesOfTribute.PatronId' [/home/maras/Desktop/TalesOfTribute/Tests/Tests.csproj]
/home/maras/Desktop/TalesOfTribute/Tests/AI/TalesOfTributeGameTests.cs(295,30): error CS0308: The non-generic type 'Choice' cannot be used with type arguments [/home/maras/Desktop/TalesOfTribute/Tests/Tests.csproj]
/home/maras/Desktop/TalesOfTribute/Tests/AI/TalesOfTributeGameTests.cs(295,37): error CS0246: The type or namespace name 'EffectType' could not be found (are you missing a using directive or an assembly reference?) [/home/maras/Desktop/TalesOfTribute/Tests/Tests.csproj]
/home/maras/Desktop/TalesOfTribute/Tests/AI/TalesOfTributeGameTests.cs(295,58): error CS0246: The type or namespace name 'EffectType' could not be found (are you missing a using directive or an assembly reference?) [/home/maras/Desktop/TalesOfTribute/Tests/Tests.csproj]
/home/maras/Desktop/TalesOfTribute/Tests/AI/TalesOfTributeGameTests.cs(295,72): error CS0103: The name 'EffectType' does not exist in the current context [/home/maras/Desktop/TalesOfTribute/Tests/Tests.csproj]
/home/maras/Desktop/TalesOfTribute/Tests/AI/TalesOfTributeGameTests.cs(296,50): error CS1503: Argument 1: cannot convert from 'TalesOfTribute.Patron' to 'TalesOfTribute.PatronId' [/home/maras/Desktop/TalesOfTribute/Tests/Tests.csproj]
/home/maras/Desktop/TalesOfTribute/Tests/AI/TalesOfTributeGameTests.cs(297,39): error CS1729: 'ExecutionChain' does not contain a constructor that takes 3 arguments [/home/maras/Desktop/TalesOfTribute/Tests/Tests.csproj]
/home/maras/Desktop/TalesOfTribute/Tests/AI/TalesOfTributeGameTests.cs(298,33): error CS1660: Cannot convert lambda expression to type 'UniqueBaseEffect' because it is not a delegate type [/home/maras/Desktop/TalesOfTribute/Tests/Tests.csproj]
/home/maras/Desktop/TalesOfTribute/Tests/AI/TalesOfTributeGameTests.cs(304,31): error CS1061: 'ITalesOfTributeApi' does not contain a definition for 'HandleStartOfTurnChoices' and no accessible extension method 'HandleStartOfTurnChoices' accepting a first argument of type 'ITalesOfTributeApi' could be found (are you missing a using directive or an assembly reference?) [/home/maras/Desktop/TalesOfTribute/Tests/Tests.csproj]
/home/maras/Desktop/TalesOfTribute/Tests/AI/TalesOfTributeGameTests.cs(310,44): error CS0246: The type or namespace name 'Card' could not be found (are you missing a using directive or an assembly reference?) [/home/maras/Desktop/TalesOfTribute/Tests/Tests.csproj]
/home/maras/Desktop/TalesOfTribute/Tests/AI/TalesOfTributeGameTests.cs(310,52): error CS1950: The best overloaded Add method 'List<Card>.Add(Card)' for the collection initializer has some invalid arguments [/home/maras/Desktop/TalesOfTribute/Tests/Tests.csproj]
/home/maras/Desktop/TalesOfTribute/Tests/AI/TalesOfTributeGameTests.cs(310,52): error CS1503: Argument 1: cannot convert from 'TalesOfTribute.Board.Cards.UniqueCard' to 'Card' [/home/maras/Desktop/TalesOfTribute/Tests/Tests.csproj]
/home/maras/Desktop/TalesOfTribute/Tests/AI/TalesOfTributeGameTests.cs(312,9): error CS0619: 'Assert.Throws<T>(Func<Task>)' is obsolete: 'You must call Assert.ThrowsAsync<T> (and await the result) when testing async code.' [/home/maras/Desktop/TalesOfTribute/Tests/Tests.csproj]
/home/maras/Desktop/TalesOfTribute/Tests/AI/TalesOfTributeGameTests.cs(321,32): error CS0308: The non-generic type 'Choice' cannot be used with type arguments [/home/maras/Desktop/TalesOfTribute/Tests/Tests.csproj]
/home/maras/Desktop/TalesOfTribute/Tests/AI/TalesOfTributeGameTests.cs(321,39): error CS0246: The type or namespace name 'Card' could not be found (are you missing a using directive or an assembly reference?) [/home/maras/Desktop/TalesOfTribute/Tests/Tests.csproj]
/home/maras/Desktop/TalesOfTribute/Tests/AI/TalesOfTributeGameTests.cs(321,54): error CS0246: The type or namespace name 'Card' could not be found (are you missing a using directive or an assembly reference?) [/home/maras/Desktop/TalesOfTribute/Tests/Tests.csproj]
/home/maras/Desktop/TalesOfTribute/Tests/AI/TalesOfTributeGameTests.cs(321,62): error CS1950: The best overloaded Add method 'List<Card>.Add(Card)' for the collection initializer has some invalid arguments [/home/maras/Desktop/TalesOfTribute/Tests/Tests.csproj]
/home/maras/Desktop/TalesOfTribute/Tests/AI/TalesOfTributeGameTests.cs(321,62): error CS1503: Argument 1: cannot convert from 'TalesOfTribute.Board.Cards.UniqueCard' to 'Card' [/home/maras/Desktop/TalesOfTribute/Tests/Tests.csproj]
/home/maras/Desktop/TalesOfTribute/Tests/AI/TalesOfTributeGameTests.cs(322,51): error CS1503: Argument 1: cannot convert from 'TalesOfTribute.Patron' to 'TalesOfTribute.PatronId' [/home/maras/Desktop/TalesOfTribute/Tests/Tests.csproj]
/home/maras/Desktop/TalesOfTribute/Tests/AI/TalesOfTributeGameTests.cs(323,30): error CS0308: The non-generic type 'Choice' cannot be used with type arguments [/home/maras/Desktop/TalesOfTribute/Tests/Tests.csproj]
/home/maras/Desktop/TalesOfTribute/Tests/AI/TalesOfTributeGameTests.cs(323,37): error CS0246: The type or namespace name 'EffectType' could not be found (are you missing a using directive or an assembly reference?) [/home/maras/Desktop/TalesOfTribute/Tests/Tests.csproj]
/home/maras/Desktop/TalesOfTribute/Tests/AI/TalesOfTributeGameTests.cs(323,58): error CS0246: The type or namespace name 'EffectType' could not be found (are you missing a using directive or an assembly reference?) [/home/maras/Desktop/TalesOfTribute/Tests/Tests.csproj]
/home/maras/Desktop/TalesOfTribute/Tests/AI/TalesOfTributeGameTests.cs(323,72): error CS0103: The name 'EffectType' does not exist in the current context [/home/maras/Desktop/TalesOfTribute/Tests/Tests.csproj]
/home/maras/Desktop/TalesOfTribute/Tests/AI/TalesOfTributeGameTests.cs(324,50): error CS1503: Argument 1: cannot convert from 'TalesOfTribute.Patron' to 'TalesOfTribute.PatronId' [/home/maras/Desktop/TalesOfTribute/Tests/Tests.csproj]
/home/maras/Desktop/TalesOfTribute/Tests/AI/TalesOfTributeGameTests.cs(325,39): error CS1729: 'ExecutionChain' does not contain a constructor that takes 3 arguments [/home/maras/Desktop/TalesOfTribute/Tests/Tests.csproj]
/home/maras/Desktop/TalesOfTribute/Tests/AI/TalesOfTributeGameTests.cs(326,33): error CS1660: Cannot convert lambda expression to type 'UniqueBaseEffect' because it is not a delegate type [/home/maras/Desktop/TalesOfTribute/Tests/Tests.csproj]
/home/maras/Desktop/TalesOfTribute/Tests/AI/TalesOfTributeGameTests.cs(332,31): error CS1061: 'ITalesOfTributeApi' does not contain a definition for 'HandleStartOfTurnChoices' and no accessible extension method 'HandleStartOfTurnChoices' accepting a first argument of type 'ITalesOfTributeApi' could be found (are you missing a using directive or an assembly reference?) [/home/maras/Desktop/TalesOfTribute/Tests/Tests.csproj]
/home/maras/Desktop/TalesOfTribute/Tests/AI/TalesOfTributeGameTests.cs(336,49): error CS0246: The type or namespace name 'Card' could not be found (are you missing a using directive or an assembly reference?) [/home/maras/Desktop/TalesOfTribute/Tests/Tests.csproj]
/home/maras/Desktop/TalesOfTribute/Tests/AI/TalesOfTributeGameTests.cs(344,47): error CS0246: The type or namespace name 'EffectType' could not be found (are you missing a using directive or an assembly reference?) [/home/maras/Desktop/TalesOfTribute/Tests/Tests.csproj]
/home/maras/Desktop/TalesOfTribute/Tests/AI/TalesOfTributeGameTests.cs(344,61): error CS0103: The name 'EffectType' does not exist in the current context [/home/maras/Desktop/TalesOfTribute/Tests/Tests.csproj]
/home/maras/Desktop/TalesOfTribute/Tests/AI/TalesOfTributeGameTests.cs(345,47): error CS0246: The type or namespace name 'Card' could not be found (are you missing a using directive or an assembly reference?) [/home/maras/Desktop/TalesOfTribute/Tests/Tests.csproj]
/home/maras/Desktop/TalesOfTribute/Tests/AI/TalesOfTributeGameTests.cs(345,55): error CS1950: The best overloaded Add method 'List<Card>.Add(Card)' for the collection initializer has some invalid arguments [/home/maras/Desktop/TalesOfTribute/Tests/Tests.csproj]
/home/maras/Desktop/TalesOfTribute/Tests/AI/TalesOfTributeGameTests.cs(345,55): error CS1503: Argument 1: cannot convert from 'TalesOfTribute.Board.Cards.UniqueCard' to 'Card' [/home/maras/Desktop/TalesOfTribute/Tests/Tests.csproj]
/home/maras/Desktop/TalesOfTribute/Tests/AI/TalesOfTributeGameTests.cs(348,49): error CS1061: 'Task<(EndGameState, SerializedBoard)>' does not contain a definition for 'Winner' and no accessible extension method 'Winner' accepting a first argument of type 'Task<(EndGameState, SerializedBoard)>' could be found (are you missing a using directive or an assembly reference?) [/home/maras/Desktop/TalesOfTribute/Tests/Tests.csproj]
/home/maras/Desktop/TalesOfTribute/Tests/AI/TalesOfTributeGameTests.cs(349,59): error CS1061: 'Task<(EndGameState, SerializedBoard)>' does not contain a definition for 'Reason' and no accessible extension method 'Reason' accepting a first argument of type 'Task<(EndGameState, SerializedBoard)>' could be found (are you missing a using directive or an assembly reference?) [/home/maras/Desktop/TalesOfTribute/Tests/Tests.csproj]
/home/maras/Desktop/TalesOfTribute/Tests/AI/TalesOfTributeGameTests.cs(358,32): error CS0308: The non-generic type 'Choice' cannot be used with type arguments [/home/maras/Desktop/TalesOfTribute/Tests/Tests.csproj]
/home/maras/Desktop/TalesOfTribute/Tests/AI/TalesOfTributeGameTests.cs(358,39): error CS0246: The type or namespace name 'Card' could not be found (are you missing a using directive or an assembly reference?) [/home/maras/Desktop/TalesOfTribute/Tests/Tests.csproj]
/home/maras/Desktop/TalesOfTribute/Tests/AI/TalesOfTributeGameTests.cs(358,54): error CS0246: The type or namespace name 'Card' could not be found (are you missing a using directive or an assembly reference?) [/home/maras/Desktop/TalesOfTribute/Tests/Tests.csproj]
/home/maras/Desktop/TalesOfTribute/Tests/AI/TalesOfTributeGameTests.cs(358,62): error CS1950: The best overloaded Add method 'List<Card>.Add(Card)' for the collection initializer has some invalid arguments [/home/maras/Desktop/TalesOfTribute/Tests/Tests.csproj]
/home/maras/Desktop/TalesOfTribute/Tests/AI/TalesOfTributeGameTests.cs(358,62): error CS1503: Argument 1: cannot convert from 'TalesOfTribute.Board.Cards.UniqueCard' to 'Card' [/home/maras/Desktop/TalesOfTribute/Tests/Tests.csproj]
/home/maras/Desktop/TalesOfTribute/Tests/AI/TalesOfTributeGameTests.cs(359,51): error CS1503: Argument 1: cannot convert from 'TalesOfTribute.Patron' to 'TalesOfTribute.PatronId' [/home/maras/Desktop/TalesOfTribute/Tests/Tests.csproj]
/home/maras/Desktop/TalesOfTribute/Tests/AI/TalesOfTributeGameTests.cs(360,30): error CS0308: The non-generic type 'Choice' cannot be used with type arguments [/home/maras/Desktop/TalesOfTribute/Tests/Tests.csproj]
/home/maras/Desktop/TalesOfTribute/Tests/AI/TalesOfTributeGameTests.cs(360,37): error CS0246: The type or namespace name 'EffectType' could not be found (are you missing a using directive or an assembly reference?) [/home/maras/Desktop/TalesOfTribute/Tests/Tests.csproj]
/home/maras/Desktop/TalesOfTribute/Tests/AI/TalesOfTributeGameTests.cs(360,58): error CS0246: The type or namespace name 'EffectType' could not be found (are you missing a using directive or an assembly reference?) [/home/maras/Desktop/TalesOfTribute/Tests/Tests.csproj]
/home/maras/Desktop/TalesOfTribute/Tests/AI/TalesOfTributeGameTests.cs(360,72): error CS0103: The name 'EffectType' does not exist in the current context [/home/maras/Desktop/TalesOfTribute/Tests/Tests.csproj]
/home/maras/Desktop/TalesOfTribute/Tests/AI/TalesOfTributeGameTests.cs(361,51): error CS1503: Argument 1: cannot convert from 'TalesOfTribute.Patron' to 'TalesOfTribute.PatronId' [/home/maras/Desktop/TalesOfTribute/Tests/Tests.csproj]
/home/maras/Desktop/TalesOfTribute/Tests/AI/TalesOfTributeGameTests.cs(362,39): error CS1729: 'ExecutionChain' does not contain a constructor that takes 3 arguments [/home/maras/Desktop/TalesOfTribute/Tests/Tests.csproj]
/home/maras/Desktop/TalesOfTribute/Tests/AI/TalesOfTributeGameTests.cs(363,33): error CS1660: Cannot convert lambda expression to type 'UniqueBaseEffect' because it is not a delegate type [/home/maras/Desktop/TalesOfTribute/Tests/Tests.csproj]
/home/maras/Desktop/TalesOfTribute/Tests/AI/TalesOfTributeGameTests.cs(364,33): error CS1660: Cannot convert lambda expression to type 'UniqueBaseEffect' because it is not a delegate type [/home/maras/Desktop/TalesOfTribute/Tests/Tests.csproj]
/home/maras/Desktop/TalesOfTribute/Tests/AI/TalesOfTributeGameTests.cs(365,33): error CS1660: Cannot convert lambda expression to type 'UniqueBaseEffect' because it is not a delegate type [/home/maras/Desktop/TalesOfTribute/Tests/Tests.csproj]
/home/maras/Desktop/TalesOfTribute/Tests/AI/TalesOfTributeGameTests.cs(371,31): error CS1061: 'ITalesOfTributeApi' does not contain a definition for 'HandleStartOfTurnChoices' and no accessible extension method 'HandleStartOfTurnChoices' accepting a first argument of type 'ITalesOfTributeApi' could be found (are you missing a using directive or an assembly reference?) [/home/maras/Desktop/TalesOfTribute/Tests/Tests.csproj]
/home/maras/Desktop/TalesOfTribute/Tests/AI/TalesOfTributeGameTests.cs(375,49): error CS0246: The type or namespace name 'Card' could not be found (are you missing a using directive or an assembly reference?) [/home/maras/Desktop/TalesOfTribute/Tests/Tests.csproj]
/home/maras/Desktop/TalesOfTribute/Tests/AI/TalesOfTributeGameTests.cs(379,47): error CS0246: The type or namespace name 'EffectType' could not be found (are you missing a using directive or an assembly reference?) [/home/maras/Desktop/TalesOfTribute/Tests/Tests.csproj]
/home/maras/Desktop/TalesOfTribute/Tests/AI/TalesOfTributeGameTests.cs(379,61): error CS0103: The name 'EffectType' does not exist in the current context [/home/maras/Desktop/TalesOfTribute/Tests/Tests.csproj]
/home/maras/Desktop/TalesOfTribute/Tests/AI/TalesOfTributeGameTests.cs(380,47): error CS0246: The type or namespace name 'Card' could not be found (are you missing a using directive or an assembly reference?) [/home/maras/Desktop/TalesOfTribute/Tests/Tests.csproj]
/home/maras/Desktop/TalesOfTribute/Tests/AI/TalesOfTributeGameTests.cs(380,55): error CS1950: The best overloaded Add method 'List<Card>.Add(Card)' for the collection initializer has some invalid arguments [/home/maras/Desktop/TalesOfTribute/Tests/Tests.csproj]
/home/maras/Desktop/TalesOfTribute/Tests/AI/TalesOfTributeGameTests.cs(380,55): error CS1503: Argument 1: cannot convert from 'TalesOfTribute.Board.Cards.UniqueCard' to 'Card' [/home/maras/Desktop/TalesOfTribute/Tests/Tests.csproj]
/home/maras/Desktop/TalesOfTribute/Tests/AI/TalesOfTributeGameTests.cs(384,49): error CS1061: 'Task<(EndGameState, SerializedBoard)>' does not contain a definition for 'Winner' and no accessible extension method 'Winner' accepting a first argument of type 'Task<(EndGameState, SerializedBoard)>' could be found (are you missing a using directive or an assembly reference?) [/home/maras/Desktop/TalesOfTribute/Tests/Tests.csproj]
/home/maras/Desktop/TalesOfTribute/Tests/AI/TalesOfTributeGameTests.cs(385,57): error CS1061: 'Task<(EndGameState, SerializedBoard)>' does not contain a definition for 'Reason' and no accessible extension method 'Reason' accepting a first argument of type 'Task<(EndGameState, SerializedBoard)>' could be found (are you missing a using directive or an assembly reference?) [/home/maras/Desktop/TalesOfTribute/Tests/Tests.csproj]
/home/maras/Desktop/TalesOfTribute/Tests/AI/TalesOfTributeGameTests.cs(394,32): error CS0308: The non-generic type 'Choice' cannot be used with type arguments [/home/maras/Desktop/TalesOfTribute/Tests/Tests.csproj]
/home/maras/Desktop/TalesOfTribute/Tests/AI/TalesOfTributeGameTests.cs(394,39): error CS0246: The type or namespace name 'Card' could not be found (are you missing a using directive or an assembly reference?) [/home/maras/Desktop/TalesOfTribute/Tests/Tests.csproj]
/home/maras/Desktop/TalesOfTribute/Tests/AI/TalesOfTributeGameTests.cs(394,54): error CS0246: The type or namespace name 'Card' could not be found (are you missing a using directive or an assembly reference?) [/home/maras/Desktop/TalesOfTribute/Tests/Tests.csproj]
/home/maras/Desktop/TalesOfTribute/Tests/AI/TalesOfTributeGameTests.cs(394,62): error CS1950: The best overloaded Add method 'List<Card>.Add(Card)' for the collection initializer has some invalid arguments [/home/maras/Desktop/TalesOfTribute/Tests/Tests.csproj]
/home/maras/Desktop/TalesOfTribute/Tests/AI/TalesOfTributeGameTests.cs(394,62): error CS1503: Argument 1: cannot convert from 'TalesOfTribute.Board.Cards.UniqueCard' to 'Card' [/home/maras/Desktop/TalesOfTribute/Tests/Tests.csproj]
/home/maras/Desktop/TalesOfTribute/Tests/AI/TalesOfTributeGameTests.cs(395,51): error CS1503: Argument 1: cannot convert from 'TalesOfTribute.Patron' to 'TalesOfTribute.PatronId' [/home/maras/Desktop/TalesOfTribute/Tests/Tests.csproj]
/home/maras/Desktop/TalesOfTribute/Tests/AI/TalesOfTributeGameTests.cs(396,30): error CS0308: The non-generic type 'Choice' cannot be used with type arguments [/home/maras/Desktop/TalesOfTribute/Tests/Tests.csproj]
/home/maras/Desktop/TalesOfTribute/Tests/AI/TalesOfTributeGameTests.cs(396,37): error CS0246: The type or namespace name 'EffectType' could not be found (are you missing a using directive or an assembly reference?) [/home/maras/Desktop/TalesOfTribute/Tests/Tests.csproj]
/home/maras/Desktop/TalesOfTribute/Tests/AI/TalesOfTributeGameTests.cs(396,58): error CS0246: The type or namespace name 'EffectType' could not be found (are you missing a using directive or an assembly reference?) [/home/maras/Desktop/TalesOfTribute/Tests/Tests.csproj]
/home/maras/Desktop/TalesOfTribute/Tests/AI/TalesOfTributeGameTests.cs(396,72): error CS0103: The name 'EffectType' does not exist in the current context [/home/maras/Desktop/TalesOfTribute/Tests/Tests.csproj]
/home/maras/Desktop/TalesOfTribute/Tests/AI/TalesOfTributeGameTests.cs(397,51): error CS1503: Argument 1: cannot convert from 'TalesOfTribute.Patron' to 'TalesOfTribute.PatronId' [/home/maras/Desktop/TalesOfTribute/Tests/Tests.csproj]
/home/maras/Desktop/TalesOfTribute/Tests/AI/TalesOfTributeGameTests.cs(398,39): error CS1729: 'ExecutionChain' does not contain a constructor that takes 3 arguments [/home/maras/Desktop/TalesOfTribute/Tests/Tests.csproj]
/home/maras/Desktop/TalesOfTribute/Tests/AI/TalesOfTributeGameTests.cs(399,33): error CS1660: Cannot convert lambda expression to type 'UniqueBaseEffect' because it is not a delegate type [/home/maras/Desktop/TalesOfTribute/Tests/Tests.csproj]
/home/maras/Desktop/TalesOfTribute/Tests/AI/TalesOfTributeGameTests.cs(400,33): error CS1660: Cannot convert lambda expression to type 'UniqueBaseEffect' because it is not a delegate type [/home/maras/Desktop/TalesOfTribute/Tests/Tests.csproj]
/home/maras/Desktop/TalesOfTribute/Tests/AI/TalesOfTributeGameTests.cs(401,33): error CS1660: Cannot convert lambda expression to type 'UniqueBaseEffect' because it is not a delegate type [/home/maras/Desktop/TalesOfTribute/Tests/Tests.csproj]
/home/maras/Desktop/TalesOfTribute/Tests/AI/TalesOfTributeGameTests.cs(407,31): error CS1061: 'ITalesOfTributeApi' does not contain a definition for 'HandleStartOfTurnChoices' and no accessible extension method 'HandleStartOfTurnChoices' accepting a first argument of type 'ITalesOfTributeApi' could be found (are you missing a using directive or an assembly reference?) [/home/maras/Desktop/TalesOfTribute/Tests/Tests.csproj]
/home/maras/Desktop/TalesOfTribute/Tests/AI/TalesOfTributeGameTests.cs(411,49): error CS0246: The type or namespace name 'Card' could not be found (are you missing a using directive or an assembly reference?) [/home/maras/Desktop/TalesOfTribute/Tests/Tests.csproj]
/home/maras/Desktop/TalesOfTribute/Tests/AI/TalesOfTributeGameTests.cs(415,47): error CS0246: The type or namespace name 'EffectType' could not be found (are you missing a using directive or an assembly reference?) [/home/maras/Desktop/TalesOfTribute/Tests/Tests.csproj]
/home/maras/Desktop/TalesOfTribute/Tests/AI/TalesOfTributeGameTests.cs(415,61): error CS0103: The name 'EffectType' does not exist in the current context [/home/maras/Desktop/TalesOfTribute/Tests/Tests.csproj]
/home/maras/Desktop/TalesOfTribute/Tests/AI/TalesOfTributeGameTests.cs(416,47): error CS0246: The type or namespace name 'Card' could not be found (are you missing a using directive or an assembly reference?) [/home/maras/Desktop/TalesOfTribute/Tests/Tests.csproj]
/home/maras/Desktop/TalesOfTribute/Tests/AI/TalesOfTributeGameTests.cs(416,55): error CS1950: The best overloaded Add method 'List<Card>.Add(Card)' for the collection initializer has some invalid arguments [/home/maras/Desktop/TalesOfTribute/Tests/Tests.csproj]
/home/maras/Desktop/TalesOfTribute/Tests/AI/TalesOfTributeGameTests.cs(416,55): error CS1503: Argument 1: cannot convert from 'TalesOfTribute.Board.Cards.UniqueCard' to 'Card' [/home/maras/Desktop/TalesOfTribute/Tests/Tests.csproj]
/home/maras/Desktop/TalesOfTribute/Tests/AI/TalesOfTributeGameTests.cs(420,49): error CS1061: 'Task<(EndGameState, SerializedBoard)>' does not contain a definition for 'Winner' and no accessible extension method 'Winner' accepting a first argument of type 'Task<(EndGameState, SerializedBoard)>' could be found (are you missing a using directive or an assembly reference?) [/home/maras/Desktop/TalesOfTribute/Tests/Tests.csproj]
/home/maras/Desktop/TalesOfTribute/Tests/AI/TalesOfTributeGameTests.cs(421,59): error CS1061: 'Task<(EndGameState, SerializedBoard)>' does not contain a definition for 'Reason' and no accessible extension method 'Reason' accepting a first argument of type 'Task<(EndGameState, SerializedBoard)>' could be found (are you missing a using directive or an assembly reference?) [/home/maras/Desktop/TalesOfTribute/Tests/Tests.csproj]
/home/maras/Desktop/TalesOfTribute/Tests/AI/TalesOfTributeGameTests.cs(312,9): error xUnit2014: Do not use Assert.Throws() to check for asynchronously thrown exceptions. [/home/maras/Desktop/TalesOfTribute/Tests/Tests.csproj]

Passed!  - Failed:     0, Passed:     1, Skipped:     0, Total:     1, Duration: < 1 ms - ModuleTests.dll (net7.0)
